{"C:\\Users\\dessa\\Projects\\pt-practice-automation\\server\\server.js": {"path":"C:\\Users\\dessa\\Projects\\pt-practice-automation\\server\\server.js","statementMap":{"0":{"start":{"line":2,"column":0},"end":{"line":2,"column":27}},"1":{"start":{"line":9,"column":0},"end":{"line":9,"column":45}},"2":{"start":{"line":10,"column":0},"end":{"line":10,"column":51}},"3":{"start":{"line":11,"column":0},"end":{"line":11,"column":39}},"4":{"start":{"line":12,"column":0},"end":{"line":12,"column":49}},"5":{"start":{"line":13,"column":0},"end":{"line":13,"column":41}},"6":{"start":{"line":14,"column":0},"end":{"line":14,"column":51}},"7":{"start":{"line":15,"column":0},"end":{"line":15,"column":65}},"8":{"start":{"line":16,"column":0},"end":{"line":16,"column":86}},"9":{"start":{"line":19,"column":11},"end":{"line":19,"column":24}},"10":{"start":{"line":20,"column":13},"end":{"line":20,"column":28}},"11":{"start":{"line":21,"column":16},"end":{"line":21,"column":48}},"12":{"start":{"line":22,"column":0},"end":{"line":22,"column":59}},"13":{"start":{"line":23,"column":0},"end":{"line":25,"column":1}},"14":{"start":{"line":24,"column":2},"end":{"line":24,"column":71}},"15":{"start":{"line":36,"column":4},"end":{"line":36,"column":40}},"16":{"start":{"line":38,"column":21},"end":{"line":43,"column":1}},"17":{"start":{"line":45,"column":0},"end":{"line":45,"column":54}},"18":{"start":{"line":47,"column":16},"end":{"line":47,"column":34}},"19":{"start":{"line":48,"column":15},"end":{"line":48,"column":32}},"20":{"start":{"line":49,"column":13},"end":{"line":49,"column":28}},"21":{"start":{"line":50,"column":15},"end":{"line":50,"column":32}},"22":{"start":{"line":51,"column":15},"end":{"line":51,"column":32}},"23":{"start":{"line":52,"column":20},"end":{"line":52,"column":42}},"24":{"start":{"line":54,"column":0},"end":{"line":54,"column":56}},"25":{"start":{"line":55,"column":0},"end":{"line":55,"column":75}},"26":{"start":{"line":56,"column":0},"end":{"line":56,"column":87}},"27":{"start":{"line":59,"column":18},"end":{"line":59,"column":50}},"28":{"start":{"line":62,"column":19},"end":{"line":62,"column":47}},"29":{"start":{"line":63,"column":23},"end":{"line":63,"column":57}},"30":{"start":{"line":64,"column":20},"end":{"line":64,"column":50}},"31":{"start":{"line":65,"column":22},"end":{"line":65,"column":54}},"32":{"start":{"line":66,"column":21},"end":{"line":66,"column":52}},"33":{"start":{"line":67,"column":23},"end":{"line":67,"column":56}},"34":{"start":{"line":68,"column":26},"end":{"line":68,"column":61}},"35":{"start":{"line":69,"column":19},"end":{"line":69,"column":48}},"36":{"start":{"line":70,"column":32},"end":{"line":70,"column":74}},"37":{"start":{"line":71,"column":21},"end":{"line":71,"column":51}},"38":{"start":{"line":72,"column":33},"end":{"line":72,"column":75}},"39":{"start":{"line":75,"column":21},"end":{"line":75,"column":61}},"40":{"start":{"line":76,"column":20},"end":{"line":76,"column":59}},"41":{"start":{"line":79,"column":12},"end":{"line":79,"column":21}},"42":{"start":{"line":84,"column":2},"end":{"line":92,"column":3}},"43":{"start":{"line":85,"column":29},"end":{"line":85,"column":54}},"44":{"start":{"line":86,"column":19},"end":{"line":86,"column":37}},"45":{"start":{"line":87,"column":4},"end":{"line":87,"column":45}},"46":{"start":{"line":88,"column":4},"end":{"line":88,"column":73}},"47":{"start":{"line":89,"column":4},"end":{"line":89,"column":31}},"48":{"start":{"line":91,"column":4},"end":{"line":91,"column":58}},"49":{"start":{"line":95,"column":0},"end":{"line":95,"column":21}},"50":{"start":{"line":98,"column":0},"end":{"line":98,"column":41}},"51":{"start":{"line":99,"column":0},"end":{"line":99,"column":23}},"52":{"start":{"line":100,"column":0},"end":{"line":100,"column":26}},"53":{"start":{"line":101,"column":0},"end":{"line":101,"column":27}},"54":{"start":{"line":103,"column":0},"end":{"line":105,"column":1}},"55":{"start":{"line":104,"column":2},"end":{"line":104,"column":25}},"56":{"start":{"line":108,"column":0},"end":{"line":144,"column":1}},"57":{"start":{"line":109,"column":2},"end":{"line":142,"column":5}},"58":{"start":{"line":110,"column":4},"end":{"line":141,"column":5}},"59":{"start":{"line":111,"column":25},"end":{"line":111,"column":55}},"60":{"start":{"line":112,"column":30},"end":{"line":112,"column":87}},"61":{"start":{"line":114,"column":6},"end":{"line":116,"column":7}},"62":{"start":{"line":115,"column":8},"end":{"line":115,"column":61}},"63":{"start":{"line":118,"column":18},"end":{"line":118,"column":49}},"64":{"start":{"line":119,"column":29},"end":{"line":119,"column":62}},"65":{"start":{"line":121,"column":6},"end":{"line":124,"column":7}},"66":{"start":{"line":122,"column":8},"end":{"line":122,"column":64}},"67":{"start":{"line":123,"column":8},"end":{"line":123,"column":69}},"68":{"start":{"line":127,"column":6},"end":{"line":132,"column":7}},"69":{"start":{"line":128,"column":8},"end":{"line":128,"column":78}},"70":{"start":{"line":130,"column":8},"end":{"line":130,"column":79}},"71":{"start":{"line":131,"column":8},"end":{"line":131,"column":69}},"72":{"start":{"line":134,"column":30},"end":{"line":134,"column":51}},"73":{"start":{"line":135,"column":6},"end":{"line":135,"column":55}},"74":{"start":{"line":137,"column":6},"end":{"line":137,"column":35}},"75":{"start":{"line":139,"column":6},"end":{"line":139,"column":54}},"76":{"start":{"line":140,"column":6},"end":{"line":140,"column":53}},"77":{"start":{"line":143,"column":2},"end":{"line":143,"column":54}},"78":{"start":{"line":146,"column":0},"end":{"line":146,"column":41}},"79":{"start":{"line":147,"column":0},"end":{"line":147,"column":63}},"80":{"start":{"line":150,"column":0},"end":{"line":161,"column":3}},"81":{"start":{"line":151,"column":2},"end":{"line":151,"column":29}},"82":{"start":{"line":154,"column":2},"end":{"line":158,"column":3}},"83":{"start":{"line":155,"column":4},"end":{"line":155,"column":49}},"84":{"start":{"line":156,"column":4},"end":{"line":156,"column":51}},"85":{"start":{"line":157,"column":4},"end":{"line":157,"column":79}},"86":{"start":{"line":160,"column":2},"end":{"line":160,"column":9}},"87":{"start":{"line":164,"column":0},"end":{"line":172,"column":3}},"88":{"start":{"line":165,"column":2},"end":{"line":170,"column":5}},"89":{"start":{"line":166,"column":25},"end":{"line":166,"column":51}},"90":{"start":{"line":167,"column":4},"end":{"line":169,"column":5}},"91":{"start":{"line":168,"column":6},"end":{"line":168,"column":85}},"92":{"start":{"line":171,"column":2},"end":{"line":171,"column":9}},"93":{"start":{"line":175,"column":0},"end":{"line":175,"column":46}},"94":{"start":{"line":176,"column":0},"end":{"line":176,"column":64}},"95":{"start":{"line":177,"column":0},"end":{"line":177,"column":42}},"96":{"start":{"line":178,"column":0},"end":{"line":178,"column":41}},"97":{"start":{"line":179,"column":0},"end":{"line":179,"column":53}},"98":{"start":{"line":181,"column":0},"end":{"line":193,"column":3}},"99":{"start":{"line":182,"column":2},"end":{"line":192,"column":5}},"100":{"start":{"line":196,"column":0},"end":{"line":196,"column":65}},"101":{"start":{"line":199,"column":0},"end":{"line":199,"column":73}},"102":{"start":{"line":200,"column":0},"end":{"line":200,"column":33}},"103":{"start":{"line":201,"column":0},"end":{"line":201,"column":43}},"104":{"start":{"line":202,"column":0},"end":{"line":202,"column":36}},"105":{"start":{"line":203,"column":0},"end":{"line":203,"column":40}},"106":{"start":{"line":204,"column":0},"end":{"line":204,"column":38}},"107":{"start":{"line":205,"column":0},"end":{"line":205,"column":42}},"108":{"start":{"line":206,"column":0},"end":{"line":206,"column":47}},"109":{"start":{"line":207,"column":0},"end":{"line":207,"column":34}},"110":{"start":{"line":208,"column":0},"end":{"line":208,"column":47}},"111":{"start":{"line":209,"column":0},"end":{"line":209,"column":61}},"112":{"start":{"line":210,"column":0},"end":{"line":210,"column":33}},"113":{"start":{"line":211,"column":0},"end":{"line":211,"column":62}},"114":{"start":{"line":213,"column":0},"end":{"line":218,"column":1}},"115":{"start":{"line":214,"column":2},"end":{"line":214,"column":83}},"116":{"start":{"line":215,"column":2},"end":{"line":215,"column":72}},"117":{"start":{"line":217,"column":2},"end":{"line":217,"column":77}},"118":{"start":{"line":221,"column":0},"end":{"line":232,"column":1}},"119":{"start":{"line":222,"column":2},"end":{"line":222,"column":47}},"120":{"start":{"line":223,"column":2},"end":{"line":223,"column":75}},"121":{"start":{"line":224,"column":2},"end":{"line":224,"column":42}},"122":{"start":{"line":225,"column":2},"end":{"line":225,"column":49}},"123":{"start":{"line":226,"column":2},"end":{"line":226,"column":55}},"124":{"start":{"line":227,"column":2},"end":{"line":227,"column":57}},"125":{"start":{"line":228,"column":2},"end":{"line":228,"column":61}},"126":{"start":{"line":229,"column":2},"end":{"line":229,"column":63}},"127":{"start":{"line":231,"column":2},"end":{"line":231,"column":73}},"128":{"start":{"line":235,"column":0},"end":{"line":243,"column":1}},"129":{"start":{"line":236,"column":2},"end":{"line":236,"column":49}},"130":{"start":{"line":237,"column":2},"end":{"line":237,"column":73}},"131":{"start":{"line":238,"column":2},"end":{"line":238,"column":44}},"132":{"start":{"line":239,"column":2},"end":{"line":239,"column":48}},"133":{"start":{"line":240,"column":2},"end":{"line":240,"column":65}},"134":{"start":{"line":242,"column":2},"end":{"line":242,"column":74}},"135":{"start":{"line":246,"column":0},"end":{"line":253,"column":1}},"136":{"start":{"line":247,"column":2},"end":{"line":247,"column":55}},"137":{"start":{"line":249,"column":2},"end":{"line":249,"column":61}},"138":{"start":{"line":250,"column":2},"end":{"line":250,"column":61}},"139":{"start":{"line":252,"column":2},"end":{"line":252,"column":50}},"140":{"start":{"line":258,"column":0},"end":{"line":258,"column":74}},"141":{"start":{"line":259,"column":0},"end":{"line":259,"column":82}},"142":{"start":{"line":260,"column":0},"end":{"line":260,"column":57}},"143":{"start":{"line":262,"column":0},"end":{"line":287,"column":1}},"144":{"start":{"line":263,"column":2},"end":{"line":263,"column":91}},"145":{"start":{"line":264,"column":2},"end":{"line":283,"column":3}},"146":{"start":{"line":265,"column":4},"end":{"line":265,"column":65}},"147":{"start":{"line":266,"column":31},"end":{"line":266,"column":94}},"148":{"start":{"line":267,"column":4},"end":{"line":267,"column":85}},"149":{"start":{"line":270,"column":4},"end":{"line":270,"column":40}},"150":{"start":{"line":272,"column":4},"end":{"line":272,"column":62}},"151":{"start":{"line":273,"column":4},"end":{"line":273,"column":56}},"152":{"start":{"line":274,"column":4},"end":{"line":274,"column":54}},"153":{"start":{"line":275,"column":4},"end":{"line":275,"column":56}},"154":{"start":{"line":276,"column":4},"end":{"line":276,"column":60}},"155":{"start":{"line":277,"column":4},"end":{"line":277,"column":68}},"156":{"start":{"line":278,"column":4},"end":{"line":278,"column":64}},"157":{"start":{"line":281,"column":4},"end":{"line":281,"column":72}},"158":{"start":{"line":282,"column":4},"end":{"line":282,"column":52}},"159":{"start":{"line":285,"column":2},"end":{"line":285,"column":82}},"160":{"start":{"line":286,"column":2},"end":{"line":286,"column":100}},"161":{"start":{"line":292,"column":0},"end":{"line":299,"column":3}},"162":{"start":{"line":293,"column":2},"end":{"line":298,"column":5}},"163":{"start":{"line":301,"column":0},"end":{"line":317,"column":3}},"164":{"start":{"line":302,"column":2},"end":{"line":316,"column":3}},"165":{"start":{"line":303,"column":35},"end":{"line":303,"column":106}},"166":{"start":{"line":304,"column":4},"end":{"line":309,"column":7}},"167":{"start":{"line":308,"column":81},"end":{"line":308,"column":131}},"168":{"start":{"line":311,"column":4},"end":{"line":315,"column":7}},"169":{"start":{"line":320,"column":0},"end":{"line":347,"column":3}},"170":{"start":{"line":321,"column":17},"end":{"line":321,"column":19}},"171":{"start":{"line":323,"column":2},"end":{"line":340,"column":5}},"172":{"start":{"line":324,"column":4},"end":{"line":339,"column":5}},"173":{"start":{"line":325,"column":6},"end":{"line":328,"column":9}},"174":{"start":{"line":329,"column":11},"end":{"line":339,"column":5}},"175":{"start":{"line":330,"column":24},"end":{"line":330,"column":90}},"176":{"start":{"line":331,"column":6},"end":{"line":338,"column":9}},"177":{"start":{"line":332,"column":8},"end":{"line":337,"column":9}},"178":{"start":{"line":333,"column":10},"end":{"line":336,"column":13}},"179":{"start":{"line":342,"column":2},"end":{"line":346,"column":5}},"180":{"start":{"line":345,"column":34},"end":{"line":345,"column":62}},"181":{"start":{"line":354,"column":0},"end":{"line":361,"column":3}},"182":{"start":{"line":355,"column":2},"end":{"line":360,"column":5}},"183":{"start":{"line":364,"column":0},"end":{"line":364,"column":22}},"184":{"start":{"line":369,"column":13},"end":{"line":369,"column":37}},"185":{"start":{"line":371,"column":0},"end":{"line":405,"column":3}},"186":{"start":{"line":372,"column":2},"end":{"line":384,"column":5}},"187":{"start":{"line":386,"column":2},"end":{"line":391,"column":3}},"188":{"start":{"line":387,"column":25},"end":{"line":387,"column":63}},"189":{"start":{"line":388,"column":4},"end":{"line":388,"column":34}},"190":{"start":{"line":390,"column":4},"end":{"line":390,"column":52}},"191":{"start":{"line":394,"column":2},"end":{"line":404,"column":3}},"192":{"start":{"line":395,"column":4},"end":{"line":401,"column":5}},"193":{"start":{"line":396,"column":39},"end":{"line":396,"column":80}},"194":{"start":{"line":397,"column":6},"end":{"line":397,"column":29}},"195":{"start":{"line":398,"column":6},"end":{"line":398,"column":49}},"196":{"start":{"line":400,"column":6},"end":{"line":400,"column":66}},"197":{"start":{"line":403,"column":4},"end":{"line":403,"column":74}},"198":{"start":{"line":407,"column":0},"end":{"line":407,"column":21}}},"fnMap":{"0":{"name":"initializeDatabase","decl":{"start":{"line":83,"column":15},"end":{"line":83,"column":33}},"loc":{"start":{"line":83,"column":36},"end":{"line":93,"column":1}},"line":83},"1":{"name":"(anonymous_1)","decl":{"start":{"line":109,"column":78},"end":{"line":109,"column":79}},"loc":{"start":{"line":109,"column":98},"end":{"line":142,"column":3}},"line":109},"2":{"name":"(anonymous_2)","decl":{"start":{"line":150,"column":8},"end":{"line":150,"column":9}},"loc":{"start":{"line":150,"column":28},"end":{"line":161,"column":1}},"line":150},"3":{"name":"(anonymous_3)","decl":{"start":{"line":164,"column":8},"end":{"line":164,"column":9}},"loc":{"start":{"line":164,"column":28},"end":{"line":172,"column":1}},"line":164},"4":{"name":"(anonymous_4)","decl":{"start":{"line":165,"column":19},"end":{"line":165,"column":20}},"loc":{"start":{"line":165,"column":25},"end":{"line":170,"column":3}},"line":165},"5":{"name":"(anonymous_5)","decl":{"start":{"line":181,"column":13},"end":{"line":181,"column":14}},"loc":{"start":{"line":181,"column":27},"end":{"line":193,"column":1}},"line":181},"6":{"name":"(anonymous_6)","decl":{"start":{"line":292,"column":30},"end":{"line":292,"column":31}},"loc":{"start":{"line":292,"column":44},"end":{"line":299,"column":1}},"line":292},"7":{"name":"(anonymous_7)","decl":{"start":{"line":301,"column":31},"end":{"line":301,"column":32}},"loc":{"start":{"line":301,"column":45},"end":{"line":317,"column":1}},"line":301},"8":{"name":"(anonymous_8)","decl":{"start":{"line":308,"column":73},"end":{"line":308,"column":74}},"loc":{"start":{"line":308,"column":81},"end":{"line":308,"column":131}},"line":308},"9":{"name":"(anonymous_9)","decl":{"start":{"line":320,"column":25},"end":{"line":320,"column":26}},"loc":{"start":{"line":320,"column":39},"end":{"line":347,"column":1}},"line":320},"10":{"name":"(anonymous_10)","decl":{"start":{"line":323,"column":28},"end":{"line":323,"column":29}},"loc":{"start":{"line":323,"column":44},"end":{"line":340,"column":3}},"line":323},"11":{"name":"(anonymous_11)","decl":{"start":{"line":331,"column":38},"end":{"line":331,"column":39}},"loc":{"start":{"line":331,"column":51},"end":{"line":338,"column":7}},"line":331},"12":{"name":"(anonymous_12)","decl":{"start":{"line":345,"column":24},"end":{"line":345,"column":25}},"loc":{"start":{"line":345,"column":34},"end":{"line":345,"column":62}},"line":345},"13":{"name":"(anonymous_13)","decl":{"start":{"line":354,"column":13},"end":{"line":354,"column":14}},"loc":{"start":{"line":354,"column":27},"end":{"line":361,"column":1}},"line":354},"14":{"name":"(anonymous_14)","decl":{"start":{"line":371,"column":17},"end":{"line":371,"column":18}},"loc":{"start":{"line":371,"column":23},"end":{"line":405,"column":1}},"line":371}},"branchMap":{"0":{"loc":{"start":{"line":23,"column":0},"end":{"line":25,"column":1}},"type":"if","locations":[{"start":{"line":23,"column":0},"end":{"line":25,"column":1}},{"start":{},"end":{}}],"line":23},"1":{"loc":{"start":{"line":42,"column":23},"end":{"line":42,"column":75}},"type":"binary-expr","locations":[{"start":{"line":42,"column":23},"end":{"line":42,"column":66}},{"start":{"line":42,"column":70},"end":{"line":42,"column":75}}],"line":42},"2":{"loc":{"start":{"line":55,"column":31},"end":{"line":55,"column":73}},"type":"cond-expr","locations":[{"start":{"line":55,"column":51},"end":{"line":55,"column":60}},{"start":{"line":55,"column":63},"end":{"line":55,"column":73}}],"line":55},"3":{"loc":{"start":{"line":56,"column":34},"end":{"line":56,"column":85}},"type":"cond-expr","locations":[{"start":{"line":56,"column":61},"end":{"line":56,"column":73}},{"start":{"line":56,"column":76},"end":{"line":56,"column":85}}],"line":56},"4":{"loc":{"start":{"line":103,"column":0},"end":{"line":105,"column":1}},"type":"if","locations":[{"start":{"line":103,"column":0},"end":{"line":105,"column":1}},{"start":{},"end":{}}],"line":103},"5":{"loc":{"start":{"line":108,"column":0},"end":{"line":144,"column":1}},"type":"if","locations":[{"start":{"line":108,"column":0},"end":{"line":144,"column":1}},{"start":{},"end":{}}],"line":108},"6":{"loc":{"start":{"line":114,"column":6},"end":{"line":116,"column":7}},"type":"if","locations":[{"start":{"line":114,"column":6},"end":{"line":116,"column":7}},{"start":{},"end":{}}],"line":114},"7":{"loc":{"start":{"line":121,"column":6},"end":{"line":124,"column":7}},"type":"if","locations":[{"start":{"line":121,"column":6},"end":{"line":124,"column":7}},{"start":{},"end":{}}],"line":121},"8":{"loc":{"start":{"line":154,"column":2},"end":{"line":158,"column":3}},"type":"if","locations":[{"start":{"line":154,"column":2},"end":{"line":158,"column":3}},{"start":{},"end":{}}],"line":154},"9":{"loc":{"start":{"line":157,"column":35},"end":{"line":157,"column":77}},"type":"cond-expr","locations":[{"start":{"line":157,"column":55},"end":{"line":157,"column":64}},{"start":{"line":157,"column":67},"end":{"line":157,"column":77}}],"line":157},"10":{"loc":{"start":{"line":167,"column":4},"end":{"line":169,"column":5}},"type":"if","locations":[{"start":{"line":167,"column":4},"end":{"line":169,"column":5}},{"start":{},"end":{}}],"line":167},"11":{"loc":{"start":{"line":184,"column":13},"end":{"line":184,"column":55}},"type":"binary-expr","locations":[{"start":{"line":184,"column":13},"end":{"line":184,"column":44}},{"start":{"line":184,"column":48},"end":{"line":184,"column":55}}],"line":184},"12":{"loc":{"start":{"line":213,"column":0},"end":{"line":218,"column":1}},"type":"if","locations":[{"start":{"line":213,"column":0},"end":{"line":218,"column":1}},{"start":{"line":216,"column":7},"end":{"line":218,"column":1}}],"line":213},"13":{"loc":{"start":{"line":221,"column":0},"end":{"line":232,"column":1}},"type":"if","locations":[{"start":{"line":221,"column":0},"end":{"line":232,"column":1}},{"start":{"line":230,"column":7},"end":{"line":232,"column":1}}],"line":221},"14":{"loc":{"start":{"line":235,"column":0},"end":{"line":243,"column":1}},"type":"if","locations":[{"start":{"line":235,"column":0},"end":{"line":243,"column":1}},{"start":{"line":241,"column":7},"end":{"line":243,"column":1}}],"line":235},"15":{"loc":{"start":{"line":246,"column":0},"end":{"line":253,"column":1}},"type":"if","locations":[{"start":{"line":246,"column":0},"end":{"line":253,"column":1}},{"start":{},"end":{}}],"line":246},"16":{"loc":{"start":{"line":262,"column":0},"end":{"line":287,"column":1}},"type":"if","locations":[{"start":{"line":262,"column":0},"end":{"line":287,"column":1}},{"start":{"line":284,"column":7},"end":{"line":287,"column":1}}],"line":262},"17":{"loc":{"start":{"line":324,"column":4},"end":{"line":339,"column":5}},"type":"if","locations":[{"start":{"line":324,"column":4},"end":{"line":339,"column":5}},{"start":{"line":329,"column":11},"end":{"line":339,"column":5}}],"line":324},"18":{"loc":{"start":{"line":329,"column":11},"end":{"line":339,"column":5}},"type":"if","locations":[{"start":{"line":329,"column":11},"end":{"line":339,"column":5}},{"start":{},"end":{}}],"line":329},"19":{"loc":{"start":{"line":329,"column":15},"end":{"line":329,"column":64}},"type":"binary-expr","locations":[{"start":{"line":329,"column":15},"end":{"line":329,"column":43}},{"start":{"line":329,"column":47},"end":{"line":329,"column":64}}],"line":329},"20":{"loc":{"start":{"line":332,"column":8},"end":{"line":337,"column":9}},"type":"if","locations":[{"start":{"line":332,"column":8},"end":{"line":337,"column":9}},{"start":{},"end":{}}],"line":332},"21":{"loc":{"start":{"line":369,"column":13},"end":{"line":369,"column":37}},"type":"binary-expr","locations":[{"start":{"line":369,"column":13},"end":{"line":369,"column":29}},{"start":{"line":369,"column":33},"end":{"line":369,"column":37}}],"line":369},"22":{"loc":{"start":{"line":375,"column":18},"end":{"line":375,"column":55}},"type":"binary-expr","locations":[{"start":{"line":375,"column":18},"end":{"line":375,"column":38}},{"start":{"line":375,"column":42},"end":{"line":375,"column":55}}],"line":375},"23":{"loc":{"start":{"line":376,"column":24},"end":{"line":376,"column":56}},"type":"binary-expr","locations":[{"start":{"line":376,"column":24},"end":{"line":376,"column":45}},{"start":{"line":376,"column":49},"end":{"line":376,"column":56}}],"line":376},"24":{"loc":{"start":{"line":377,"column":18},"end":{"line":377,"column":60}},"type":"cond-expr","locations":[{"start":{"line":377,"column":38},"end":{"line":377,"column":47}},{"start":{"line":377,"column":50},"end":{"line":377,"column":60}}],"line":377},"25":{"loc":{"start":{"line":378,"column":15},"end":{"line":378,"column":68}},"type":"cond-expr","locations":[{"start":{"line":378,"column":46},"end":{"line":378,"column":55}},{"start":{"line":378,"column":58},"end":{"line":378,"column":68}}],"line":378},"26":{"loc":{"start":{"line":394,"column":2},"end":{"line":404,"column":3}},"type":"if","locations":[{"start":{"line":394,"column":2},"end":{"line":404,"column":3}},{"start":{"line":402,"column":9},"end":{"line":404,"column":3}}],"line":394}},"s":{"0":3,"1":3,"2":3,"3":3,"4":3,"5":3,"6":3,"7":3,"8":3,"9":3,"10":3,"11":3,"12":3,"13":3,"14":3,"15":3,"16":3,"17":3,"18":3,"19":3,"20":3,"21":3,"22":3,"23":3,"24":3,"25":3,"26":3,"27":3,"28":3,"29":3,"30":3,"31":3,"32":3,"33":3,"34":3,"35":3,"36":3,"37":3,"38":3,"39":3,"40":3,"41":3,"42":3,"43":3,"44":3,"45":3,"46":3,"47":3,"48":0,"49":3,"50":3,"51":3,"52":3,"53":3,"54":3,"55":0,"56":3,"57":1,"58":0,"59":0,"60":0,"61":0,"62":0,"63":0,"64":0,"65":0,"66":0,"67":0,"68":0,"69":0,"70":0,"71":0,"72":0,"73":0,"74":0,"75":0,"76":0,"77":1,"78":3,"79":3,"80":3,"81":7,"82":7,"83":0,"84":0,"85":0,"86":7,"87":3,"88":7,"89":7,"90":7,"91":0,"92":7,"93":3,"94":3,"95":3,"96":3,"97":3,"98":3,"99":0,"100":3,"101":3,"102":3,"103":3,"104":3,"105":3,"106":3,"107":3,"108":3,"109":3,"110":3,"111":3,"112":3,"113":3,"114":3,"115":1,"116":1,"117":2,"118":3,"119":1,"120":1,"121":1,"122":1,"123":1,"124":1,"125":1,"126":1,"127":2,"128":3,"129":1,"130":1,"131":1,"132":1,"133":1,"134":2,"135":3,"136":3,"137":3,"138":3,"139":3,"140":3,"141":3,"142":3,"143":3,"144":1,"145":1,"146":1,"147":1,"148":1,"149":1,"150":1,"151":1,"152":1,"153":1,"154":1,"155":1,"156":1,"157":0,"158":0,"159":2,"160":2,"161":3,"162":0,"163":3,"164":0,"165":0,"166":0,"167":0,"168":0,"169":3,"170":0,"171":0,"172":0,"173":0,"174":0,"175":0,"176":0,"177":0,"178":0,"179":0,"180":0,"181":3,"182":0,"183":3,"184":3,"185":3,"186":0,"187":0,"188":0,"189":0,"190":0,"191":0,"192":0,"193":0,"194":0,"195":0,"196":0,"197":0,"198":3},"f":{"0":3,"1":0,"2":7,"3":7,"4":7,"5":0,"6":0,"7":0,"8":0,"9":0,"10":0,"11":0,"12":0,"13":0,"14":0},"b":{"0":[3,0],"1":[3,3],"2":[0,3],"3":[3,0],"4":[0,3],"5":[1,2],"6":[0,0],"7":[0,0],"8":[0,7],"9":[0,0],"10":[0,7],"11":[0,0],"12":[1,2],"13":[1,2],"14":[1,2],"15":[3,0],"16":[1,2],"17":[0,0],"18":[0,0],"19":[0,0],"20":[0,0],"21":[3,0],"22":[0,0],"23":[0,0],"24":[0,0],"25":[0,0],"26":[0,0]},"inputSourceMap":null,"_coverageSchema":"1a1c01bbd47fc00a2c39e90264f33305004495a9","hash":"f045d37b2666262554c46a9814e5f4f6f80062f2"}
,"C:\\Users\\dessa\\Projects\\pt-practice-automation\\server\\src\\config\\database.js": {"path":"C:\\Users\\dessa\\Projects\\pt-practice-automation\\server\\src\\config\\database.js","statementMap":{"0":{"start":{"line":2,"column":25},"end":{"line":2,"column":50}},"1":{"start":{"line":4,"column":0},"end":{"line":4,"column":53}},"2":{"start":{"line":5,"column":0},"end":{"line":5,"column":47}},"3":{"start":{"line":6,"column":0},"end":{"line":6,"column":53}},"4":{"start":{"line":11,"column":0},"end":{"line":19,"column":1}},"5":{"start":{"line":12,"column":2},"end":{"line":14,"column":5}},"6":{"start":{"line":16,"column":2},"end":{"line":16,"column":58}},"7":{"start":{"line":18,"column":2},"end":{"line":18,"column":64}},"8":{"start":{"line":22,"column":23},"end":{"line":31,"column":1}},"9":{"start":{"line":23,"column":2},"end":{"line":30,"column":3}},"10":{"start":{"line":24,"column":4},"end":{"line":24,"column":45}},"11":{"start":{"line":25,"column":4},"end":{"line":25,"column":59}},"12":{"start":{"line":26,"column":4},"end":{"line":26,"column":16}},"13":{"start":{"line":28,"column":4},"end":{"line":28,"column":65}},"14":{"start":{"line":29,"column":4},"end":{"line":29,"column":17}},"15":{"start":{"line":33,"column":0},"end":{"line":36,"column":2}}},"fnMap":{"0":{"name":"(anonymous_0)","decl":{"start":{"line":22,"column":23},"end":{"line":22,"column":24}},"loc":{"start":{"line":22,"column":35},"end":{"line":31,"column":1}},"line":22}},"branchMap":{"0":{"loc":{"start":{"line":13,"column":9},"end":{"line":13,"column":96}},"type":"cond-expr","locations":[{"start":{"line":13,"column":50},"end":{"line":13,"column":84}},{"start":{"line":13,"column":87},"end":{"line":13,"column":96}}],"line":13}},"s":{"0":3,"1":3,"2":3,"3":3,"4":3,"5":3,"6":3,"7":0,"8":3,"9":0,"10":0,"11":0,"12":0,"13":0,"14":0,"15":3},"f":{"0":0},"b":{"0":[0,3]},"inputSourceMap":null,"_coverageSchema":"1a1c01bbd47fc00a2c39e90264f33305004495a9","hash":"d5ae0efe9c231b31b8fa07ff94a34debc81a7528"}
,"C:\\Users\\dessa\\Projects\\pt-practice-automation\\server\\src\\config\\firebase.js": {"path":"C:\\Users\\dessa\\Projects\\pt-practice-automation\\server\\src\\config\\firebase.js","statementMap":{"0":{"start":{"line":1,"column":14},"end":{"line":1,"column":39}},"1":{"start":{"line":4,"column":23},"end":{"line":7,"column":1}},"2":{"start":{"line":11,"column":0},"end":{"line":15,"column":1}},"3":{"start":{"line":12,"column":2},"end":{"line":14,"column":5}},"4":{"start":{"line":17,"column":0},"end":{"line":17,"column":83}},"5":{"start":{"line":18,"column":0},"end":{"line":18,"column":23}}},"fnMap":{},"branchMap":{"0":{"loc":{"start":{"line":11,"column":0},"end":{"line":15,"column":1}},"type":"if","locations":[{"start":{"line":11,"column":0},"end":{"line":15,"column":1}},{"start":{},"end":{}}],"line":11}},"s":{"0":3,"1":3,"2":3,"3":3,"4":3,"5":3},"f":{},"b":{"0":[3,0]},"inputSourceMap":null,"_coverageSchema":"1a1c01bbd47fc00a2c39e90264f33305004495a9","hash":"282e8a6599492d1177a034234499ce5be21936d3"}
,"C:\\Users\\dessa\\Projects\\pt-practice-automation\\server\\src\\config\\logging.js": {"path":"C:\\Users\\dessa\\Projects\\pt-practice-automation\\server\\src\\config\\logging.js","statementMap":{"0":{"start":{"line":1,"column":16},"end":{"line":1,"column":34}},"1":{"start":{"line":4,"column":15},"end":{"line":25,"column":2}},"2":{"start":{"line":28,"column":0},"end":{"line":35,"column":1}},"3":{"start":{"line":29,"column":2},"end":{"line":34,"column":6}},"4":{"start":{"line":38,"column":0},"end":{"line":78,"column":1}},"5":{"start":{"line":39,"column":17},"end":{"line":39,"column":40}},"6":{"start":{"line":41,"column":2},"end":{"line":56,"column":5}},"7":{"start":{"line":47,"column":6},"end":{"line":53,"column":7}},"8":{"start":{"line":48,"column":8},"end":{"line":48,"column":37}},"9":{"start":{"line":49,"column":8},"end":{"line":52,"column":9}},"10":{"start":{"line":50,"column":10},"end":{"line":50,"column":53}},"11":{"start":{"line":51,"column":10},"end":{"line":51,"column":46}},"12":{"start":{"line":54,"column":6},"end":{"line":54,"column":19}},"13":{"start":{"line":59,"column":26},"end":{"line":72,"column":3}},"14":{"start":{"line":61,"column":6},"end":{"line":69,"column":7}},"15":{"start":{"line":62,"column":8},"end":{"line":68,"column":11}},"16":{"start":{"line":70,"column":6},"end":{"line":70,"column":17}},"17":{"start":{"line":74,"column":2},"end":{"line":74,"column":54}},"18":{"start":{"line":75,"column":2},"end":{"line":75,"column":38}},"19":{"start":{"line":77,"column":2},"end":{"line":77,"column":63}},"20":{"start":{"line":80,"column":0},"end":{"line":80,"column":24}}},"fnMap":{"0":{"name":"(anonymous_0)","decl":{"start":{"line":45,"column":4},"end":{"line":45,"column":5}},"loc":{"start":{"line":45,"column":22},"end":{"line":55,"column":5}},"line":45},"1":{"name":"(anonymous_1)","decl":{"start":{"line":60,"column":4},"end":{"line":60,"column":5}},"loc":{"start":{"line":60,"column":24},"end":{"line":71,"column":5}},"line":60}},"branchMap":{"0":{"loc":{"start":{"line":5,"column":9},"end":{"line":5,"column":40}},"type":"binary-expr","locations":[{"start":{"line":5,"column":9},"end":{"line":5,"column":30}},{"start":{"line":5,"column":34},"end":{"line":5,"column":40}}],"line":5},"1":{"loc":{"start":{"line":28,"column":0},"end":{"line":35,"column":1}},"type":"if","locations":[{"start":{"line":28,"column":0},"end":{"line":35,"column":1}},{"start":{},"end":{}}],"line":28},"2":{"loc":{"start":{"line":38,"column":0},"end":{"line":78,"column":1}},"type":"if","locations":[{"start":{"line":38,"column":0},"end":{"line":78,"column":1}},{"start":{"line":76,"column":7},"end":{"line":78,"column":1}}],"line":38},"3":{"loc":{"start":{"line":43,"column":17},"end":{"line":43,"column":54}},"type":"binary-expr","locations":[{"start":{"line":43,"column":17},"end":{"line":43,"column":37}},{"start":{"line":43,"column":41},"end":{"line":43,"column":54}}],"line":43},"4":{"loc":{"start":{"line":47,"column":6},"end":{"line":53,"column":7}},"type":"if","locations":[{"start":{"line":47,"column":6},"end":{"line":53,"column":7}},{"start":{},"end":{}}],"line":47},"5":{"loc":{"start":{"line":49,"column":8},"end":{"line":52,"column":9}},"type":"if","locations":[{"start":{"line":49,"column":8},"end":{"line":52,"column":9}},{"start":{},"end":{}}],"line":49},"6":{"loc":{"start":{"line":59,"column":26},"end":{"line":72,"column":3}},"type":"binary-expr","locations":[{"start":{"line":59,"column":26},"end":{"line":59,"column":60}},{"start":{"line":59,"column":64},"end":{"line":72,"column":3}}],"line":59},"7":{"loc":{"start":{"line":61,"column":6},"end":{"line":69,"column":7}},"type":"if","locations":[{"start":{"line":61,"column":6},"end":{"line":69,"column":7}},{"start":{},"end":{}}],"line":61},"8":{"loc":{"start":{"line":62,"column":32},"end":{"line":62,"column":69}},"type":"binary-expr","locations":[{"start":{"line":62,"column":32},"end":{"line":62,"column":42}},{"start":{"line":62,"column":46},"end":{"line":62,"column":69}}],"line":62},"9":{"loc":{"start":{"line":64,"column":23},"end":{"line":64,"column":50}},"type":"binary-expr","locations":[{"start":{"line":64,"column":23},"end":{"line":64,"column":37}},{"start":{"line":64,"column":41},"end":{"line":64,"column":50}}],"line":64}},"s":{"0":3,"1":3,"2":3,"3":3,"4":3,"5":0,"6":0,"7":0,"8":0,"9":0,"10":0,"11":0,"12":0,"13":0,"14":0,"15":0,"16":0,"17":0,"18":0,"19":3,"20":3},"f":{"0":0,"1":0},"b":{"0":[3,3],"1":[3,0],"2":[0,3],"3":[0,0],"4":[0,0],"5":[0,0],"6":[0,0],"7":[0,0],"8":[0,0],"9":[0,0]},"inputSourceMap":null,"_coverageSchema":"1a1c01bbd47fc00a2c39e90264f33305004495a9","hash":"7ab38521f07dad8bb0e47d9caff8478ee9caf1f4"}
,"C:\\Users\\dessa\\Projects\\pt-practice-automation\\server\\src\\config\\plaid.js": {"path":"C:\\Users\\dessa\\Projects\\pt-practice-automation\\server\\src\\config\\plaid.js","statementMap":{"0":{"start":{"line":1,"column":55},"end":{"line":1,"column":71}},"1":{"start":{"line":3,"column":22},"end":{"line":11,"column":2}},"2":{"start":{"line":13,"column":20},"end":{"line":13,"column":47}},"3":{"start":{"line":15,"column":0},"end":{"line":15,"column":29}}},"fnMap":{},"branchMap":{"0":{"loc":{"start":{"line":7,"column":25},"end":{"line":7,"column":72}},"type":"binary-expr","locations":[{"start":{"line":7,"column":25},"end":{"line":7,"column":52}},{"start":{"line":7,"column":56},"end":{"line":7,"column":72}}],"line":7},"1":{"loc":{"start":{"line":8,"column":22},"end":{"line":8,"column":67}},"type":"binary-expr","locations":[{"start":{"line":8,"column":22},"end":{"line":8,"column":46}},{"start":{"line":8,"column":50},"end":{"line":8,"column":67}}],"line":8}},"s":{"0":3,"1":3,"2":3,"3":3},"f":{},"b":{"0":[3,3],"1":[3,3]},"inputSourceMap":null,"_coverageSchema":"1a1c01bbd47fc00a2c39e90264f33305004495a9","hash":"45934b1b3b1509b45dd328c8a914faec1a56f75a"}
,"C:\\Users\\dessa\\Projects\\pt-practice-automation\\server\\src\\config\\prisma.js": {"path":"C:\\Users\\dessa\\Projects\\pt-practice-automation\\server\\src\\config\\prisma.js","statementMap":{"0":{"start":{"line":4,"column":25},"end":{"line":4,"column":50}},"1":{"start":{"line":8,"column":0},"end":{"line":15,"column":1}},"2":{"start":{"line":9,"column":2},"end":{"line":9,"column":30}},"3":{"start":{"line":11,"column":2},"end":{"line":13,"column":3}},"4":{"start":{"line":12,"column":4},"end":{"line":12,"column":39}},"5":{"start":{"line":14,"column":2},"end":{"line":14,"column":25}},"6":{"start":{"line":17,"column":0},"end":{"line":17,"column":24}}},"fnMap":{},"branchMap":{"0":{"loc":{"start":{"line":8,"column":0},"end":{"line":15,"column":1}},"type":"if","locations":[{"start":{"line":8,"column":0},"end":{"line":15,"column":1}},{"start":{"line":10,"column":7},"end":{"line":15,"column":1}}],"line":8},"1":{"loc":{"start":{"line":11,"column":2},"end":{"line":13,"column":3}},"type":"if","locations":[{"start":{"line":11,"column":2},"end":{"line":13,"column":3}},{"start":{},"end":{}}],"line":11}},"s":{"0":5,"1":5,"2":0,"3":5,"4":5,"5":5,"6":5},"f":{},"b":{"0":[0,5],"1":[5,0]},"inputSourceMap":null,"_coverageSchema":"1a1c01bbd47fc00a2c39e90264f33305004495a9","hash":"02ad017d2b48c22429515c11ffd3a0380fa5ccde"}
,"C:\\Users\\dessa\\Projects\\pt-practice-automation\\server\\src\\controllers\\adminController.js": {"path":"C:\\Users\\dessa\\Projects\\pt-practice-automation\\server\\src\\controllers\\adminController.js","statementMap":{"0":{"start":{"line":2,"column":26},"end":{"line":2,"column":60}},"1":{"start":{"line":3,"column":14},"end":{"line":3,"column":43}},"2":{"start":{"line":7,"column":4},"end":{"line":7,"column":58}},"3":{"start":{"line":8,"column":4},"end":{"line":8,"column":66}},"4":{"start":{"line":16,"column":17},"end":{"line":52,"column":3}},"5":{"start":{"line":17,"column":4},"end":{"line":51,"column":5}},"6":{"start":{"line":19,"column":34},"end":{"line":22,"column":8}},"7":{"start":{"line":24,"column":24},"end":{"line":40,"column":7}},"8":{"start":{"line":42,"column":6},"end":{"line":45,"column":9}},"9":{"start":{"line":47,"column":6},"end":{"line":50,"column":9}},"10":{"start":{"line":55,"column":13},"end":{"line":92,"column":3}},"11":{"start":{"line":56,"column":4},"end":{"line":91,"column":5}},"12":{"start":{"line":57,"column":53},"end":{"line":57,"column":62}},"13":{"start":{"line":58,"column":19},"end":{"line":58,"column":57}},"14":{"start":{"line":60,"column":22},"end":{"line":60,"column":24}},"15":{"start":{"line":61,"column":6},"end":{"line":61,"column":50}},"16":{"start":{"line":61,"column":16},"end":{"line":61,"column":50}},"17":{"start":{"line":62,"column":6},"end":{"line":68,"column":7}},"18":{"start":{"line":63,"column":8},"end":{"line":67,"column":10}},"19":{"start":{"line":70,"column":21},"end":{"line":74,"column":8}},"20":{"start":{"line":76,"column":6},"end":{"line":85,"column":9}},"21":{"start":{"line":87,"column":6},"end":{"line":90,"column":9}},"22":{"start":{"line":95,"column":15},"end":{"line":130,"column":3}},"23":{"start":{"line":96,"column":4},"end":{"line":129,"column":5}},"24":{"start":{"line":97,"column":68},"end":{"line":97,"column":76}},"25":{"start":{"line":100,"column":27},"end":{"line":100,"column":65}},"26":{"start":{"line":101,"column":6},"end":{"line":106,"column":7}},"27":{"start":{"line":102,"column":8},"end":{"line":105,"column":11}},"28":{"start":{"line":108,"column":23},"end":{"line":115,"column":7}},"29":{"start":{"line":117,"column":19},"end":{"line":117,"column":55}},"30":{"start":{"line":119,"column":6},"end":{"line":123,"column":9}},"31":{"start":{"line":125,"column":6},"end":{"line":128,"column":9}},"32":{"start":{"line":133,"column":15},"end":{"line":169,"column":3}},"33":{"start":{"line":134,"column":4},"end":{"line":168,"column":5}},"34":{"start":{"line":135,"column":21},"end":{"line":135,"column":31}},"35":{"start":{"line":136,"column":25},"end":{"line":136,"column":33}},"36":{"start":{"line":139,"column":27},"end":{"line":139,"column":59}},"37":{"start":{"line":140,"column":6},"end":{"line":145,"column":7}},"38":{"start":{"line":141,"column":8},"end":{"line":144,"column":11}},"39":{"start":{"line":148,"column":6},"end":{"line":154,"column":7}},"40":{"start":{"line":149,"column":8},"end":{"line":153,"column":11}},"41":{"start":{"line":156,"column":19},"end":{"line":156,"column":61}},"42":{"start":{"line":158,"column":6},"end":{"line":162,"column":9}},"43":{"start":{"line":164,"column":6},"end":{"line":167,"column":9}},"44":{"start":{"line":172,"column":15},"end":{"line":212,"column":3}},"45":{"start":{"line":173,"column":4},"end":{"line":211,"column":5}},"46":{"start":{"line":174,"column":21},"end":{"line":174,"column":31}},"47":{"start":{"line":177,"column":19},"end":{"line":177,"column":51}},"48":{"start":{"line":178,"column":6},"end":{"line":183,"column":7}},"49":{"start":{"line":179,"column":8},"end":{"line":182,"column":11}},"50":{"start":{"line":186,"column":22},"end":{"line":186,"column":52}},"51":{"start":{"line":187,"column":6},"end":{"line":192,"column":7}},"52":{"start":{"line":188,"column":8},"end":{"line":191,"column":11}},"53":{"start":{"line":195,"column":6},"end":{"line":200,"column":7}},"54":{"start":{"line":196,"column":8},"end":{"line":196,"column":56}},"55":{"start":{"line":198,"column":8},"end":{"line":198,"column":84}},"56":{"start":{"line":202,"column":6},"end":{"line":205,"column":9}},"57":{"start":{"line":207,"column":6},"end":{"line":210,"column":9}},"58":{"start":{"line":215,"column":21},"end":{"line":246,"column":3}},"59":{"start":{"line":216,"column":4},"end":{"line":245,"column":5}},"60":{"start":{"line":217,"column":59},"end":{"line":217,"column":68}},"61":{"start":{"line":218,"column":19},"end":{"line":218,"column":57}},"62":{"start":{"line":220,"column":22},"end":{"line":220,"column":24}},"63":{"start":{"line":221,"column":6},"end":{"line":221,"column":42}},"64":{"start":{"line":221,"column":18},"end":{"line":221,"column":42}},"65":{"start":{"line":222,"column":6},"end":{"line":222,"column":54}},"66":{"start":{"line":222,"column":22},"end":{"line":222,"column":54}},"67":{"start":{"line":224,"column":21},"end":{"line":228,"column":8}},"68":{"start":{"line":230,"column":6},"end":{"line":239,"column":9}},"69":{"start":{"line":241,"column":6},"end":{"line":244,"column":9}},"70":{"start":{"line":249,"column":20},"end":{"line":273,"column":3}},"71":{"start":{"line":250,"column":4},"end":{"line":272,"column":5}},"72":{"start":{"line":251,"column":21},"end":{"line":257,"column":7}},"73":{"start":{"line":259,"column":6},"end":{"line":262,"column":9}},"74":{"start":{"line":264,"column":6},"end":{"line":271,"column":9}},"75":{"start":{"line":276,"column":26},"end":{"line":296,"column":3}},"76":{"start":{"line":277,"column":4},"end":{"line":295,"column":5}},"77":{"start":{"line":278,"column":26},"end":{"line":278,"column":34}},"78":{"start":{"line":282,"column":6},"end":{"line":289,"column":9}},"79":{"start":{"line":291,"column":6},"end":{"line":294,"column":9}},"80":{"start":{"line":299,"column":0},"end":{"line":299,"column":39}}},"fnMap":{"0":{"name":"(anonymous_0)","decl":{"start":{"line":6,"column":2},"end":{"line":6,"column":3}},"loc":{"start":{"line":6,"column":16},"end":{"line":13,"column":3}},"line":6},"1":{"name":"(anonymous_1)","decl":{"start":{"line":16,"column":17},"end":{"line":16,"column":18}},"loc":{"start":{"line":16,"column":37},"end":{"line":52,"column":3}},"line":16},"2":{"name":"(anonymous_2)","decl":{"start":{"line":55,"column":13},"end":{"line":55,"column":14}},"loc":{"start":{"line":55,"column":33},"end":{"line":92,"column":3}},"line":55},"3":{"name":"(anonymous_3)","decl":{"start":{"line":95,"column":15},"end":{"line":95,"column":16}},"loc":{"start":{"line":95,"column":35},"end":{"line":130,"column":3}},"line":95},"4":{"name":"(anonymous_4)","decl":{"start":{"line":133,"column":15},"end":{"line":133,"column":16}},"loc":{"start":{"line":133,"column":35},"end":{"line":169,"column":3}},"line":133},"5":{"name":"(anonymous_5)","decl":{"start":{"line":172,"column":15},"end":{"line":172,"column":16}},"loc":{"start":{"line":172,"column":35},"end":{"line":212,"column":3}},"line":172},"6":{"name":"(anonymous_6)","decl":{"start":{"line":215,"column":21},"end":{"line":215,"column":22}},"loc":{"start":{"line":215,"column":41},"end":{"line":246,"column":3}},"line":215},"7":{"name":"(anonymous_7)","decl":{"start":{"line":249,"column":20},"end":{"line":249,"column":21}},"loc":{"start":{"line":249,"column":40},"end":{"line":273,"column":3}},"line":249},"8":{"name":"(anonymous_8)","decl":{"start":{"line":276,"column":26},"end":{"line":276,"column":27}},"loc":{"start":{"line":276,"column":46},"end":{"line":296,"column":3}},"line":276}},"branchMap":{"0":{"loc":{"start":{"line":57,"column":14},"end":{"line":57,"column":22}},"type":"default-arg","locations":[{"start":{"line":57,"column":21},"end":{"line":57,"column":22}}],"line":57},"1":{"loc":{"start":{"line":57,"column":24},"end":{"line":57,"column":34}},"type":"default-arg","locations":[{"start":{"line":57,"column":32},"end":{"line":57,"column":34}}],"line":57},"2":{"loc":{"start":{"line":61,"column":6},"end":{"line":61,"column":50}},"type":"if","locations":[{"start":{"line":61,"column":6},"end":{"line":61,"column":50}},{"start":{},"end":{}}],"line":61},"3":{"loc":{"start":{"line":62,"column":6},"end":{"line":68,"column":7}},"type":"if","locations":[{"start":{"line":62,"column":6},"end":{"line":68,"column":7}},{"start":{},"end":{}}],"line":62},"4":{"loc":{"start":{"line":101,"column":6},"end":{"line":106,"column":7}},"type":"if","locations":[{"start":{"line":101,"column":6},"end":{"line":106,"column":7}},{"start":{},"end":{}}],"line":101},"5":{"loc":{"start":{"line":140,"column":6},"end":{"line":145,"column":7}},"type":"if","locations":[{"start":{"line":140,"column":6},"end":{"line":145,"column":7}},{"start":{},"end":{}}],"line":140},"6":{"loc":{"start":{"line":148,"column":6},"end":{"line":154,"column":7}},"type":"if","locations":[{"start":{"line":148,"column":6},"end":{"line":154,"column":7}},{"start":{},"end":{}}],"line":148},"7":{"loc":{"start":{"line":148,"column":10},"end":{"line":148,"column":66}},"type":"binary-expr","locations":[{"start":{"line":148,"column":10},"end":{"line":148,"column":25}},{"start":{"line":148,"column":29},"end":{"line":148,"column":66}}],"line":148},"8":{"loc":{"start":{"line":178,"column":6},"end":{"line":183,"column":7}},"type":"if","locations":[{"start":{"line":178,"column":6},"end":{"line":183,"column":7}},{"start":{},"end":{}}],"line":178},"9":{"loc":{"start":{"line":187,"column":6},"end":{"line":192,"column":7}},"type":"if","locations":[{"start":{"line":187,"column":6},"end":{"line":192,"column":7}},{"start":{},"end":{}}],"line":187},"10":{"loc":{"start":{"line":217,"column":14},"end":{"line":217,"column":22}},"type":"default-arg","locations":[{"start":{"line":217,"column":21},"end":{"line":217,"column":22}}],"line":217},"11":{"loc":{"start":{"line":217,"column":24},"end":{"line":217,"column":34}},"type":"default-arg","locations":[{"start":{"line":217,"column":32},"end":{"line":217,"column":34}}],"line":217},"12":{"loc":{"start":{"line":221,"column":6},"end":{"line":221,"column":42}},"type":"if","locations":[{"start":{"line":221,"column":6},"end":{"line":221,"column":42}},{"start":{},"end":{}}],"line":221},"13":{"loc":{"start":{"line":222,"column":6},"end":{"line":222,"column":54}},"type":"if","locations":[{"start":{"line":222,"column":6},"end":{"line":222,"column":54}},{"start":{},"end":{}}],"line":222},"14":{"loc":{"start":{"line":256,"column":17},"end":{"line":256,"column":59}},"type":"binary-expr","locations":[{"start":{"line":256,"column":17},"end":{"line":256,"column":48}},{"start":{"line":256,"column":52},"end":{"line":256,"column":59}}],"line":256},"15":{"loc":{"start":{"line":284,"column":37},"end":{"line":284,"column":69}},"type":"cond-expr","locations":[{"start":{"line":284,"column":47},"end":{"line":284,"column":56}},{"start":{"line":284,"column":59},"end":{"line":284,"column":69}}],"line":284}},"s":{"0":3,"1":3,"2":3,"3":3,"4":3,"5":0,"6":0,"7":0,"8":0,"9":0,"10":3,"11":0,"12":0,"13":0,"14":0,"15":0,"16":0,"17":0,"18":0,"19":0,"20":0,"21":0,"22":3,"23":0,"24":0,"25":0,"26":0,"27":0,"28":0,"29":0,"30":0,"31":0,"32":3,"33":0,"34":0,"35":0,"36":0,"37":0,"38":0,"39":0,"40":0,"41":0,"42":0,"43":0,"44":3,"45":0,"46":0,"47":0,"48":0,"49":0,"50":0,"51":0,"52":0,"53":0,"54":0,"55":0,"56":0,"57":0,"58":3,"59":0,"60":0,"61":0,"62":0,"63":0,"64":0,"65":0,"66":0,"67":0,"68":0,"69":0,"70":3,"71":0,"72":0,"73":0,"74":0,"75":3,"76":0,"77":0,"78":0,"79":0,"80":3},"f":{"0":3,"1":0,"2":0,"3":0,"4":0,"5":0,"6":0,"7":0,"8":0},"b":{"0":[0],"1":[0],"2":[0,0],"3":[0,0],"4":[0,0],"5":[0,0],"6":[0,0],"7":[0,0],"8":[0,0],"9":[0,0],"10":[0],"11":[0],"12":[0,0],"13":[0,0],"14":[0,0],"15":[0,0]},"inputSourceMap":null,"_coverageSchema":"1a1c01bbd47fc00a2c39e90264f33305004495a9","hash":"f14027a4926fb919105a0be6ab8addde67ab8df6"}
,"C:\\Users\\dessa\\Projects\\pt-practice-automation\\server\\src\\controllers\\aiController.js": {"path":"C:\\Users\\dessa\\Projects\\pt-practice-automation\\server\\src\\controllers\\aiController.js","statementMap":{"0":{"start":{"line":2,"column":35},"end":{"line":2,"column":71}},"1":{"start":{"line":3,"column":15},"end":{"line":3,"column":42}},"2":{"start":{"line":5,"column":22},"end":{"line":67,"column":1}},"3":{"start":{"line":6,"column":2},"end":{"line":66,"column":3}},"4":{"start":{"line":7,"column":39},"end":{"line":7,"column":47}},"5":{"start":{"line":10,"column":4},"end":{"line":15,"column":5}},"6":{"start":{"line":11,"column":6},"end":{"line":14,"column":9}},"7":{"start":{"line":18,"column":23},"end":{"line":18,"column":25}},"8":{"start":{"line":19,"column":4},"end":{"line":35,"column":5}},"9":{"start":{"line":20,"column":6},"end":{"line":34,"column":7}},"10":{"start":{"line":21,"column":17},"end":{"line":23,"column":2}},"11":{"start":{"line":24,"column":0},"end":{"line":31,"column":1}},"12":{"start":{"line":25,"column":2},"end":{"line":30,"column":4}},"13":{"start":{"line":33,"column":8},"end":{"line":33,"column":96}},"14":{"start":{"line":38,"column":19},"end":{"line":38,"column":73}},"15":{"start":{"line":40,"column":4},"end":{"line":46,"column":5}},"16":{"start":{"line":41,"column":6},"end":{"line":45,"column":9}},"17":{"start":{"line":49,"column":4},"end":{"line":49,"column":83}},"18":{"start":{"line":51,"column":4},"end":{"line":57,"column":7}},"19":{"start":{"line":60,"column":4},"end":{"line":60,"column":50}},"20":{"start":{"line":61,"column":4},"end":{"line":65,"column":7}},"21":{"start":{"line":69,"column":0},"end":{"line":71,"column":2}}},"fnMap":{"0":{"name":"(anonymous_0)","decl":{"start":{"line":5,"column":22},"end":{"line":5,"column":23}},"loc":{"start":{"line":5,"column":42},"end":{"line":67,"column":1}},"line":5}},"branchMap":{"0":{"loc":{"start":{"line":10,"column":4},"end":{"line":15,"column":5}},"type":"if","locations":[{"start":{"line":10,"column":4},"end":{"line":15,"column":5}},{"start":{},"end":{}}],"line":10},"1":{"loc":{"start":{"line":10,"column":8},"end":{"line":10,"column":87}},"type":"binary-expr","locations":[{"start":{"line":10,"column":8},"end":{"line":10,"column":19}},{"start":{"line":10,"column":23},"end":{"line":10,"column":53}},{"start":{"line":10,"column":57},"end":{"line":10,"column":87}}],"line":10},"2":{"loc":{"start":{"line":19,"column":4},"end":{"line":35,"column":5}},"type":"if","locations":[{"start":{"line":19,"column":4},"end":{"line":35,"column":5}},{"start":{},"end":{}}],"line":19},"3":{"loc":{"start":{"line":24,"column":0},"end":{"line":31,"column":1}},"type":"if","locations":[{"start":{"line":24,"column":0},"end":{"line":31,"column":1}},{"start":{},"end":{}}],"line":24},"4":{"loc":{"start":{"line":40,"column":4},"end":{"line":46,"column":5}},"type":"if","locations":[{"start":{"line":40,"column":4},"end":{"line":46,"column":5}},{"start":{},"end":{}}],"line":40},"5":{"loc":{"start":{"line":64,"column":13},"end":{"line":64,"column":79}},"type":"cond-expr","locations":[{"start":{"line":64,"column":54},"end":{"line":64,"column":67}},{"start":{"line":64,"column":70},"end":{"line":64,"column":79}}],"line":64}},"s":{"0":3,"1":3,"2":3,"3":0,"4":0,"5":0,"6":0,"7":0,"8":0,"9":0,"10":0,"11":0,"12":0,"13":0,"14":0,"15":0,"16":0,"17":0,"18":0,"19":0,"20":0,"21":3},"f":{"0":0},"b":{"0":[0,0],"1":[0,0,0],"2":[0,0],"3":[0,0],"4":[0,0],"5":[0,0]},"inputSourceMap":null,"_coverageSchema":"1a1c01bbd47fc00a2c39e90264f33305004495a9","hash":"a3651b63001eb82f1b8fb155aa5c1699bc07c7af"}
,"C:\\Users\\dessa\\Projects\\pt-practice-automation\\server\\src\\controllers\\authController.js": {"path":"C:\\Users\\dessa\\Projects\\pt-practice-automation\\server\\src\\controllers\\authController.js","statementMap":{"0":{"start":{"line":2,"column":14},"end":{"line":2,"column":43}},"1":{"start":{"line":3,"column":29},"end":{"line":3,"column":57}},"2":{"start":{"line":4,"column":26},"end":{"line":4,"column":60}},"3":{"start":{"line":6,"column":23},"end":{"line":319,"column":1}},"4":{"start":{"line":13,"column":4},"end":{"line":98,"column":5}},"5":{"start":{"line":15,"column":21},"end":{"line":15,"column":42}},"6":{"start":{"line":16,"column":6},"end":{"line":22,"column":7}},"7":{"start":{"line":17,"column":8},"end":{"line":21,"column":11}},"8":{"start":{"line":24,"column":58},"end":{"line":24,"column":66}},"9":{"start":{"line":26,"column":6},"end":{"line":26,"column":55}},"10":{"start":{"line":29,"column":27},"end":{"line":34,"column":8}},"11":{"start":{"line":36,"column":6},"end":{"line":36,"column":73}},"12":{"start":{"line":39,"column":23},"end":{"line":39,"column":60}},"13":{"start":{"line":40,"column":19},"end":{"line":48,"column":8}},"14":{"start":{"line":50,"column":6},"end":{"line":50,"column":55}},"15":{"start":{"line":53,"column":26},"end":{"line":57,"column":8}},"16":{"start":{"line":59,"column":6},"end":{"line":73,"column":9}},"17":{"start":{"line":76,"column":6},"end":{"line":76,"column":52}},"18":{"start":{"line":79,"column":6},"end":{"line":84,"column":7}},"19":{"start":{"line":80,"column":8},"end":{"line":83,"column":11}},"20":{"start":{"line":86,"column":6},"end":{"line":91,"column":7}},"21":{"start":{"line":87,"column":8},"end":{"line":90,"column":11}},"22":{"start":{"line":93,"column":6},"end":{"line":97,"column":9}},"23":{"start":{"line":106,"column":4},"end":{"line":188,"column":5}},"24":{"start":{"line":108,"column":21},"end":{"line":108,"column":42}},"25":{"start":{"line":109,"column":6},"end":{"line":115,"column":7}},"26":{"start":{"line":110,"column":8},"end":{"line":114,"column":11}},"27":{"start":{"line":117,"column":26},"end":{"line":117,"column":34}},"28":{"start":{"line":119,"column":6},"end":{"line":119,"column":55}},"29":{"start":{"line":122,"column":27},"end":{"line":122,"column":68}},"30":{"start":{"line":123,"column":6},"end":{"line":123,"column":74}},"31":{"start":{"line":126,"column":23},"end":{"line":126,"column":60}},"32":{"start":{"line":127,"column":19},"end":{"line":127,"column":69}},"33":{"start":{"line":129,"column":6},"end":{"line":135,"column":7}},"34":{"start":{"line":130,"column":8},"end":{"line":130,"column":88}},"35":{"start":{"line":131,"column":8},"end":{"line":134,"column":11}},"36":{"start":{"line":137,"column":6},"end":{"line":137,"column":75}},"37":{"start":{"line":140,"column":6},"end":{"line":146,"column":7}},"38":{"start":{"line":141,"column":8},"end":{"line":143,"column":11}},"39":{"start":{"line":145,"column":8},"end":{"line":145,"column":81}},"40":{"start":{"line":148,"column":6},"end":{"line":163,"column":9}},"41":{"start":{"line":166,"column":6},"end":{"line":166,"column":45}},"42":{"start":{"line":169,"column":6},"end":{"line":174,"column":7}},"43":{"start":{"line":170,"column":8},"end":{"line":173,"column":11}},"44":{"start":{"line":176,"column":6},"end":{"line":181,"column":7}},"45":{"start":{"line":177,"column":8},"end":{"line":180,"column":11}},"46":{"start":{"line":183,"column":6},"end":{"line":187,"column":9}},"47":{"start":{"line":196,"column":4},"end":{"line":230,"column":5}},"48":{"start":{"line":198,"column":6},"end":{"line":203,"column":7}},"49":{"start":{"line":199,"column":8},"end":{"line":202,"column":11}},"50":{"start":{"line":205,"column":6},"end":{"line":222,"column":9}},"51":{"start":{"line":225,"column":6},"end":{"line":225,"column":45}},"52":{"start":{"line":226,"column":6},"end":{"line":229,"column":9}},"53":{"start":{"line":238,"column":4},"end":{"line":317,"column":5}},"54":{"start":{"line":240,"column":21},"end":{"line":240,"column":42}},"55":{"start":{"line":241,"column":6},"end":{"line":247,"column":7}},"56":{"start":{"line":242,"column":8},"end":{"line":246,"column":11}},"57":{"start":{"line":249,"column":106},"end":{"line":249,"column":114}},"58":{"start":{"line":251,"column":6},"end":{"line":251,"column":64}},"59":{"start":{"line":254,"column":6},"end":{"line":263,"column":7}},"60":{"start":{"line":255,"column":8},"end":{"line":262,"column":9}},"61":{"start":{"line":256,"column":10},"end":{"line":258,"column":13}},"62":{"start":{"line":259,"column":10},"end":{"line":259,"column":52}},"63":{"start":{"line":261,"column":10},"end":{"line":261,"column":86}},"64":{"start":{"line":266,"column":25},"end":{"line":268,"column":7}},"65":{"start":{"line":270,"column":6},"end":{"line":270,"column":68}},"66":{"start":{"line":270,"column":35},"end":{"line":270,"column":68}},"67":{"start":{"line":271,"column":6},"end":{"line":271,"column":65}},"68":{"start":{"line":271,"column":34},"end":{"line":271,"column":65}},"69":{"start":{"line":272,"column":6},"end":{"line":272,"column":56}},"70":{"start":{"line":272,"column":31},"end":{"line":272,"column":56}},"71":{"start":{"line":273,"column":6},"end":{"line":273,"column":68}},"72":{"start":{"line":273,"column":35},"end":{"line":273,"column":68}},"73":{"start":{"line":274,"column":6},"end":{"line":274,"column":68}},"74":{"start":{"line":274,"column":35},"end":{"line":274,"column":68}},"75":{"start":{"line":275,"column":6},"end":{"line":275,"column":92}},"76":{"start":{"line":275,"column":43},"end":{"line":275,"column":92}},"77":{"start":{"line":276,"column":6},"end":{"line":276,"column":95}},"78":{"start":{"line":276,"column":44},"end":{"line":276,"column":95}},"79":{"start":{"line":278,"column":23},"end":{"line":278,"column":60}},"80":{"start":{"line":279,"column":26},"end":{"line":279,"column":72}},"81":{"start":{"line":281,"column":6},"end":{"line":286,"column":7}},"82":{"start":{"line":282,"column":8},"end":{"line":285,"column":11}},"83":{"start":{"line":288,"column":6},"end":{"line":288,"column":48}},"84":{"start":{"line":290,"column":6},"end":{"line":308,"column":9}},"85":{"start":{"line":311,"column":6},"end":{"line":311,"column":54}},"86":{"start":{"line":312,"column":6},"end":{"line":316,"column":9}},"87":{"start":{"line":321,"column":0},"end":{"line":321,"column":32}}},"fnMap":{"0":{"name":"(anonymous_0)","decl":{"start":{"line":12,"column":12},"end":{"line":12,"column":13}},"loc":{"start":{"line":12,"column":32},"end":{"line":99,"column":3}},"line":12},"1":{"name":"(anonymous_1)","decl":{"start":{"line":105,"column":9},"end":{"line":105,"column":10}},"loc":{"start":{"line":105,"column":29},"end":{"line":189,"column":3}},"line":105},"2":{"name":"(anonymous_2)","decl":{"start":{"line":195,"column":9},"end":{"line":195,"column":10}},"loc":{"start":{"line":195,"column":29},"end":{"line":231,"column":3}},"line":195},"3":{"name":"(anonymous_3)","decl":{"start":{"line":237,"column":17},"end":{"line":237,"column":18}},"loc":{"start":{"line":237,"column":37},"end":{"line":318,"column":3}},"line":237}},"branchMap":{"0":{"loc":{"start":{"line":16,"column":6},"end":{"line":22,"column":7}},"type":"if","locations":[{"start":{"line":16,"column":6},"end":{"line":22,"column":7}},{"start":{},"end":{}}],"line":16},"1":{"loc":{"start":{"line":79,"column":6},"end":{"line":84,"column":7}},"type":"if","locations":[{"start":{"line":79,"column":6},"end":{"line":84,"column":7}},{"start":{},"end":{}}],"line":79},"2":{"loc":{"start":{"line":86,"column":6},"end":{"line":91,"column":7}},"type":"if","locations":[{"start":{"line":86,"column":6},"end":{"line":91,"column":7}},{"start":{},"end":{}}],"line":86},"3":{"loc":{"start":{"line":96,"column":15},"end":{"line":96,"column":95}},"type":"cond-expr","locations":[{"start":{"line":96,"column":56},"end":{"line":96,"column":69}},{"start":{"line":96,"column":72},"end":{"line":96,"column":95}}],"line":96},"4":{"loc":{"start":{"line":109,"column":6},"end":{"line":115,"column":7}},"type":"if","locations":[{"start":{"line":109,"column":6},"end":{"line":115,"column":7}},{"start":{},"end":{}}],"line":109},"5":{"loc":{"start":{"line":129,"column":6},"end":{"line":135,"column":7}},"type":"if","locations":[{"start":{"line":129,"column":6},"end":{"line":135,"column":7}},{"start":{},"end":{}}],"line":129},"6":{"loc":{"start":{"line":169,"column":6},"end":{"line":174,"column":7}},"type":"if","locations":[{"start":{"line":169,"column":6},"end":{"line":174,"column":7}},{"start":{},"end":{}}],"line":169},"7":{"loc":{"start":{"line":176,"column":6},"end":{"line":181,"column":7}},"type":"if","locations":[{"start":{"line":176,"column":6},"end":{"line":181,"column":7}},{"start":{},"end":{}}],"line":176},"8":{"loc":{"start":{"line":186,"column":15},"end":{"line":186,"column":93}},"type":"cond-expr","locations":[{"start":{"line":186,"column":56},"end":{"line":186,"column":69}},{"start":{"line":186,"column":72},"end":{"line":186,"column":93}}],"line":186},"9":{"loc":{"start":{"line":198,"column":6},"end":{"line":203,"column":7}},"type":"if","locations":[{"start":{"line":198,"column":6},"end":{"line":203,"column":7}},{"start":{},"end":{}}],"line":198},"10":{"loc":{"start":{"line":241,"column":6},"end":{"line":247,"column":7}},"type":"if","locations":[{"start":{"line":241,"column":6},"end":{"line":247,"column":7}},{"start":{},"end":{}}],"line":241},"11":{"loc":{"start":{"line":254,"column":6},"end":{"line":263,"column":7}},"type":"if","locations":[{"start":{"line":254,"column":6},"end":{"line":263,"column":7}},{"start":{},"end":{}}],"line":254},"12":{"loc":{"start":{"line":254,"column":10},"end":{"line":254,"column":31}},"type":"binary-expr","locations":[{"start":{"line":254,"column":10},"end":{"line":254,"column":19}},{"start":{"line":254,"column":23},"end":{"line":254,"column":31}}],"line":254},"13":{"loc":{"start":{"line":257,"column":28},"end":{"line":257,"column":59}},"type":"binary-expr","locations":[{"start":{"line":257,"column":28},"end":{"line":257,"column":37}},{"start":{"line":257,"column":41},"end":{"line":257,"column":59}}],"line":257},"14":{"loc":{"start":{"line":257,"column":63},"end":{"line":257,"column":92}},"type":"binary-expr","locations":[{"start":{"line":257,"column":63},"end":{"line":257,"column":71}},{"start":{"line":257,"column":75},"end":{"line":257,"column":92}}],"line":257},"15":{"loc":{"start":{"line":270,"column":6},"end":{"line":270,"column":68}},"type":"if","locations":[{"start":{"line":270,"column":6},"end":{"line":270,"column":68}},{"start":{},"end":{}}],"line":270},"16":{"loc":{"start":{"line":271,"column":6},"end":{"line":271,"column":65}},"type":"if","locations":[{"start":{"line":271,"column":6},"end":{"line":271,"column":65}},{"start":{},"end":{}}],"line":271},"17":{"loc":{"start":{"line":272,"column":6},"end":{"line":272,"column":56}},"type":"if","locations":[{"start":{"line":272,"column":6},"end":{"line":272,"column":56}},{"start":{},"end":{}}],"line":272},"18":{"loc":{"start":{"line":273,"column":6},"end":{"line":273,"column":68}},"type":"if","locations":[{"start":{"line":273,"column":6},"end":{"line":273,"column":68}},{"start":{},"end":{}}],"line":273},"19":{"loc":{"start":{"line":274,"column":6},"end":{"line":274,"column":68}},"type":"if","locations":[{"start":{"line":274,"column":6},"end":{"line":274,"column":68}},{"start":{},"end":{}}],"line":274},"20":{"loc":{"start":{"line":275,"column":6},"end":{"line":275,"column":92}},"type":"if","locations":[{"start":{"line":275,"column":6},"end":{"line":275,"column":92}},{"start":{},"end":{}}],"line":275},"21":{"loc":{"start":{"line":276,"column":6},"end":{"line":276,"column":95}},"type":"if","locations":[{"start":{"line":276,"column":6},"end":{"line":276,"column":95}},{"start":{},"end":{}}],"line":276},"22":{"loc":{"start":{"line":281,"column":6},"end":{"line":286,"column":7}},"type":"if","locations":[{"start":{"line":281,"column":6},"end":{"line":286,"column":7}},{"start":{},"end":{}}],"line":281},"23":{"loc":{"start":{"line":315,"column":15},"end":{"line":315,"column":95}},"type":"cond-expr","locations":[{"start":{"line":315,"column":56},"end":{"line":315,"column":69}},{"start":{"line":315,"column":72},"end":{"line":315,"column":95}}],"line":315}},"s":{"0":3,"1":3,"2":3,"3":3,"4":0,"5":0,"6":0,"7":0,"8":0,"9":0,"10":0,"11":0,"12":0,"13":0,"14":0,"15":0,"16":0,"17":0,"18":0,"19":0,"20":0,"21":0,"22":0,"23":0,"24":0,"25":0,"26":0,"27":0,"28":0,"29":0,"30":0,"31":0,"32":0,"33":0,"34":0,"35":0,"36":0,"37":0,"38":0,"39":0,"40":0,"41":0,"42":0,"43":0,"44":0,"45":0,"46":0,"47":0,"48":0,"49":0,"50":0,"51":0,"52":0,"53":0,"54":0,"55":0,"56":0,"57":0,"58":0,"59":0,"60":0,"61":0,"62":0,"63":0,"64":0,"65":0,"66":0,"67":0,"68":0,"69":0,"70":0,"71":0,"72":0,"73":0,"74":0,"75":0,"76":0,"77":0,"78":0,"79":0,"80":0,"81":0,"82":0,"83":0,"84":0,"85":0,"86":0,"87":3},"f":{"0":0,"1":0,"2":0,"3":0},"b":{"0":[0,0],"1":[0,0],"2":[0,0],"3":[0,0],"4":[0,0],"5":[0,0],"6":[0,0],"7":[0,0],"8":[0,0],"9":[0,0],"10":[0,0],"11":[0,0],"12":[0,0],"13":[0,0],"14":[0,0],"15":[0,0],"16":[0,0],"17":[0,0],"18":[0,0],"19":[0,0],"20":[0,0],"21":[0,0],"22":[0,0],"23":[0,0]},"inputSourceMap":null,"_coverageSchema":"1a1c01bbd47fc00a2c39e90264f33305004495a9","hash":"263e7fe73796cbb3fe8402c29927c7a3e968d8e0"}
,"C:\\Users\\dessa\\Projects\\pt-practice-automation\\server\\src\\controllers\\feedbackController.js": {"path":"C:\\Users\\dessa\\Projects\\pt-practice-automation\\server\\src\\controllers\\feedbackController.js","statementMap":{"0":{"start":{"line":1,"column":26},"end":{"line":1,"column":60}},"1":{"start":{"line":5,"column":4},"end":{"line":5,"column":66}},"2":{"start":{"line":6,"column":4},"end":{"line":6,"column":53}},"3":{"start":{"line":9,"column":19},"end":{"line":23,"column":3}},"4":{"start":{"line":10,"column":4},"end":{"line":22,"column":5}},"5":{"start":{"line":11,"column":23},"end":{"line":14,"column":8}},"6":{"start":{"line":15,"column":6},"end":{"line":19,"column":9}},"7":{"start":{"line":21,"column":6},"end":{"line":21,"column":71}},"8":{"start":{"line":25,"column":16},"end":{"line":44,"column":3}},"9":{"start":{"line":26,"column":4},"end":{"line":43,"column":5}},"10":{"start":{"line":27,"column":61},"end":{"line":27,"column":70}},"11":{"start":{"line":28,"column":19},"end":{"line":28,"column":37}},"12":{"start":{"line":30,"column":21},"end":{"line":30,"column":82}},"13":{"start":{"line":31,"column":6},"end":{"line":40,"column":9}},"14":{"start":{"line":42,"column":6},"end":{"line":42,"column":71}},"15":{"start":{"line":47,"column":0},"end":{"line":47,"column":42}}},"fnMap":{"0":{"name":"(anonymous_0)","decl":{"start":{"line":4,"column":2},"end":{"line":4,"column":3}},"loc":{"start":{"line":4,"column":16},"end":{"line":7,"column":3}},"line":4},"1":{"name":"(anonymous_1)","decl":{"start":{"line":9,"column":19},"end":{"line":9,"column":20}},"loc":{"start":{"line":9,"column":39},"end":{"line":23,"column":3}},"line":9},"2":{"name":"(anonymous_2)","decl":{"start":{"line":25,"column":16},"end":{"line":25,"column":17}},"loc":{"start":{"line":25,"column":36},"end":{"line":44,"column":3}},"line":25}},"branchMap":{"0":{"loc":{"start":{"line":27,"column":14},"end":{"line":27,"column":34}},"type":"default-arg","locations":[{"start":{"line":27,"column":23},"end":{"line":27,"column":34}}],"line":27},"1":{"loc":{"start":{"line":27,"column":36},"end":{"line":27,"column":44}},"type":"default-arg","locations":[{"start":{"line":27,"column":43},"end":{"line":27,"column":44}}],"line":27},"2":{"loc":{"start":{"line":27,"column":46},"end":{"line":27,"column":56}},"type":"default-arg","locations":[{"start":{"line":27,"column":54},"end":{"line":27,"column":56}}],"line":27}},"s":{"0":3,"1":3,"2":3,"3":3,"4":0,"5":0,"6":0,"7":0,"8":3,"9":0,"10":0,"11":0,"12":0,"13":0,"14":0,"15":3},"f":{"0":3,"1":0,"2":0},"b":{"0":[0],"1":[0],"2":[0]},"inputSourceMap":null,"_coverageSchema":"1a1c01bbd47fc00a2c39e90264f33305004495a9","hash":"8a6ec87f3609ff89b79040e514e3254495e67341"}
,"C:\\Users\\dessa\\Projects\\pt-practice-automation\\server\\src\\controllers\\leaseController.js": {"path":"C:\\Users\\dessa\\Projects\\pt-practice-automation\\server\\src\\controllers\\leaseController.js","statementMap":{"0":{"start":{"line":2,"column":26},"end":{"line":2,"column":60}},"1":{"start":{"line":7,"column":4},"end":{"line":7,"column":60}},"2":{"start":{"line":8,"column":4},"end":{"line":8,"column":83}},"3":{"start":{"line":12,"column":14},"end":{"line":46,"column":3}},"4":{"start":{"line":13,"column":4},"end":{"line":45,"column":5}},"5":{"start":{"line":14,"column":69},"end":{"line":14,"column":78}},"6":{"start":{"line":15,"column":19},"end":{"line":15,"column":37}},"7":{"start":{"line":17,"column":22},"end":{"line":17,"column":24}},"8":{"start":{"line":18,"column":6},"end":{"line":18,"column":42}},"9":{"start":{"line":18,"column":18},"end":{"line":18,"column":42}},"10":{"start":{"line":19,"column":6},"end":{"line":19,"column":54}},"11":{"start":{"line":19,"column":22},"end":{"line":19,"column":54}},"12":{"start":{"line":20,"column":6},"end":{"line":20,"column":48}},"13":{"start":{"line":20,"column":20},"end":{"line":20,"column":48}},"14":{"start":{"line":23,"column":21},"end":{"line":27,"column":8}},"15":{"start":{"line":30,"column":6},"end":{"line":39,"column":9}},"16":{"start":{"line":41,"column":6},"end":{"line":44,"column":9}},"17":{"start":{"line":49,"column":13},"end":{"line":74,"column":3}},"18":{"start":{"line":50,"column":4},"end":{"line":73,"column":5}},"19":{"start":{"line":51,"column":21},"end":{"line":51,"column":31}},"20":{"start":{"line":54,"column":20},"end":{"line":54,"column":53}},"21":{"start":{"line":56,"column":6},"end":{"line":61,"column":7}},"22":{"start":{"line":57,"column":8},"end":{"line":60,"column":11}},"23":{"start":{"line":64,"column":6},"end":{"line":67,"column":9}},"24":{"start":{"line":69,"column":6},"end":{"line":72,"column":9}},"25":{"start":{"line":77,"column":16},"end":{"line":99,"column":3}},"26":{"start":{"line":78,"column":4},"end":{"line":98,"column":5}},"27":{"start":{"line":79,"column":24},"end":{"line":82,"column":7}},"28":{"start":{"line":85,"column":20},"end":{"line":85,"column":58}},"29":{"start":{"line":88,"column":6},"end":{"line":92,"column":9}},"30":{"start":{"line":94,"column":6},"end":{"line":97,"column":9}},"31":{"start":{"line":102,"column":16},"end":{"line":126,"column":3}},"32":{"start":{"line":103,"column":4},"end":{"line":125,"column":5}},"33":{"start":{"line":104,"column":21},"end":{"line":104,"column":31}},"34":{"start":{"line":106,"column":20},"end":{"line":106,"column":61}},"35":{"start":{"line":108,"column":6},"end":{"line":113,"column":7}},"36":{"start":{"line":109,"column":8},"end":{"line":112,"column":11}},"37":{"start":{"line":115,"column":6},"end":{"line":119,"column":9}},"38":{"start":{"line":121,"column":6},"end":{"line":124,"column":9}},"39":{"start":{"line":129,"column":16},"end":{"line":152,"column":3}},"40":{"start":{"line":130,"column":4},"end":{"line":151,"column":5}},"41":{"start":{"line":131,"column":21},"end":{"line":131,"column":31}},"42":{"start":{"line":133,"column":22},"end":{"line":133,"column":53}},"43":{"start":{"line":135,"column":6},"end":{"line":140,"column":7}},"44":{"start":{"line":136,"column":8},"end":{"line":139,"column":11}},"45":{"start":{"line":142,"column":6},"end":{"line":145,"column":9}},"46":{"start":{"line":147,"column":6},"end":{"line":150,"column":9}},"47":{"start":{"line":155,"column":24},"end":{"line":174,"column":3}},"48":{"start":{"line":156,"column":4},"end":{"line":173,"column":5}},"49":{"start":{"line":157,"column":29},"end":{"line":157,"column":39}},"50":{"start":{"line":158,"column":24},"end":{"line":158,"column":33}},"51":{"start":{"line":160,"column":21},"end":{"line":162,"column":8}},"52":{"start":{"line":164,"column":6},"end":{"line":167,"column":9}},"53":{"start":{"line":169,"column":6},"end":{"line":172,"column":9}},"54":{"start":{"line":177,"column":22},"end":{"line":196,"column":3}},"55":{"start":{"line":178,"column":4},"end":{"line":195,"column":5}},"56":{"start":{"line":179,"column":27},"end":{"line":179,"column":37}},"57":{"start":{"line":180,"column":24},"end":{"line":180,"column":33}},"58":{"start":{"line":182,"column":21},"end":{"line":184,"column":8}},"59":{"start":{"line":186,"column":6},"end":{"line":189,"column":9}},"60":{"start":{"line":191,"column":6},"end":{"line":194,"column":9}},"61":{"start":{"line":199,"column":20},"end":{"line":213,"column":3}},"62":{"start":{"line":200,"column":4},"end":{"line":212,"column":5}},"63":{"start":{"line":201,"column":21},"end":{"line":201,"column":60}},"64":{"start":{"line":203,"column":6},"end":{"line":206,"column":9}},"65":{"start":{"line":208,"column":6},"end":{"line":211,"column":9}},"66":{"start":{"line":216,"column":22},"end":{"line":232,"column":3}},"67":{"start":{"line":217,"column":4},"end":{"line":231,"column":5}},"68":{"start":{"line":218,"column":28},"end":{"line":218,"column":37}},"69":{"start":{"line":220,"column":21},"end":{"line":220,"column":76}},"70":{"start":{"line":222,"column":6},"end":{"line":225,"column":9}},"71":{"start":{"line":227,"column":6},"end":{"line":230,"column":9}},"72":{"start":{"line":236,"column":24},"end":{"line":236,"column":45}},"73":{"start":{"line":237,"column":0},"end":{"line":237,"column":33}}},"fnMap":{"0":{"name":"(anonymous_0)","decl":{"start":{"line":5,"column":2},"end":{"line":5,"column":3}},"loc":{"start":{"line":5,"column":16},"end":{"line":9,"column":3}},"line":5},"1":{"name":"(anonymous_1)","decl":{"start":{"line":12,"column":14},"end":{"line":12,"column":15}},"loc":{"start":{"line":12,"column":34},"end":{"line":46,"column":3}},"line":12},"2":{"name":"(anonymous_2)","decl":{"start":{"line":49,"column":13},"end":{"line":49,"column":14}},"loc":{"start":{"line":49,"column":33},"end":{"line":74,"column":3}},"line":49},"3":{"name":"(anonymous_3)","decl":{"start":{"line":77,"column":16},"end":{"line":77,"column":17}},"loc":{"start":{"line":77,"column":36},"end":{"line":99,"column":3}},"line":77},"4":{"name":"(anonymous_4)","decl":{"start":{"line":102,"column":16},"end":{"line":102,"column":17}},"loc":{"start":{"line":102,"column":36},"end":{"line":126,"column":3}},"line":102},"5":{"name":"(anonymous_5)","decl":{"start":{"line":129,"column":16},"end":{"line":129,"column":17}},"loc":{"start":{"line":129,"column":36},"end":{"line":152,"column":3}},"line":129},"6":{"name":"(anonymous_6)","decl":{"start":{"line":155,"column":24},"end":{"line":155,"column":25}},"loc":{"start":{"line":155,"column":44},"end":{"line":174,"column":3}},"line":155},"7":{"name":"(anonymous_7)","decl":{"start":{"line":177,"column":22},"end":{"line":177,"column":23}},"loc":{"start":{"line":177,"column":42},"end":{"line":196,"column":3}},"line":177},"8":{"name":"(anonymous_8)","decl":{"start":{"line":199,"column":20},"end":{"line":199,"column":21}},"loc":{"start":{"line":199,"column":40},"end":{"line":213,"column":3}},"line":199},"9":{"name":"(anonymous_9)","decl":{"start":{"line":216,"column":22},"end":{"line":216,"column":23}},"loc":{"start":{"line":216,"column":42},"end":{"line":232,"column":3}},"line":216}},"branchMap":{"0":{"loc":{"start":{"line":14,"column":14},"end":{"line":14,"column":22}},"type":"default-arg","locations":[{"start":{"line":14,"column":21},"end":{"line":14,"column":22}}],"line":14},"1":{"loc":{"start":{"line":14,"column":24},"end":{"line":14,"column":34}},"type":"default-arg","locations":[{"start":{"line":14,"column":32},"end":{"line":14,"column":34}}],"line":14},"2":{"loc":{"start":{"line":18,"column":6},"end":{"line":18,"column":42}},"type":"if","locations":[{"start":{"line":18,"column":6},"end":{"line":18,"column":42}},{"start":{},"end":{}}],"line":18},"3":{"loc":{"start":{"line":19,"column":6},"end":{"line":19,"column":54}},"type":"if","locations":[{"start":{"line":19,"column":6},"end":{"line":19,"column":54}},{"start":{},"end":{}}],"line":19},"4":{"loc":{"start":{"line":20,"column":6},"end":{"line":20,"column":48}},"type":"if","locations":[{"start":{"line":20,"column":6},"end":{"line":20,"column":48}},{"start":{},"end":{}}],"line":20},"5":{"loc":{"start":{"line":56,"column":6},"end":{"line":61,"column":7}},"type":"if","locations":[{"start":{"line":56,"column":6},"end":{"line":61,"column":7}},{"start":{},"end":{}}],"line":56},"6":{"loc":{"start":{"line":108,"column":6},"end":{"line":113,"column":7}},"type":"if","locations":[{"start":{"line":108,"column":6},"end":{"line":113,"column":7}},{"start":{},"end":{}}],"line":108},"7":{"loc":{"start":{"line":135,"column":6},"end":{"line":140,"column":7}},"type":"if","locations":[{"start":{"line":135,"column":6},"end":{"line":140,"column":7}},{"start":{},"end":{}}],"line":135},"8":{"loc":{"start":{"line":161,"column":15},"end":{"line":161,"column":50}},"type":"cond-expr","locations":[{"start":{"line":161,"column":23},"end":{"line":161,"column":38}},{"start":{"line":161,"column":41},"end":{"line":161,"column":50}}],"line":161},"9":{"loc":{"start":{"line":183,"column":15},"end":{"line":183,"column":50}},"type":"cond-expr","locations":[{"start":{"line":183,"column":23},"end":{"line":183,"column":38}},{"start":{"line":183,"column":41},"end":{"line":183,"column":50}}],"line":183},"10":{"loc":{"start":{"line":218,"column":14},"end":{"line":218,"column":23}},"type":"default-arg","locations":[{"start":{"line":218,"column":21},"end":{"line":218,"column":23}}],"line":218}},"s":{"0":3,"1":3,"2":3,"3":3,"4":0,"5":0,"6":0,"7":0,"8":0,"9":0,"10":0,"11":0,"12":0,"13":0,"14":0,"15":0,"16":0,"17":3,"18":0,"19":0,"20":0,"21":0,"22":0,"23":0,"24":0,"25":3,"26":0,"27":0,"28":0,"29":0,"30":0,"31":3,"32":0,"33":0,"34":0,"35":0,"36":0,"37":0,"38":0,"39":3,"40":0,"41":0,"42":0,"43":0,"44":0,"45":0,"46":0,"47":3,"48":0,"49":0,"50":0,"51":0,"52":0,"53":0,"54":3,"55":0,"56":0,"57":0,"58":0,"59":0,"60":0,"61":3,"62":0,"63":0,"64":0,"65":0,"66":3,"67":0,"68":0,"69":0,"70":0,"71":0,"72":3,"73":3},"f":{"0":3,"1":0,"2":0,"3":0,"4":0,"5":0,"6":0,"7":0,"8":0,"9":0},"b":{"0":[0],"1":[0],"2":[0,0],"3":[0,0],"4":[0,0],"5":[0,0],"6":[0,0],"7":[0,0],"8":[0,0],"9":[0,0],"10":[0]},"inputSourceMap":null,"_coverageSchema":"1a1c01bbd47fc00a2c39e90264f33305004495a9","hash":"901315af34be00ac41bdc283a7fca2ff4bdb558d"}
,"C:\\Users\\dessa\\Projects\\pt-practice-automation\\server\\src\\controllers\\maintenanceController.js": {"path":"C:\\Users\\dessa\\Projects\\pt-practice-automation\\server\\src\\controllers\\maintenanceController.js","statementMap":{"0":{"start":{"line":2,"column":29},"end":{"line":2,"column":57}},"1":{"start":{"line":3,"column":26},"end":{"line":3,"column":60}},"2":{"start":{"line":8,"column":4},"end":{"line":8,"column":73}},"3":{"start":{"line":9,"column":4},"end":{"line":9,"column":89}},"4":{"start":{"line":13,"column":15},"end":{"line":48,"column":3}},"5":{"start":{"line":14,"column":4},"end":{"line":47,"column":5}},"6":{"start":{"line":15,"column":95},"end":{"line":15,"column":104}},"7":{"start":{"line":17,"column":20},"end":{"line":17,"column":22}},"8":{"start":{"line":18,"column":6},"end":{"line":18,"column":50}},"9":{"start":{"line":18,"column":20},"end":{"line":18,"column":50}},"10":{"start":{"line":19,"column":6},"end":{"line":19,"column":44}},"11":{"start":{"line":19,"column":18},"end":{"line":19,"column":44}},"12":{"start":{"line":20,"column":6},"end":{"line":20,"column":57}},"13":{"start":{"line":20,"column":18},"end":{"line":20,"column":57}},"14":{"start":{"line":21,"column":6},"end":{"line":21,"column":63}},"15":{"start":{"line":21,"column":20},"end":{"line":21,"column":63}},"16":{"start":{"line":23,"column":19},"end":{"line":23,"column":57}},"17":{"start":{"line":25,"column":21},"end":{"line":29,"column":8}},"18":{"start":{"line":31,"column":6},"end":{"line":40,"column":9}},"19":{"start":{"line":42,"column":6},"end":{"line":46,"column":9}},"20":{"start":{"line":51,"column":14},"end":{"line":73,"column":3}},"21":{"start":{"line":52,"column":4},"end":{"line":72,"column":5}},"22":{"start":{"line":53,"column":21},"end":{"line":53,"column":66}},"23":{"start":{"line":55,"column":6},"end":{"line":60,"column":7}},"24":{"start":{"line":56,"column":8},"end":{"line":59,"column":11}},"25":{"start":{"line":62,"column":6},"end":{"line":65,"column":9}},"26":{"start":{"line":67,"column":6},"end":{"line":71,"column":9}},"27":{"start":{"line":76,"column":17},"end":{"line":101,"column":3}},"28":{"start":{"line":77,"column":4},"end":{"line":100,"column":5}},"29":{"start":{"line":78,"column":21},"end":{"line":78,"column":42}},"30":{"start":{"line":79,"column":6},"end":{"line":85,"column":7}},"31":{"start":{"line":80,"column":8},"end":{"line":84,"column":11}},"32":{"start":{"line":87,"column":21},"end":{"line":87,"column":59}},"33":{"start":{"line":89,"column":6},"end":{"line":93,"column":9}},"34":{"start":{"line":95,"column":6},"end":{"line":99,"column":9}},"35":{"start":{"line":104,"column":17},"end":{"line":127,"column":3}},"36":{"start":{"line":105,"column":4},"end":{"line":126,"column":5}},"37":{"start":{"line":106,"column":21},"end":{"line":106,"column":74}},"38":{"start":{"line":108,"column":6},"end":{"line":113,"column":7}},"39":{"start":{"line":109,"column":8},"end":{"line":112,"column":11}},"40":{"start":{"line":115,"column":6},"end":{"line":119,"column":9}},"41":{"start":{"line":121,"column":6},"end":{"line":125,"column":9}},"42":{"start":{"line":131,"column":19},"end":{"line":153,"column":1}},"43":{"start":{"line":132,"column":2},"end":{"line":152,"column":3}},"44":{"start":{"line":133,"column":19},"end":{"line":139,"c
[...]
e":28,"column":8},"end":{"line":28,"column":28}},"7":{"start":{"line":31,"column":23},"end":{"line":39,"column":8}},"8":{"start":{"line":41,"column":6},"end":{"line":54,"column":3}},"9":{"start":{"line":55,"column":6},"end":{"line":55,"column":22}},"10":{"start":{"line":57,"column":6},"end":{"line":57,"column":62}},"11":{"start":{"line":58,"column":6},"end":{"line":58,"column":59}},"12":{"start":{"line":64,"column":4},"end":{"line":94,"column":5}},"13":{"start":{"line":66,"column":6},"end":{"line":68,"column":7}},"14":{"start":{"line":67,"column":8},"end":{"line":67,"column":43}},"15":{"start":{"line":70,"column":86},"end":{"line":70,"column":97}},"16":{"start":{"line":72,"column":28},"end":{"line":88,"column":8}},"17":{"start":{"line":90,"column":6},"end":{"line":90,"column":27}},"18":{"start":{"line":92,"column":6},"end":{"line":92,"column":56}},"19":{"start":{"line":93,"column":6},"end":{"line":93,"column":51}},"20":{"start":{"line":99,"column":4},"end":{"line":104,"column":6}},"21":{"start":{"line":108,"column":4},"end":{"line":114,"column":6}},"22":{"start":{"line":118,"column":0},"end":{"line":118,"column":37}}},"fnMap":{"0":{"name":"(anonymous_0)","decl":{"start":{"line":7,"column":2},"end":{"line":7,"column":3}},"loc":{"start":{"line":7,"column":29},"end":{"line":60,"column":3}},"line":7},"1":{"name":"(anonymous_1)","decl":{"start":{"line":63,"column":2},"end":{"line":63,"column":3}},"loc":{"start":{"line":63,"column":40},"end":{"line":95,"column":3}},"line":63},"2":{"name":"(anonymous_2)","decl":{"start":{"line":98,"column":2},"end":{"line":98,"column":3}},"loc":{"start":{"line":98,"column":20},"end":{"line":105,"column":3}},"line":98},"3":{"name":"(anonymous_3)","decl":{"start":{"line":107,"column":2},"end":{"line":107,"column":3}},"loc":{"start":{"line":107,"column":25},"end":{"line":115,"column":3}},"line":107}},"branchMap":{"0":{"loc":{"start":{"line":10,"column":6},"end":{"line":29,"column":7}},"type":"if","locations":[{"start":{"line":10,"column":6},"end":{"line":29,"column":7}},{"start":{},"end":{}}],"line":10},"1":{"loc":{"start":{"line":66,"column":6},"end":{"line":68,"column":7}},"type":"if","locations":[{"start":{"line":66,"column":6},"end":{"line":68,"column":7}},{"start":{},"end":{}}],"line":66},"2":{"loc":{"start":{"line":79,"column":21},"end":{"line":79,"column":64}},"type":"binary-expr","locations":[{"start":{"line":79,"column":21},"end":{"line":79,"column":32}},{"start":{"line":79,"column":36},"end":{"line":79,"column":64}}],"line":79}},"s":{"0":3,"1":3,"2":0,"3":0,"4":0,"5":0,"6":0,"7":0,"8":0,"9":0,"10":0,"11":0,"12":0,"13":0,"14":0,"15":0,"16":0,"17":0,"18":0,"19":0,"20":0,"21":0,"22":3},"f":{"0":0,"1":0,"2":0,"3":0},"b":{"0":[0,0],"1":[0,0],"2":[0,0]},"inputSourceMap":null,"_coverageSchema":"1a1c01bbd47fc00a2c39e90264f33305004495a9","hash":"1979d780f30e07136087a33e75bdb110f0b411eb"}
,"C:\\Users\\dessa\\Projects\\pt-practice-automation\\server\\src\\utils\\pdf.js": {"path":"C:\\Users\\dessa\\Projects\\pt-practice-automation\\server\\src\\utils\\pdf.js","statementMap":{"0":{"start":{"line":1,"column":18},"end":{"line":1,"column":38}},"1":{"start":{"line":3,"column":31},"end":{"line":281,"column":1}},"2":{"start":{"line":4,"column":2},"end":{"line":4,"column":72}},"3":{"start":{"line":7,"column":2},"end":{"line":280,"column":3}},"4":{"start":{"line":8,"column":4},"end":{"line":11,"column":7}},"5":{"start":{"line":13,"column":17},"end":{"line":13,"column":40}},"6":{"start":{"line":16,"column":26},"end":{"line":18,"column":30}},"7":{"start":{"line":21,"column":23},"end":{"line":21,"column":48}},"8":{"start":{"line":21,"column":34},"end":{"line":21,"column":48}},"9":{"start":{"line":22,"column":27},"end":{"line":22,"column":89}},"10":{"start":{"line":22,"column":38},"end":{"line":22,"column":89}},"11":{"start":{"line":23,"column":23},"end":{"line":29,"column":5}},"12":{"start":{"line":24,"column":6},"end":{"line":28,"column":7}},"13":{"start":{"line":25,"column":8},"end":{"line":25,"column":66}},"14":{"start":{"line":27,"column":8},"end":{"line":27,"column":21}},"15":{"start":{"line":31,"column":17},"end":{"line":255,"column":5}},"16":{"start":{"line":257,"column":4},"end":{"line":257,"column":55}},"17":{"start":{"line":259,"column":22},"end":{"line":268,"column":6}},"18":{"start":{"line":270,"column":4},"end":{"line":270,"column":82}},"19":{"start":{"line":271,"column":4},"end":{"line":271,"column":21}},"20":{"start":{"line":274,"column":4},"end":{"line":274,"column":53}},"21":{"start":{"line":275,"column":4},"end":{"line":275,"column":16}},"22":{"start":{"line":277,"column":4},"end":{"line":279,"column":5}},"23":{"start":{"line":278,"column":6},"end":{"line":278,"column":28}},"24":{"start":{"line":283,"column":0},"end":{"line":283,"column":44}}},"fnMap":{"0":{"name":"(anonymous_0)","decl":{"start":{"line":3,"column":31},"end":{"line":3,"column":32}},"loc":{"start":{"line":3,"column":58},"end":{"line":281,"column":1}},"line":3},"1":{"name":"(anonymous_1)","decl":{"start":{"line":21,"column":23},"end":{"line":21,"column":24}},"loc":{"start":{"line":21,"column":34},"end":{"line":21,"column":48}},"line":21},"2":{"name":"(anonymous_2)","decl":{"start":{"line":22,"column":27},"end":{"line":22,"column":28}},"loc":{"start":{"line":22,"column":38},"end":{"line":22,"column":89}},"line":22},"3":{"name":"(anonymous_3)","decl":{"start":{"line":23,"column":23},"end":{"line":23,"column":24}},"loc":{"start":{"line":23,"column":33},"end":{"line":29,"column":5}},"line":23}},"branchMap":{"0":{"loc":{"start":{"line":16,"column":26},"end":{"line":18,"column":30}},"type":"binary-expr","locations":[{"start":{"line":16,"column":26},"end":{"line":16,"column":50}},{"start":{"line":17,"column":25},"end":{"line":17,"column":102}},{"start":{"line":18,"column":25},"end":{"line":18,"column":30}}],"line":16},"1":{"loc":{"start":{"line":17,"column":28},"end":{"line":17,"column":59}},"type":"binary-expr","locations":[{"start":{"line":17,"column":28},"end":{"line":17,"column":53}},{"start":{"line":17,"column":57},"end":{"line":17,"column":59}}],"line":17},"2":{"loc":{"start":{"line":17,"column":63},"end":{"line":17,"column":93}},"type":"binary-expr","locations":[{"start":{"line":17,"column":63},"end":{"line":17,"column":87}},{"start":{"line":17,"column":91},"end":{"line":17,"column":93}}],"line":17},"3":{"loc":{"start":{"line":21,"column":34},"end":{"line":21,"column":48}},"type":"binary-expr","locations":[{"start":{"line":21,"column":34},"end":{"line":21,"column":39}},{"start":{"line":21,"column":43},"end":{"line":21,"column":48}}],"line":21},"4":{"loc":{"start":{"line":22,"column":38},"end":{"line":22,"column":89}},"type":"cond-expr","locations":[{"start":{"line":22,"column":46},"end":{"line":22,"column":82}},{"start":{"line":22,"column":85},"end":{"line":22,"column":89}}],"line":22},"5":{"loc":{"start":{"line":25,"column":15},"end":{"line":25,"column":65}},"type":"cond-expr","locations":[{"start":{"line":25,"column":22},"end":{"line":25,"column":57}},{"start":{"line":25,"column":60},"end":{"line":25,"column":65}}],"line":25},"6":{"loc":{"start":{"line":175,"column":34},"end":{"line":175,"column":83}},"type":"binary-expr","locations":[{"start":{"line":175,"column":34},"end":{"line":175,"column":73}},{"start":{"line":175,"column":77},"end":{"line":175,"column":83}}],"line":175},"7":{"loc":{"start":{"line":207,"column":34},"end":{"line":207,"column":72}},"type":"cond-expr","locations":[{"start":{"line":207,"column":60},"end":{"line":207,"column":65}},{"start":{"line":207,"column":68},"end":{"line":207,"column":72}}],"line":207},"8":{"loc":{"start":{"line":211,"column":34},"end":{"line":211,"column":76}},"type":"cond-expr","locations":[{"start":{"line":211,"column":64},"end":{"line":211,"column":69}},{"start":{"line":211,"column":72},"end":{"line":211,"column":76}}],"line":211},"9":{"loc":{"start":{"line":219,"column":34},"end":{"line":219,"column":75}},"type":"cond-expr","locations":[{"start":{"line":219,"column":63},"end":{"line":219,"column":68}},{"start":{"line":219,"column":71},"end":{"line":219,"column":75}}],"line":219},"10":{"loc":{"start":{"line":223,"column":34},"end":{"line":223,"column":71}},"type":"cond-expr","locations":[{"start":{"line":223,"column":59},"end":{"line":223,"column":64}},{"start":{"line":223,"column":67},"end":{"line":223,"column":71}}],"line":223},"11":{"loc":{"start":{"line":227,"column":34},"end":{"line":227,"column":76}},"type":"cond-expr","locations":[{"start":{"line":227,"column":64},"end":{"line":227,"column":69}},{"start":{"line":227,"column":72},"end":{"line":227,"column":76}}],"line":227},"12":{"loc":{"start":{"line":277,"column":4},"end":{"line":279,"column":5}},"type":"if","locations":[{"start":{"line":277,"column":4},"end":{"line":279,"column":5}},{"start":{},"end":{}}],"line":277}},"s":{"0":1,"1":1,"2":0,"3":0,"4":0,"5":0,"6":0,"7":0,"8":0,"9":0,"10":0,"11":0,"12":0,"13":0,"14":0,"15":0,"16":0,"17":0,"18":0,"19":0,"20":0,"21":0,"22":0,"23":0,"24":1},"f":{"0":0,"1":0,"2":0,"3":0},"b":{"0":[0,0,0],"1":[0,0],"2":[0,0],"3":[0,0],"4":[0,0],"5":[0,0],"6":[0,0],"7":[0,0],"8":[0,0],"9":[0,0],"10":[0,0],"11":[0,0],"12":[0,0]},"inputSourceMap":null,"_coverageSchema":"1a1c01bbd47fc00a2c39e90264f33305004495a9","hash":"cda877699332d6a28ce9ef48e5752c08a7182691"}
,"C:\\Users\\dessa\\Projects\\pt-practice-automation\\server\\tests\\factories\\remindersFactory.js": {"path":"C:\\Users\\dessa\\Projects\\pt-practice-automation\\server\\tests\\factories\\remindersFactory.js","statementMap":{"0":{"start":{"line":1,"column":22},"end":{"line":1,"column":52}},"1":{"start":{"line":4,"column":17},"end":{"line":4,"column":28}},"2":{"start":{"line":5,"column":14},"end":{"line":5,"column":46}},"3":{"start":{"line":7,"column":2},"end":{"line":22,"column":5}},"4":{"start":{"line":26,"column":17},"end":{"line":26,"column":28}},"5":{"start":{"line":27,"column":2},"end":{"line":34,"column":5}},"6":{"start":{"line":37,"column":0},"end":{"line":37,"column":56}}},"fnMap":{"0":{"name":"createReminderSchedule","decl":{"start":{"line":3,"column":15},"end":{"line":3,"column":37}},"loc":{"start":{"line":3,"column":54},"end":{"line":23,"column":1}},"line":3},"1":{"name":"createUser","decl":{"start":{"line":25,"column":15},"end":{"line":25,"column":25}},"loc":{"start":{"line":25,"column":42},"end":{"line":35,"column":1}},"line":25}},"branchMap":{"0":{"loc":{"start":{"line":3,"column":38},"end":{"line":3,"column":52}},"type":"default-arg","locations":[{"start":{"line":3,"column":50},"end":{"line":3,"column":52}}],"line":3},"1":{"loc":{"start":{"line":9,"column":12},"end":{"line":9,"column":40}},"type":"binary-expr","locations":[{"start":{"line":9,"column":12},"end":{"line":9,"column":26}},{"start":{"line":9,"column":30},"end":{"line":9,"column":40}}],"line":9},"2":{"loc":{"start":{"line":10,"column":15},"end":{"line":10,"column":43}},"type":"binary-expr","locations":[{"start":{"line":10,"column":15},"end":{"line":10,"column":32}},{"start":{"line":10,"column":36},"end":{"line":10,"column":43}}],"line":10},"3":{"loc":{"start":{"line":11,"column":17},"end":{"line":11,"column":47}},"type":"binary-expr","locations":[{"start":{"line":11,"column":17},"end":{"line":11,"column":36}},{"start":{"line":11,"column":40},"end":{"line":11,"column":47}}],"line":11},"4":{"loc":{"start":{"line":12,"column":16},"end":{"line":12,"column":43}},"type":"binary-expr","locations":[{"start":{"line":12,"column":16},"end":{"line":12,"column":34}},{"start":{"line":12,"column":38},"end":{"line":12,"column":43}}],"line":12},"5":{"loc":{"start":{"line":13,"column":14},"end":{"line":13,"column":38}},"type":"binary-expr","locations":[{"start":{"line":13,"column":14},"end":{"line":13,"column":30}},{"start":{"line":13,"column":34},"end":{"line":13,"column":38}}],"line":13},"6":{"loc":{"start":{"line":14,"column":16},"end":{"line":14,"column":42}},"type":"binary-expr","locations":[{"start":{"line":14,"column":16},"end":{"line":14,"column":34}},{"start":{"line":14,"column":38},"end":{"line":14,"column":42}}],"line":14},"7":{"loc":{"start":{"line":15,"column":18},"end":{"line":15,"column":46}},"type":"binary-expr","locations":[{"start":{"line":15,"column":18},"end":{"line":15,"column":38}},{"start":{"line":15,"column":42},"end":{"line":15,"column":46}}],"line":15},"8":{"loc":{"start":{"line":16,"column":15},"end":{"line":16,"column":40}},"type":"binary-expr","locations":[{"start":{"line":16,"column":15},"end":{"line":16,"column":32}},{"start":{"line":16,"column":36},"end":{"line":16,"column":40}}],"line":16},"9":{"loc":{"start":{"line":18,"column":17},"end":{"line":18,"column":43}},"type":"binary-expr","locations":[{"start":{"line":18,"column":17},"end":{"line":18,"column":36}},{"start":{"line":18,"column":40},"end":{"line":18,"column":43}}],"line":18},"10":{"loc":{"start":{"line":19,"column":16},"end":{"line":19,"column":42}},"type":"binary-expr","locations":[{"start":{"line":19,"column":16},"end":{"line":19,"column":34}},{"start":{"line":19,"column":38},"end":{"line":19,"column":42}}],"line":19},"11":{"loc":{"start":{"line":20,"column":16},"end":{"line":20,"column":40}},"type":"binary-expr","locations":[{"start":{"line":20,"column":16},"end":{"line":20,"column":34}},{"start":{"line":20,"column":38},"end":{"line":20,"column":40}}],"line":20},"12":{"loc":{"start":{"line":25,"column":26},"end":{"line":25,"column":40}},"type":"default-arg","locations":[{"start":{"line":25,"column":38},"end":{"line":25,"column":40}}],"line":25},"13":{"loc":{"start":{"line":29,"column":13},"end":{"line":29,"column":66}},"type":"binary-expr","locations":[{"start":{"line":29,"column":13},"end":{"line":29,"column":28}},{"start":{"line":29,"column":32},"end":{"line":29,"column":66}}],"line":29},"14":{"loc":{"start":{"line":30,"column":12},"end":{"line":30,"column":38}},"type":"binary-expr","locations":[{"start":{"line":30,"column":12},"end":{"line":30,"column":26}},{"start":{"line":30,"column":30},"end":{"line":30,"column":38}}],"line":30},"15":{"loc":{"start":{"line":31,"column":17},"end":{"line":31,"column":46}},"type":"binary-expr","locations":[{"start":{"line":31,"column":17},"end":{"line":31,"column":36}},{"start":{"line":31,"column":40},"end":{"line":31,"column":46}}],"line":31},"16":{"loc":{"start":{"line":32,"column":16},"end":{"line":32,"column":44}},"type":"binary-expr","locations":[{"start":{"line":32,"column":16},"end":{"line":32,"column":34}},{"start":{"line":32,"column":38},"end":{"line":32,"column":44}}],"line":32}},"s":{"0":1,"1":1,"2":1,"3":1,"4":1,"5":1,"6":1},"f":{"0":1,"1":1},"b":{"0":[0],"1":[1,0],"2":[1,1],"3":[1,1],"4":[1,1],"5":[1,0],"6":[1,1],"7":[1,1],"8":[1,1],"9":[1,0],"10":[1,1],"11":[1,1],"12":[0],"13":[1,1],"14":[1,0],"15":[1,1],"16":[1,1]},"inputSourceMap":null,"_coverageSchema":"1a1c01bbd47fc00a2c39e90264f33305004495a9","hash":"2201766d3cce7ec11db119f845643f526ef0d8e9"}
,"C:\\Users\\dessa\\Projects\\pt-practice-automation\\server\\tests\\utils\\testPrisma.js": {"path":"C:\\Users\\dessa\\Projects\\pt-practice-automation\\server\\tests\\utils\\testPrisma.js","statementMap":{"0":{"start":{"line":2,"column":25},"end":{"line":2,"column":50}},"1":{"start":{"line":6,"column":2},"end":{"line":10,"column":3}},"2":{"start":{"line":8,"column":4},"end":{"line":8,"column":146}},"3":{"start":{"line":9,"column":4},"end":{"line":9,"column":32}},"4":{"start":{"line":11,"column":2},"end":{"line":11,"column":16}},"5":{"start":{"line":16,"column":31},"end":{"line":16,"column":89}},"6":{"start":{"line":16,"column":45},"end":{"line":16,"column":72}},"7":{"start":{"line":16,"column":73},"end":{"line":16,"column":87}},"8":{"start":{"line":21,"column":17},"end":{"line":21,"column":28}},"9":{"start":{"line":22,"column":20},"end":{"line":22,"column":22}},"10":{"start":{"line":23,"column":16},"end":{"line":23,"column":60}},"11":{"start":{"line":23,"column":24},"end":{"line":23,"column":60}},"12":{"start":{"line":26,"column":2},"end":{"line":26,"column":43}},"13":{"start":{"line":26,"column":14},"end":{"line":26,"column":41}},"14":{"start":{"line":27,"column":2},"end":{"line":27,"column":53}},"15":{"start":{"line":27,"column":14},"end":{"line":27,"column":51}},"16":{"start":{"line":28,"column":2},"end":{"line":28,"column":47}},"17":{"start":{"line":28,"column":14},"end":{"line":28,"column":45}},"18":{"start":{"line":29,"column":2},"end":{"line":29,"column":41}},"19":{"start":{"line":29,"column":14},"end":{"line":29,"column":39}},"20":{"start":{"line":30,"column":2},"end":{"line":30,"column":44}},"21":{"start":{"line":30,"column":14},"end":{"line":30,"column":42}},"22":{"start":{"line":31,"column":2},"end":{"line":31,"column":40}},"23":{"start":{"line":31,"column":14},"end":{"line":31,"column":38}},"24":{"start":{"line":33,"column":2},"end":{"line":33,"column":31}},"25":{"start":{"line":36,"column":0},"end":{"line":42,"column":2}}},"fnMap":{"0":{"name":"getClient","decl":{"start":{"line":5,"column":9},"end":{"line":5,"column":18}},"loc":{"start":{"line":5,"column":21},"end":{"line":12,"column":1}},"line":5},"1":{"name":"beforeAllDb","decl":{"start":{"line":15,"column":15},"end":{"line":15,"column":26}},"loc":{"start":{"line":15,"column":29},"end":{"line":15,"column":44}},"line":15},"2":{"name":"afterAllDb","decl":{"start":{"line":16,"column":15},"end":{"line":16,"column":25}},"loc":{"start":{"line":16,"column":29},"end":{"line":16,"column":91}},"line":16},"3":{"name":"resetDb","decl":{"start":{"line":20,"column":15},"end":{"line":20,"column":22}},"loc":{"start":{"line":20,"column":25},"end":{"line":34,"column":1}},"line":20},"4":{"name":"(anonymous_4)","decl":{"start":{"line":23,"column":16},"end":{"line":23,"column":17}},"loc":{"start":{"line":23,"column":24},"end":{"line":23,"column":60}},"line":23},"5":{"name":"(anonymous_5)","decl":{"start":{"line":23,"column":50},"end":{"line":23,"column":51}},"loc":{"start":{"line":23,"column":56},"end":{"line":23,"column":58}},"line":23},"6":{"name":"(anonymous_6)","decl":{"start":{"line":26,"column":8},"end":{"line":26,"column":9}},"loc":{"start":{"line":26,"column":14},"end":{"line":26,"column":41}},"line":26},"7":{"name":"(anonymous_7)","decl":{"start":{"line":27,"column":8},"end":{"line":27,"column":9}},"loc":{"start":{"line":27,"column":14},"end":{"line":27,"column":51}},"line":27},"8":{"name":"(anonymous_8)","decl":{"start":{"line":28,"column":8},"end":{"line":28,"column":9}},"loc":{"start":{"line":28,"column":14},"end":{"line":28,"column":45}},"line":28},"9":{"name":"(anonymous_9)","decl":{"start":{"line":29,"column":8},"end":{"line":29,"column":9}},"loc":{"start":{"line":29,"column":14},"end":{"line":29,"column":39}},"line":29},"10":{"name":"(anonymous_10)","decl":{"start":{"line":30,"column":8},"end":{"line":30,"column":9}},"loc":{"start":{"line":30,"column":14},"end":{"line":30,"column":42}},"line":30},"11":{"name":"(anonymous_11)","decl":{"start":{"line":31,"column":8},"end":{"line":31,"column":9}},"loc":{"start":{"line":31,"column":14},"end":{"line":31,"column":38}},"line":31}},"branchMap":{"0":{"loc":{"start":{"line":6,"column":2},"end":{"line":10,"column":3}},"type":"if","locations":[{"start":{"line":6,"column":2},"end":{"line":10,"column":3}},{"start":{},"end":{}}],"line":6},"1":{"loc":{"start":{"line":8,"column":31},"end":{"line":8,"column":145}},"type":"binary-expr","locations":[{"start":{"line":8,"column":31},"end":{"line":8,"column":55}},{"start":{"line":8,"column":59},"end":{"line":8,"column":145}}],"line":8},"2":{"loc":{"start":{"line":16,"column":31},"end":{"line":16,"column":89}},"type":"if","locations":[{"start":{"line":16,"column":31},"end":{"line":16,"column":89}},{"start":{},"end":{}}],"line":16}},"s":{"0":5,"1":8,"2":5,"3":5,"4":8,"5":0,"6":0,"7":0,"8":0,"9":0,"10":0,"11":0,"12":0,"13":0,"14":0,"15":0,"16":0,"17":0,"18":0,"19":0,"20":0,"21":0,"22":0,"23":0,"24":0,"25":5},"f":{"0":8,"1":0,"2":0,"3":0,"4":0,"5":0,"6":0,"7":0,"8":0,"9":0,"10":0,"11":0},"b":{"0":[5,3],"1":[5,0],"2":[0,0]},"inputSourceMap":null,"_coverageSchema":"1a1c01bbd47fc00a2c39e90264f33305004495a9","hash":"f5700ebe365aef11ee7c5859dd4d072788f871a4"}
}
