TN:
SF:server.js
FN:83,initializeDatabase
FN:109,(anonymous_1)
FN:150,(anonymous_2)
FN:164,(anonymous_3)
FN:165,(anonymous_4)
FN:181,(anonymous_5)
FN:292,(anonymous_6)
FN:301,(anonymous_7)
FN:308,(anonymous_8)
FN:320,(anonymous_9)
FN:323,(anonymous_10)
FN:331,(anonymous_11)
FN:345,(anonymous_12)
FN:354,(anonymous_13)
FN:371,(anonymous_14)
FNF:15
FNH:4
FNDA:3,initializeDatabase
FNDA:0,(anonymous_1)
FNDA:7,(anonymous_2)
FNDA:7,(anonymous_3)
FNDA:7,(anonymous_4)
FNDA:0,(anonymous_5)
FNDA:0,(anonymous_6)
FNDA:0,(anonymous_7)
FNDA:0,(anonymous_8)
FNDA:0,(anonymous_9)
FNDA:0,(anonymous_10)
FNDA:0,(anonymous_11)
FNDA:0,(anonymous_12)
FNDA:0,(anonymous_13)
FNDA:0,(anonymous_14)
DA:2,3
DA:9,3
DA:10,3
DA:11,3
DA:12,3
DA:13,3
DA:14,3
DA:15,3
DA:16,3
DA:19,3
DA:20,3
DA:21,3
DA:22,3
DA:23,3
DA:24,3
DA:36,3
DA:38,3
DA:45,3
DA:47,3
DA:48,3
DA:49,3
DA:50,3
DA:51,3
DA:52,3
DA:54,3
DA:55,3
DA:56,3
DA:59,3
DA:62,3
DA:63,3
DA:64,3
DA:65,3
DA:66,3
DA:67,3
DA:68,3
DA:69,3
DA:70,3
DA:71,3
DA:72,3
DA:75,3
DA:76,3
DA:79,3
DA:84,3
DA:85,3
DA:86,3
DA:87,3
DA:88,3
DA:89,3
DA:91,0
DA:95,3
DA:98,3
DA:99,3
DA:100,3
DA:101,3
DA:103,3
DA:104,0
DA:108,3
DA:109,1
DA:110,0
DA:111,0
DA:112,0
DA:114,0
DA:115,0
DA:118,0
DA:119,0
DA:121,0
DA:122,0
DA:123,0
DA:127,0
DA:128,0
DA:130,0
DA:131,0
DA:134,0
DA:135,0
DA:137,0
DA:139,0
DA:140,0
DA:143,1
DA:146,3
DA:147,3
DA:150,3
DA:151,7
DA:154,7
DA:155,0
DA:156,0
DA:157,0
DA:160,7
DA:164,3
DA:165,7
DA:166,7
DA:167,7
DA:168,0
DA:171,7
DA:175,3
DA:176,3
DA:177,3
DA:178,3
DA:179,3
DA:181,3
DA:182,0
DA:196,3
DA:199,3
DA:200,3
DA:201,3
DA:202,3
DA:203,3
DA:204,3
DA:205,3
DA:206,3
DA:207,3
DA:208,3
DA:209,3
DA:210,3
DA:211,3
DA:213,3
DA:214,1
DA:215,1
DA:217,2
DA:221,3
DA:222,1
DA:223,1
DA:224,1
DA:225,1
DA:226,1
DA:227,1
DA:228,1
DA:229,1
DA:231,2
DA:235,3
DA:236,1
DA:237,1
DA:238,1
DA:239,1
DA:240,1
DA:242,2
DA:246,3
DA:247,3
DA:249,3
DA:250,3
DA:252,3
DA:258,3
DA:259,3
DA:260,3
DA:262,3
DA:263,1
DA:264,1
DA:265,1
DA:266,1
DA:267,1
DA:270,1
DA:272,1
DA:273,1
DA:274,1
DA:275,1
DA:276,1
DA:277,1
DA:278,1
DA:281,0
DA:282,0
DA:285,2
DA:286,2
DA:292,3
DA:293,0
DA:301,3
DA:302,0
DA:303,0
DA:304,0
DA:308,0
DA:311,0
DA:320,3
DA:321,0
DA:323,0
DA:324,0
DA:325,0
DA:329,0
DA:330,0
DA:331,0
DA:332,0
DA:333,0
DA:342,0
DA:345,0
DA:354,3
DA:355,0
DA:364,3
DA:369,3
DA:371,3
DA:372,0
DA:386,0
DA:387,0
DA:388,0
DA:390,0
DA:394,0
DA:395,0
DA:396,0
DA:397,0
DA:398,0
DA:400,0
DA:403,0
DA:407,3
LF:199
LH:141
BRDA:23,0,0,3
BRDA:23,0,1,0
BRDA:42,1,0,3
BRDA:42,1,1,3
BRDA:55,2,0,0
BRDA:55,2,1,3
BRDA:56,3,0,3
BRDA:56,3,1,0
BRDA:103,4,0,0
BRDA:103,4,1,3
BRDA:108,5,0,1
BRDA:108,5,1,2
BRDA:114,6,0,0
BRDA:114,6,1,0
BRDA:121,7,0,0
BRDA:121,7,1,0
BRDA:154,8,0,0
BRDA:154,8,1,7
BRDA:157,9,0,0
BRDA:157,9,1,0
BRDA:167,10,0,0
BRDA:167,10,1,7
BRDA:184,11,0,0
BRDA:184,11,1,0
BRDA:213,12,0,1
BRDA:213,12,1,2
BRDA:221,13,0,1
BRDA:221,13,1,2
BRDA:235,14,0,1
BRDA:235,14,1,2
BRDA:246,15,0,3
BRDA:246,15,1,0
BRDA:262,16,0,1
BRDA:262,16,1,2
BRDA:324,17,0,0
BRDA:324,17,1,0
BRDA:329,18,0,0
BRDA:329,18,1,0
BRDA:329,19,0,0
BRDA:329,19,1,0
BRDA:332,20,0,0
BRDA:332,20,1,0
BRDA:369,21,0,3
BRDA:369,21,1,0
BRDA:375,22,0,0
BRDA:375,22,1,0
BRDA:376,23,0,0
BRDA:376,23,1,0
BRDA:377,24,0,0
BRDA:377,24,1,0
BRDA:378,25,0,0
BRDA:378,25,1,0
BRDA:394,26,0,0
BRDA:394,26,1,0
BRF:54
BRH:20
end_of_record
TN:
SF:src\config\database.js
FN:22,(anonymous_0)
FNF:1
FNH:0
FNDA:0,(anonymous_0)
DA:2,3
DA:4,3
DA:5,3
DA:6,3
DA:11,3
DA:12,3
DA:16,3
DA:18,0
DA:22,3
DA:23,0
DA:24,0
DA:25,0
DA:26,0
DA:28,0
DA:29,0
DA:33,3
LF:16
LH:9
BRDA:13,0,0,0
BRDA:13,0,1,3
BRF:2
BRH:1
end_of_record
TN:
SF:src\config\firebase.js
FNF:0
FNH:0
DA:1,3
DA:4,3
DA:11,3
DA:12,3
DA:17,3
DA:18,3
LF:6
LH:6
BRDA:11,0,0,3
BRDA:11,0,1,0
BRF:2
BRH:1
end_of_record
TN:
SF:src\config\logging.js
FN:45,(anonymous_0)
FN:60,(anonymous_1)
FNF:2
FNH:0
FNDA:0,(anonymous_0)
FNDA:0,(anonymous_1)
DA:1,3
DA:4,3
DA:28,3
DA:29,3
DA:38,3
DA:39,0
DA:41,0
DA:47,0
DA:48,0
DA:49,0
DA:50,0
DA:51,0
DA:54,0
DA:59,0
DA:61,0
DA:62,0
DA:70,0
DA:74,0
DA:75,0
DA:77,3
DA:80,3
LF:21
LH:7
BRDA:5,0,0,3
BRDA:5,0,1,3
BRDA:28,1,0,3
BRDA:28,1,1,0
BRDA:38,2,0,0
BRDA:38,2,1,3
BRDA:43,3,0,0
BRDA:43,3,1,0
BRDA:47,4,0,0
BRDA:47,4,1,0
BRDA:49,5,0,0
BRDA:49,5,1,0
BRDA:59,6,0,0
BRDA:59,6,1,0
BRDA:61,7,0,0
BRDA:61,7,1,0
BRDA:62,8,0,0
BRDA:62,8,1,0
BRDA:64,9,0,0
BRDA:64,9,1,0
BRF:20
BRH:4
end_of_record
TN:
SF:src\config\plaid.js
FNF:0
FNH:0
DA:1,3
DA:3,3
DA:13,3
DA:15,3
LF:4
LH:4
BRDA:7,0,0,3
BRDA:7,0,1,3
BRDA:8,1,0,3
BRDA:8,1,1,3
BRF:4
BRH:4
end_of_record
TN:
SF:src\config\prisma.js
FNF:0
FNH:0
DA:4,5
DA:8,5
DA:9,0
DA:11,5
DA:12,5
DA:14,5
DA:17,5
LF:7
LH:6
BRDA:8,0,0,0
BRDA:8,0,1,5
BRDA:11,1,0,5
BRDA:11,1,1,0
BRF:4
BRH:2
end_of_record
TN:
SF:src\controllers\adminController.js
FN:6,(anonymous_0)
FN:16,(anonymous_1)
FN:55,(anonymous_2)
FN:95,(anonymous_3)
FN:133,(anonymous_4)
FN:172,(anonymous_5)
FN:215,(anonymous_6)
FN:249,(anonymous_7)
FN:276,(anonymous_8)
FNF:9
FNH:1
FNDA:3,(anonymous_0)
FNDA:0,(anonymous_1)
FNDA:0,(anonymous_2)
FNDA:0,(anonymous_3)
FNDA:0,(anonymous_4)
FNDA:0,(anonymous_5)
FNDA:0,(anonymous_6)
FNDA:0,(anonymous_7)
FNDA:0,(anonymous_8)
DA:2,3
DA:3,3
DA:7,3
DA:8,3
DA:16,3
DA:17,0
DA:19,0
DA:24,0
DA:42,0
DA:47,0
DA:55,3
DA:56,0
DA:57,0
DA:58,0
DA:60,0
DA:61,0
DA:62,0
DA:63,0
DA:70,0
DA:76,0
DA:87,0
DA:95,3
DA:96,0
DA:97,0
DA:100,0
DA:101,0
DA:102,0
DA:108,0
DA:117,0
DA:119,0
DA:125,0
DA:133,3
DA:134,0
DA:135,0
DA:136,0
DA:139,0
DA:140,0
DA:141,0
DA:148,0
DA:149,0
DA:156,0
DA:158,0
DA:164,0
DA:172,3
DA:173,0
DA:174,0
DA:177,0
DA:178,0
DA:179,0
DA:186,0
DA:187,0
DA:188,0
DA:195,0
DA:196,0
DA:198,0
DA:202,0
DA:207,0
DA:215,3
DA:216,0
DA:217,0
DA:218,0
DA:220,0
DA:221,0
DA:222,0
DA:224,0
DA:230,0
DA:241,0
DA:249,3
DA:250,0
DA:251,0
DA:259,0
DA:264,0
DA:276,3
DA:277,0
DA:278,0
DA:282,0
DA:291,0
DA:299,3
LF:78
LH:13
BRDA:57,0,0,0
BRDA:57,1,0,0
BRDA:61,2,0,0
BRDA:61,2,1,0
BRDA:62,3,0,0
BRDA:62,3,1,0
BRDA:101,4,0,0
BRDA:101,4,1,0
BRDA:140,5,0,0
BRDA:140,5,1,0
BRDA:148,6,0,0
BRDA:148,6,1,0
BRDA:148,7,0,0
BRDA:148,7,1,0
BRDA:178,8,0,0
BRDA:178,8,1,0
BRDA:187,9,0,0
BRDA:187,9,1,0
BRDA:217,10,0,0
BRDA:217,11,0,0
BRDA:221,12,0,0
BRDA:221,12,1,0
BRDA:222,13,0,0
BRDA:222,13,1,0
BRDA:256,14,0,0
BRDA:256,14,1,0
BRDA:284,15,0,0
BRDA:284,15,1,0
BRF:28
BRH:0
end_of_record
TN:
SF:src\controllers\aiController.js
FN:5,(anonymous_0)
FNF:1
FNH:0
FNDA:0,(anonymous_0)
DA:2,3
DA:3,3
DA:5,3
DA:6,0
DA:7,0
DA:10,0
DA:11,0
DA:18,0
DA:19,0
DA:20,0
DA:21,0
DA:24,0
DA:25,0
DA:33,0
DA:38,0
DA:40,0
DA:41,0
DA:49,0
DA:51,0
DA:60,0
DA:61,0
DA:69,3
LF:22
LH:4
BRDA:10,0,0,0
BRDA:10,0,1,0
BRDA:10,1,0,0
BRDA:10,1,1,0
BRDA:10,1,2,0
BRDA:19,2,0,0
BRDA:19,2,1,0
BRDA:24,3,0,0
BRDA:24,3,1,0
BRDA:40,4,0,0
BRDA:40,4,1,0
BRDA:64,5,0,0
BRDA:64,5,1,0
BRF:13
BRH:0
end_of_record
TN:
SF:src\controllers\authController.js
FN:12,(anonymous_0)
FN:105,(anonymous_1)
FN:195,(anonymous_2)
FN:237,(anonymous_3)
FNF:4
FNH:0
FNDA:0,(anonymous_0)
FNDA:0,(anonymous_1)
FNDA:0,(anonymous_2)
FNDA:0,(anonymous_3)
DA:2,3
DA:3,3
DA:4,3
DA:6,3
DA:13,0
DA:15,0
DA:16,0
DA:17,0
DA:24,0
DA:26,0
DA:29,0
DA:36,0
DA:39,0
DA:40,0
DA:50,0
DA:53,0
DA:59,0
DA:76,0
DA:79,0
DA:80,0
DA:86,0
DA:87,0
DA:93,0
DA:106,0
DA:108,0
DA:109,0
DA:110,0
DA:117,0
DA:119,0
DA:122,0
DA:123,0
DA:126,0
DA:127,0
DA:129,0
DA:130,0
DA:131,0
DA:137,0
DA:140,0
DA:141,0
DA:145,0
DA:148,0
DA:166,0
DA:169,0
DA:170,0
DA:176,0
DA:177,0
DA:183,0
DA:196,0
DA:198,0
DA:199,0
DA:205,0
DA:225,0
DA:226,0
DA:238,0
DA:240,0
DA:241,0
DA:242,0
DA:249,0
DA:251,0
DA:254,0
DA:255,0
DA:256,0
DA:259,0
DA:261,0
DA:266,0
DA:270,0
DA:271,0
DA:272,0
DA:273,0
DA:274,0
DA:275,0
DA:276,0
DA:278,0
DA:279,0
DA:281,0
DA:282,0
DA:288,0
DA:290,0
DA:311,0
DA:312,0
DA:321,3
LF:81
LH:5
BRDA:16,0,0,0
BRDA:16,0,1,0
BRDA:79,1,0,0
BRDA:79,1,1,0
BRDA:86,2,0,0
BRDA:86,2,1,0
BRDA:96,3,0,0
BRDA:96,3,1,0
BRDA:109,4,0,0
BRDA:109,4,1,0
BRDA:129,5,0,0
BRDA:129,5,1,0
BRDA:169,6,0,0
BRDA:169,6,1,0
BRDA:176,7,0,0
BRDA:176,7,1,0
BRDA:186,8,0,0
BRDA:186,8,1,0
BRDA:198,9,0,0
BRDA:198,9,1,0
BRDA:241,10,0,0
BRDA:241,10,1,0
BRDA:254,11,0,0
BRDA:254,11,1,0
BRDA:254,12,0,0
BRDA:254,12,1,0
BRDA:257,13,0,0
BRDA:257,13,1,0
BRDA:257,14,0,0
BRDA:257,14,1,0
BRDA:270,15,0,0
BRDA:270,15,1,0
BRDA:271,16,0,0
BRDA:271,16,1,0
BRDA:272,17,0,0
BRDA:272,17,1,0
BRDA:273,18,0,0
BRDA:273,18,1,0
BRDA:274,19,0,0
BRDA:274,19,1,0
BRDA:275,20,0,0
BRDA:275,20,1,0
BRDA:276,21,0,0
BRDA:276,21,1,0
BRDA:281,22,0,0
BRDA:281,22,1,0
BRDA:315,23,0,0
BRDA:315,23,1,0
BRF:48
BRH:0
end_of_record
TN:
SF:src\controllers\feedbackController.js
FN:4,(anonymous_0)
FN:9,(anonymous_1)
FN:25,(anonymous_2)
FNF:3
FNH:1
FNDA:3,(anonymous_0)
FNDA:0,(anonymous_1)
FNDA:0,(anonymous_2)
DA:1,3
DA:5,3
DA:6,3
DA:9,3
DA:10,0
DA:11,0
DA:15,0
DA:21,0
DA:25,3
DA:26,0
DA:27,0
DA:28,0
DA:30,0
DA:31,0
DA:42,0
DA:47,3
LF:16
LH:6
BRDA:27,0,0,0
BRDA:27,1,0,0
BRDA:27,2,0,0
BRF:3
BRH:0
end_of_record
TN:
SF:src\controllers\leaseController.js
FN:5,(anonymous_0)
FN:12,(anonymous_1)
FN:49,(anonymous_2)
FN:77,(anonymous_3)
FN:102,(anonymous_4)
FN:129,(anonymous_5)
FN:155,(anonymous_6)
FN:177,(anonymous_7)
FN:199,(anonymous_8)
FN:216,(anonymous_9)
FNF:10
FNH:1
FNDA:3,(anonymous_0)
FNDA:0,(anonymous_1)
FNDA:0,(anonymous_2)
FNDA:0,(anonymous_3)
FNDA:0,(anonymous_4)
FNDA:0,(anonymous_5)
FNDA:0,(anonymous_6)
FNDA:0,(anonymous_7)
FNDA:0,(anonymous_8)
FNDA:0,(anonymous_9)
DA:2,3
DA:7,3
DA:8,3
DA:12,3
DA:13,0
DA:14,0
DA:15,0
DA:17,0
DA:18,0
DA:19,0
DA:20,0
DA:23,0
DA:30,0
DA:41,0
DA:49,3
DA:50,0
DA:51,0
DA:54,0
DA:56,0
DA:57,0
DA:64,0
DA:69,0
DA:77,3
DA:78,0
DA:79,0
DA:85,0
DA:88,0
DA:94,0
DA:102,3
DA:103,0
DA:104,0
DA:106,0
DA:108,0
DA:109,0
DA:115,0
DA:121,0
DA:129,3
DA:130,0
DA:131,0
DA:133,0
DA:135,0
DA:136,0
DA:142,0
DA:147,0
DA:155,3
DA:156,0
DA:157,0
DA:158,0
DA:160,0
DA:164,0
DA:169,0
DA:177,3
DA:178,0
DA:179,0
DA:180,0
DA:182,0
DA:186,0
DA:191,0
DA:199,3
DA:200,0
DA:201,0
DA:203,0
DA:208,0
DA:216,3
DA:217,0
DA:218,0
DA:220,0
DA:222,0
DA:227,0
DA:236,3
DA:237,3
LF:71
LH:14
BRDA:14,0,0,0
BRDA:14,1,0,0
BRDA:18,2,0,0
BRDA:18,2,1,0
BRDA:19,3,0,0
BRDA:19,3,1,0
BRDA:20,4,0,0
BRDA:20,4,1,0
BRDA:56,5,0,0
BRDA:56,5,1,0
BRDA:108,6,0,0
BRDA:108,6,1,0
BRDA:135,7,0,0
BRDA:135,7,1,0
BRDA:161,8,0,0
BRDA:161,8,1,0
BRDA:183,9,0,0
BRDA:183,9,1,0
BRDA:218,10,0,0
BRF:19
BRH:0
end_of_record
TN:
SF:src\controllers\maintenanceController.js
FN:6,(anonymous_0)
FN:13,(anonymous_1)
FN:51,(anonymous_2)
FN:76,(anonymous_3)
FN:104,(anonymous_4)
FN:131,(anonymous_5)
FN:156,(anonymous_6)
FN:190,(anonymous_7)
FN:222,(anonymous_8)
FNF:9
FNH:1
FNDA:3,(anonymous_0)
FNDA:0,(anonymous_1)
FNDA:0,(anonymous_2)
FNDA:0,(anonymous_3)
FNDA:0,(anonymous_4)
FNDA:0,(anonymous_5)
FNDA:0,(anonymous_6)
FNDA:0,(anonymous_7)
FNDA:0,(anonymous_8)
DA:2,3
DA:3,3
DA:8,3
DA:9,3
DA:13,3
DA:14,0
DA:15,0
DA:17,0
DA:18,0
DA:19,0
DA:20,0
DA:21,0
DA:23,0
DA:25,0
DA:31,0
DA:42,0
DA:51,3
DA:52,0
DA:53,0
DA:55,0
DA:56,0
DA:62,0
DA:67,0
DA:76,3
DA:77,0
DA:78,0
DA:79,0
DA:80,0
DA:87,0
DA:89,0
DA:95,0
DA:104,3
DA:105,0
DA:106,0
DA:108,0
DA:109,0
DA:115,0
DA:121,0
DA:131,3
DA:132,0
DA:133,0
DA:141,0
DA:147,0
DA:156,3
DA:157,0
DA:158,0
DA:160,0
DA:168,0
DA:169,0
DA:175,0
DA:181,0
DA:190,3
DA:191,0
DA:192,0
DA:195,0
DA:201,0
DA:202,0
DA:208,0
DA:214,0
DA:222,3
DA:223,0
DA:224,0
DA:226,0
DA:227,0
DA:233,0
DA:238,0
DA:248,3
DA:249,3
LF:68
LH:14
BRDA:15,0,0,0
BRDA:15,1,0,0
BRDA:18,2,0,0
BRDA:18,2,1,0
BRDA:19,3,0,0
BRDA:19,3,1,0
BRDA:20,4,0,0
BRDA:20,4,1,0
BRDA:21,5,0,0
BRDA:21,5,1,0
BRDA:45,6,0,0
BRDA:45,6,1,0
BRDA:55,7,0,0
BRDA:55,7,1,0
BRDA:70,8,0,0
BRDA:70,8,1,0
BRDA:79,9,0,0
BRDA:79,9,1,0
BRDA:98,10,0,0
BRDA:98,10,1,0
BRDA:108,11,0,0
BRDA:108,11,1,0
BRDA:124,12,0,0
BRDA:124,12,1,0
BRDA:150,13,0,0
BRDA:150,13,1,0
BRDA:162,14,0,0
BRDA:162,14,1,0
BRDA:163,15,0,0
BRDA:163,15,1,0
BRDA:168,16,0,0
BRDA:168,16,1,0
BRDA:184,17,0,0
BRDA:184,17,1,0
BRDA:192,18,0,0
BRDA:201,19,0,0
BRDA:201,19,1,0
BRDA:217,20,0,0
BRDA:217,20,1,0
BRDA:226,21,0,0
BRDA:226,21,1,0
BRDA:241,22,0,0
BRDA:241,22,1,0
BRF:43
BRH:0
end_of_record
TN:
SF:src\controllers\paymentController.js
FN:5,(anonymous_0)
FN:12,(anonymous_1)
FN:50,(anonymous_2)
FN:78,(anonymous_3)
FN:103,(anonymous_4)
FN:130,(anonymous_5)
FN:156,(anonymous_6)
FN:178,(anonymous_7)
FN:200,(anonymous_8)
FN:217,(anonymous_9)
FN:236,(anonymous_10)
FNF:11
FNH:1
FNDA:3,(anonymous_0)
FNDA:0,(anonymous_1)
FNDA:0,(anonymous_2)
FNDA:0,(anonymous_3)
FNDA:0,(anonymous_4)
FNDA:0,(anonymous_5)
FNDA:0,(anonymous_6)
FNDA:0,(anonymous_7)
FNDA:0,(anonymous_8)
FNDA:0,(anonymous_9)
FNDA:0,(anonymous_10)
DA:2,3
DA:7,3
DA:8,3
DA:12,3
DA:13,0
DA:14,0
DA:15,0
DA:17,0
DA:18,0
DA:19,0
DA:20,0
DA:21,0
DA:24,0
DA:31,0
DA:42,0
DA:50,3
DA:51,0
DA:52,0
DA:55,0
DA:57,0
DA:58,0
DA:65,0
DA:70,0
DA:78,3
DA:79,0
DA:80,0
DA:86,0
DA:89,0
DA:95,0
DA:103,3
DA:104,0
DA:105,0
DA:107,0
DA:109,0
DA:110,0
DA:116,0
DA:122,0
DA:130,3
DA:131,0
DA:132,0
DA:134,0
DA:136,0
DA:137,0
DA:143,0
DA:148,0
DA:156,3
DA:157,0
DA:158,0
DA:159,0
DA:161,0
DA:165,0
DA:170,0
DA:178,3
DA:179,0
DA:180,0
DA:181,0
DA:183,0
DA:187,0
DA:192,0
DA:200,3
DA:201,0
DA:202,0
DA:204,0
DA:209,0
DA:217,3
DA:218,0
DA:219,0
DA:221,0
DA:223,0
DA:228,0
DA:236,3
DA:237,0
DA:238,0
DA:239,0
DA:241,0
DA:248,0
DA:249,0
DA:255,0
DA:261,0
DA:270,3
DA:271,3
LF:81
LH:15
BRDA:14,0,0,0
BRDA:14,1,0,0
BRDA:18,2,0,0
BRDA:18,2,1,0
BRDA:19,3,0,0
BRDA:19,3,1,0
BRDA:20,4,0,0
BRDA:20,4,1,0
BRDA:21,5,0,0
BRDA:21,5,1,0
BRDA:57,6,0,0
BRDA:57,6,1,0
BRDA:109,7,0,0
BRDA:109,7,1,0
BRDA:136,8,0,0
BRDA:136,8,1,0
BRDA:162,9,0,0
BRDA:162,9,1,0
BRDA:184,10,0,0
BRDA:184,10,1,0
BRDA:219,11,0,0
BRDA:243,12,0,0
BRDA:243,12,1,0
BRDA:248,13,0,0
BRDA:248,13,1,0
BRF:25
BRH:0
end_of_record
TN:
SF:src\controllers\paymentIntegrationController.js
FN:8,(anonymous_0)
FN:36,(anonymous_1)
FN:59,(anonymous_2)
FN:82,(anonymous_3)
FN:154,(anonymous_4)
FNF:5
FNH:0
FNDA:0,(anonymous_0)
FNDA:0,(anonymous_1)
FNDA:0,(anonymous_2)
FNDA:0,(anonymous_3)
FNDA:0,(anonymous_4)
DA:2,3
DA:3,3
DA:4,3
DA:9,0
DA:10,0
DA:11,0
DA:15,0
DA:16,0
DA:19,0
DA:21,0
DA:30,0
DA:31,0
DA:37,0
DA:38,0
DA:39,0
DA:41,0
DA:42,0
DA:45,0
DA:47,0
DA:53,0
DA:54,0
DA:60,0
DA:61,0
DA:62,0
DA:64,0
DA:65,0
DA:68,0
DA:70,0
DA:76,0
DA:77,0
DA:83,0
DA:90,0
DA:92,0
DA:95,0
DA:96,0
DA:100,0
DA:103,0
DA:107,0
DA:108,0
DA:114,0
DA:122,0
DA:125,0
DA:134,0
DA:148,0
DA:149,0
DA:155,0
DA:156,0
DA:157,0
DA:161,0
DA:162,0
DA:170,0
DA:186,0
DA:187,0
DA:192,3
LF:54
LH:4
BRDA:15,0,0,0
BRDA:15,0,1,0
BRDA:41,1,0,0
BRDA:41,1,1,0
BRDA:64,2,0,0
BRDA:64,2,1,0
BRDA:95,3,0,0
BRDA:95,3,1,0
BRDA:107,4,0,0
BRDA:107,4,1,0
BRDA:107,5,0,0
BRDA:107,5,1,0
BRDA:128,6,0,0
BRDA:128,6,1,0
BRDA:129,7,0,0
BRDA:129,7,1,0
BRDA:130,8,0,0
BRDA:130,8,1,0
BRDA:131,9,0,0
BRDA:131,9,1,0
BRDA:161,10,0,0
BRDA:161,10,1,0
BRF:22
BRH:0
end_of_record
TN:
SF:src\controllers\propertyController.js
FN:5,(anonymous_0)
FN:11,(anonymous_1)
FN:41,(anonymous_2)
FN:120,(anonymous_3)
FN:125,(anonymous_4)
FN:150,(anonymous_5)
FN:176,(anonymous_6)
FNF:7
FNH:1
FNDA:3,(anonymous_0)
FNDA:0,(anonymous_1)
FNDA:0,(anonymous_2)
FNDA:0,(anonymous_3)
FNDA:0,(anonymous_4)
FNDA:0,(anonymous_5)
FNDA:0,(anonymous_6)
DA:2,3
DA:6,3
DA:7,3
DA:11,3
DA:12,0
DA:14,0
DA:15,0
DA:17,0
DA:22,0
DA:24,0
DA:27,0
DA:33,0
DA:41,3
DA:42,0
DA:52,0
DA:54,0
DA:57,0
DA:59,0
DA:64,0
DA:76,0
DA:78,0
DA:83,0
DA:96,0
DA:101,0
DA:112,0
DA:120,3
DA:121,0
DA:125,3
DA:126,0
DA:127,0
DA:128,0
DA:130,0
DA:131,0
DA:137,0
DA:142,0
DA:150,3
DA:151,0
DA:152,0
DA:153,0
DA:155,0
DA:156,0
DA:162,0
DA:168,0
DA:176,3
DA:177,0
DA:178,0
DA:179,0
DA:181,0
DA:182,0
DA:188,0
DA:193,0
DA:202,3
DA:203,3
LF:53
LH:11
BRDA:44,0,0,0
BRDA:45,1,0,0
BRDA:57,2,0,0
BRDA:57,2,1,0
BRDA:57,3,0,0
BRDA:57,3,1,0
BRDA:76,4,0,0
BRDA:76,4,1,0
BRDA:76,5,0,0
BRDA:76,5,1,0
BRDA:130,6,0,0
BRDA:130,6,1,0
BRDA:155,7,0,0
BRDA:155,7,1,0
BRDA:181,8,0,0
BRDA:181,8,1,0
BRF:16
BRH:0
end_of_record
TN:
SF:src\controllers\propertyMatchProfileController.js
FN:4,(anonymous_0)
FN:10,(anonymous_1)
FN:27,(anonymous_2)
FNF:3
FNH:1
FNDA:3,(anonymous_0)
FNDA:0,(anonymous_1)
FNDA:0,(anonymous_2)
DA:1,3
DA:5,3
DA:6,3
DA:7,3
DA:10,3
DA:11,0
DA:12,0
DA:15,0
DA:16,0
DA:17,0
DA:20,0
DA:21,0
DA:23,0
DA:27,3
DA:28,0
DA:29,0
DA:32,0
DA:33,0
DA:34,0
DA:37,0
DA:38,0
DA:44,0
DA:49,3
LF:23
LH:7
BRDA:16,0,0,0
BRDA:16,0,1,0
BRDA:16,1,0,0
BRDA:16,1,1,0
BRDA:33,2,0,0
BRDA:33,2,1,0
BRDA:33,3,0,0
BRDA:33,3,1,0
BRF:8
BRH:0
end_of_record
TN:
SF:src\controllers\rentalApplicationController.js
FN:6,(anonymous_0)
FN:180,(anonymous_1)
FN:258,(anonymous_2)
FN:318,(anonymous_3)
FN:347,(anonymous_4)
FN:387,(anonymous_5)
FN:440,(anonymous_6)
FN:499,(anonymous_7)
FN:549,(anonymous_8)
FN:576,(anonymous_9)
FN:609,(anonymous_10)
FN:621,(anonymous_11)
FNF:12
FNH:0
FNDA:0,(anonymous_0)
FNDA:0,(anonymous_1)
FNDA:0,(anonymous_2)
FNDA:0,(anonymous_3)
FNDA:0,(anonymous_4)
FNDA:0,(anonymous_5)
FNDA:0,(anonymous_6)
FNDA:0,(anonymous_7)
FNDA:0,(anonymous_8)
FNDA:0,(anonymous_9)
FNDA:0,(anonymous_10)
FNDA:0,(anonymous_11)
DA:2,3
DA:7,0
DA:16,0
DA:19,0
DA:20,0
DA:22,0
DA:28,0
DA:29,0
DA:36,0
DA:38,0
DA:39,0
DA:40,0
DA:44,0
DA:45,0
DA:50,0
DA:57,0
DA:58,0
DA:60,0
DA:62,0
DA:63,0
DA:70,0
DA:75,0
DA:76,0
DA:79,0
DA:81,0
DA:82,0
DA:86,0
DA:87,0
DA:89,0
DA:90,0
DA:94,0
DA:101,0
DA:102,0
DA:106,0
DA:107,0
DA:130,0
DA:131,0
DA:133,0
DA:136,0
DA:177,0
DA:180,0
DA:210,0
DA:212,0
DA:232,0
DA:235,0
DA:236,0
DA:242,0
DA:243,0
DA:249,0
DA:259,0
DA:261,0
DA:262,0
DA:265,0
DA:266,0
DA:267,0
DA:275,0
DA:282,0
DA:287,0
DA:289,0
DA:290,0
DA:293,0
DA:294,0
DA:295,0
DA:296,0
DA:298,0
DA:303,0
DA:304,0
DA:305,0
DA:307,0
DA:310,0
DA:315,0
DA:316,0
DA:317,0
DA:318,0
DA:319,0
DA:322,0
DA:326,0
DA:337,0
DA:338,0
DA:348,0
DA:349,0
DA:352,0
DA:354,0
DA:359,0
DA:364,0
DA:365,0
DA:371,0
DA:377,0
DA:378,0
DA:388,0
DA:389,0
DA:390,0
DA:393,0
DA:394,0
DA:396,0
DA:418,0
DA:430,0
DA:431,0
DA:441,0
DA:442,0
DA:443,0
DA:444,0
DA:446,0
DA:447,0
DA:448,0
DA:454,0
DA:463,0
DA:464,0
DA:471,0
DA:472,0
DA:473,0
DA:475,0
DA:478,0
DA:489,0
DA:490,0
DA:500,0
DA:501,0
DA:513,0
DA:533,0
DA:539,0
DA:540,0
DA:550,0
DA:551,0
DA:553,0
DA:558,0
DA:566,0
DA:567,0
DA:577,0
DA:578,0
DA:580,0
DA:584,0
DA:585,0
DA:591,0
DA:592,0
DA:594,0
DA:595,0
DA:596,0
DA:599,0
DA:600,0
DA:610,0
DA:613,0
DA:621,0
DA:622,0
DA:623,0
DA:628,0
DA:629,0
DA:633,0
DA:634,0
DA:638,0
DA:639,0
DA:642,0
DA:643,0
DA:647,0
DA:648,0
DA:649,0
DA:650,0
DA:651,0
DA:656,0
DA:657,0
DA:661,0
DA:662,0
DA:666,0
DA:667,0
DA:670,0
DA:674,3
LF:165
LH:2
BRDA:13,0,0,0
BRDA:14,1,0,0
BRDA:28,2,0,0
BRDA:28,2,1,0
BRDA:38,3,0,0
BRDA:38,3,1,0
BRDA:44,4,0,0
BRDA:44,4,1,0
BRDA:44,5,0,0
BRDA:44,5,1,0
BRDA:60,6,0,0
BRDA:60,6,1,0
BRDA:62,7,0,0
BRDA:62,7,1,0
BRDA:62,8,0,0
BRDA:62,8,1,0
BRDA:75,9,0,0
BRDA:75,9,1,0
BRDA:79,10,0,0
BRDA:79,10,1,0
BRDA:81,11,0,0
BRDA:81,11,1,0
BRDA:86,12,0,0
BRDA:86,12,1,0
BRDA:89,13,0,0
BRDA:89,13,1,0
BRDA:101,14,0,0
BRDA:101,14,1,0
BRDA:106,15,0,0
BRDA:106,15,1,0
BRDA:193,16,0,0
BRDA:193,16,1,0
BRDA:204,17,0,0
BRDA:204,17,1,0
BRDA:204,18,0,0
BRDA:204,18,1,0
BRDA:235,19,0,0
BRDA:235,19,1,0
BRDA:242,20,0,0
BRDA:242,20,1,0
BRDA:252,21,0,0
BRDA:252,21,1,0
BRDA:261,22,0,0
BRDA:261,22,1,0
BRDA:266,23,0,0
BRDA:266,23,1,0
BRDA:293,24,0,0
BRDA:293,24,1,0
BRDA:315,25,0,0
BRDA:315,25,1,0
BRDA:341,26,0,0
BRDA:341,26,1,0
BRDA:352,27,0,0
BRDA:352,27,1,0
BRDA:364,28,0,0
BRDA:364,28,1,0
BRDA:381,29,0,0
BRDA:381,29,1,0
BRDA:390,30,0,0
BRDA:390,31,0,0
BRDA:399,32,0,0
BRDA:399,32,1,0
BRDA:400,33,0,0
BRDA:400,33,1,0
BRDA:412,34,0,0
BRDA:412,34,1,0
BRDA:413,35,0,0
BRDA:413,35,1,0
BRDA:434,36,0,0
BRDA:434,36,1,0
BRDA:447,37,0,0
BRDA:447,37,1,0
BRDA:463,38,0,0
BRDA:463,38,1,0
BRDA:493,39,0,0
BRDA:493,39,1,0
BRDA:515,40,0,0
BRDA:515,40,1,0
BRDA:516,41,0,0
BRDA:516,41,1,0
BRDA:517,42,0,0
BRDA:517,42,1,0
BRDA:518,43,0,0
BRDA:518,43,1,0
BRDA:521,44,0,0
BRDA:521,44,1,0
BRDA:528,45,0,0
BRDA:528,45,1,0
BRDA:529,46,0,0
BRDA:529,46,1,0
BRDA:543,47,0,0
BRDA:543,47,1,0
BRDA:555,48,0,0
BRDA:555,48,1,0
BRDA:570,49,0,0
BRDA:570,49,1,0
BRDA:584,50,0,0
BRDA:584,50,1,0
BRDA:603,51,0,0
BRDA:603,51,1,0
BRDA:622,52,0,0
BRDA:622,52,1,0
BRDA:622,53,0,0
BRDA:622,53,1,0
BRDA:622,53,2,0
BRDA:628,54,0,0
BRDA:628,54,1,0
BRDA:628,55,0,0
BRDA:628,55,1,0
BRDA:633,56,0,0
BRDA:633,56,1,0
BRDA:633,57,0,0
BRDA:633,57,1,0
BRDA:638,58,0,0
BRDA:638,58,1,0
BRDA:638,59,0,0
BRDA:638,59,1,0
BRDA:642,60,0,0
BRDA:642,60,1,0
BRDA:642,61,0,0
BRDA:642,61,1,0
BRDA:647,62,0,0
BRDA:647,62,1,0
BRDA:650,63,0,0
BRDA:650,63,1,0
BRDA:656,64,0,0
BRDA:656,64,1,0
BRDA:656,65,0,0
BRDA:656,65,1,0
BRDA:656,65,2,0
BRDA:661,66,0,0
BRDA:661,66,1,0
BRDA:661,67,0,0
BRDA:661,67,1,0
BRDA:661,67,2,0
BRDA:666,68,0,0
BRDA:666,68,1,0
BRF:137
BRH:0
end_of_record
TN:
SF:src\controllers\tenantProfileController.js
FN:4,(anonymous_0)
FN:9,(anonymous_1)
FN:31,(anonymous_2)
FNF:3
FNH:1
FNDA:3,(anonymous_0)
FNDA:0,(anonymous_1)
FNDA:0,(anonymous_2)
DA:1,3
DA:5,3
DA:6,3
DA:9,3
DA:10,0
DA:12,0
DA:13,0
DA:15,0
DA:16,0
DA:23,0
DA:24,0
DA:26,0
DA:27,0
DA:31,3
DA:32,0
DA:34,0
DA:35,0
DA:36,0
DA:38,0
DA:39,0
DA:46,0
DA:47,0
DA:53,0
DA:54,0
DA:59,3
LF:25
LH:6
BRDA:15,0,0,0
BRDA:15,0,1,0
BRDA:15,1,0,0
BRDA:15,1,1,0
BRDA:38,2,0,0
BRDA:38,2,1,0
BRDA:38,3,0,0
BRDA:38,3,1,0
BRF:8
BRH:0
end_of_record
TN:
SF:src\controllers\userController.js
FN:5,(anonymous_0)
FN:12,(anonymous_1)
FN:46,(anonymous_2)
FN:72,(anonymous_3)
FN:105,(anonymous_4)
FN:143,(anonymous_5)
FN:169,(anonymous_6)
FN:186,(anonymous_7)
FN:216,(anonymous_8)
FN:242,(anonymous_9)
FN:272,(anonymous_10)
FNF:11
FNH:1
FNDA:3,(anonymous_0)
FNDA:0,(anonymous_1)
FNDA:0,(anonymous_2)
FNDA:0,(anonymous_3)
FNDA:0,(anonymous_4)
FNDA:0,(anonymous_5)
FNDA:0,(anonymous_6)
FNDA:0,(anonymous_7)
FNDA:0,(anonymous_8)
FNDA:0,(anonymous_9)
FNDA:0,(anonymous_10)
DA:2,3
DA:7,3
DA:8,3
DA:12,3
DA:13,0
DA:14,0
DA:15,0
DA:17,0
DA:20,0
DA:27,0
DA:38,0
DA:46,3
DA:47,0
DA:48,0
DA:51,0
DA:53,0
DA:54,0
DA:61,0
DA:66,0
DA:72,3
DA:73,0
DA:74,0
DA:76,0
DA:79,0
DA:81,0
DA:82,0
DA:83,0
DA:89,0
DA:91,0
DA:96,0
DA:97,0
DA:105,3
DA:106,0
DA:107,0
DA:110,0
DA:111,0
DA:112,0
DA:119,0
DA:129,0
DA:135,0
DA:143,3
DA:144,0
DA:145,0
DA:147,0
DA:149,0
DA:150,0
DA:156,0
DA:162,0
DA:169,3
DA:170,0
DA:171,0
DA:172,0
DA:177,0
DA:178,0
DA:186,3
DA:187,0
DA:188,0
DA:189,0
DA:191,0
DA:193,0
DA:194,0
DA:200,0
DA:201,0
DA:207,0
DA:208,0
DA:216,3
DA:217,0
DA:218,0
DA:220,0
DA:222,0
DA:223,0
DA:229,0
DA:234,0
DA:242,3
DA:243,0
DA:244,0
DA:245,0
DA:247,0
DA:253,0
DA:264,0
DA:272,3
DA:273,0
DA:274,0
DA:275,0
DA:277,0
DA:283,0
DA:294,0
DA:303,3
DA:304,3
LF:89
LH:15
BRDA:14,0,0,0
BRDA:14,1,0,0
BRDA:17,2,0,0
BRDA:17,2,1,0
BRDA:53,3,0,0
BRDA:53,3,1,0
BRDA:81,4,0,0
BRDA:81,4,1,0
BRDA:111,5,0,0
BRDA:111,5,1,0
BRDA:149,6,0,0
BRDA:149,6,1,0
BRDA:193,7,0,0
BRDA:193,7,1,0
BRDA:222,8,0,0
BRDA:222,8,1,0
BRDA:244,9,0,0
BRDA:244,10,0,0
BRDA:274,11,0,0
BRDA:274,12,0,0
BRF:20
BRH:0
end_of_record
TN:
SF:src\middleware\auth.js
FN:4,(anonymous_0)
FN:50,(anonymous_1)
FN:51,(anonymous_2)
FNF:3
FNH:2
FNDA:7,(anonymous_0)
FNDA:97,(anonymous_1)
FNDA:0,(anonymous_2)
DA:1,3
DA:2,3
DA:4,3
DA:5,7
DA:6,7
DA:8,7
DA:9,0
DA:10,0
DA:16,7
DA:19,7
DA:20,7
DA:23,0
DA:24,0
DA:26,0
DA:27,0
DA:28,0
DA:34,0
DA:37,0
DA:38,0
DA:39,0
DA:42,7
DA:43,7
DA:50,3
DA:51,97
DA:52,0
DA:53,0
DA:54,0
DA:59,0
DA:63,3
LF:29
LH:14
BRDA:8,0,0,0
BRDA:8,0,1,7
BRDA:26,1,0,0
BRDA:26,1,1,0
BRDA:52,2,0,0
BRDA:52,2,1,0
BRDA:52,3,0,0
BRDA:52,3,1,0
BRF:8
BRH:1
end_of_record
TN:
SF:src\middleware\errorHandler.js
FN:3,(anonymous_0)
FN:74,(anonymous_1)
FNF:2
FNH:0
FNDA:0,(anonymous_0)
FNDA:0,(anonymous_1)
DA:1,3
DA:3,3
DA:5,0
DA:16,0
DA:17,0
DA:28,0
DA:31,0
DA:32,0
DA:33,0
DA:34,0
DA:35,0
DA:36,0
DA:37,0
DA:40,0
DA:50,0
DA:52,0
DA:57,0
DA:58,0
DA:64,0
DA:65,0
DA:72,0
DA:74,0
DA:80,0
DA:88,0
DA:89,0
DA:96,0
DA:97,0
DA:105,0
DA:106,0
DA:112,0
DA:113,0
DA:120,0
DA:127,3
LF:33
LH:3
BRDA:16,0,0,0
BRDA:16,0,1,0
BRDA:16,1,0,0
BRDA:16,1,1,0
BRDA:28,2,0,0
BRDA:28,2,1,0
BRDA:32,3,0,0
BRDA:32,3,1,0
BRDA:34,4,0,0
BRDA:34,4,1,0
BRDA:36,5,0,0
BRDA:36,5,1,0
BRDA:43,6,0,0
BRDA:43,6,1,0
BRDA:50,7,0,0
BRDA:50,7,1,0
BRDA:52,8,0,0
BRDA:52,8,1,0
BRDA:57,9,0,0
BRDA:57,9,1,0
BRDA:64,10,0,0
BRDA:64,10,1,0
BRDA:72,11,0,0
BRDA:72,11,1,0
BRDA:72,12,0,0
BRDA:72,12,1,0
BRDA:88,13,0,0
BRDA:88,13,1,0
BRDA:88,14,0,0
BRDA:88,14,1,0
BRDA:96,15,0,0
BRDA:96,15,1,0
BRDA:100,16,0,0
BRDA:100,16,1,0
BRDA:105,17,0,0
BRDA:105,17,1,0
BRDA:112,18,0,0
BRDA:112,18,1,0
BRDA:120,19,0,0
BRDA:120,19,1,0
BRDA:122,20,0,0
BRDA:122,20,1,0
BRDA:123,21,0,0
BRDA:123,21,1,0
BRF:44
BRH:0
end_of_record
TN:
SF:src\middleware\rateLimiter.js
FNF:0
FNH:0
DA:1,3
DA:3,3
DA:14,3
DA:23,3
LF:4
LH:4
BRF:0
BRH:0
end_of_record
TN:
SF:src\middleware\security.js
FN:6,(anonymous_0)
FN:17,(anonymous_1)
FN:18,(anonymous_2)
FN:52,(anonymous_3)
FN:110,(anonymous_4)
FN:111,(anonymous_5)
FN:120,(anonymous_6)
FN:135,(anonymous_7)
FNF:8
FNH:3
FNDA:12,(anonymous_0)
FNDA:7,(anonymous_1)
FNDA:0,(anonymous_2)
FNDA:7,(anonymous_3)
FNDA:0,(anonymous_4)
FNDA:0,(anonymous_5)
FNDA:0,(anonymous_6)
FNDA:0,(anonymous_7)
DA:2,3
DA:3,3
DA:6,12
DA:17,7
DA:19,0
DA:27,3
DA:51,3
DA:53,7
DA:55,0
DA:63,0
DA:64,0
DA:66,0
DA:67,0
DA:68,0
DA:69,0
DA:86,3
DA:110,3
DA:111,0
DA:112,0
DA:113,0
DA:119,0
DA:120,0
DA:121,0
DA:124,0
DA:127,0
DA:128,0
DA:129,0
DA:131,0
DA:135,3
DA:136,0
DA:142,0
DA:145,3
LF:32
LH:11
BRDA:17,0,0,7
BRDA:17,0,1,7
BRDA:30,1,0,3
BRDA:30,1,1,0
BRDA:35,2,0,3
BRDA:35,2,1,0
BRDA:53,3,0,7
BRDA:53,3,1,0
BRDA:60,4,0,0
BRDA:60,4,1,0
BRDA:63,5,0,0
BRDA:63,5,1,0
BRDA:100,6,0,3
BRDA:100,6,1,3
BRDA:112,7,0,0
BRDA:112,7,1,0
BRDA:119,8,0,0
BRDA:119,8,1,0
BRDA:119,9,0,0
BRDA:119,9,1,0
BRDA:119,9,2,0
BRDA:127,10,0,0
BRDA:127,10,1,0
BRDA:128,11,0,0
BRDA:128,11,1,0
BRDA:129,12,0,0
BRDA:129,12,1,0
BRF:27
BRH:7
end_of_record
TN:
SF:src\models\PaymentIntegration.js
FN:93,(anonymous_0)
FNF:1
FNH:0
FNDA:0,(anonymous_0)
DA:2,3
DA:4,3
DA:93,3
DA:94,0
DA:97,3
LF:5
LH:4
BRF:0
BRH:0
end_of_record
TN:
SF:src\modules\ai\forecasting\index.js
FNF:0
FNH:0
DA:1,3
DA:2,3
DA:4,3
LF:3
LH:3
BRF:0
BRH:0
end_of_record
TN:
SF:src\modules\ai\forecasting\routes.js
FN:23,(anonymous_0)
FN:84,(anonymous_1)
FN:163,(anonymous_2)
FN:274,(anonymous_3)
FN:302,(anonymous_4)
FN:312,(anonymous_5)
FN:320,(anonymous_6)
FN:355,(anonymous_7)
FN:392,(anonymous_8)
FN:420,calculateMaintenanceTrend
FN:426,(anonymous_10)
FN:427,(anonymous_11)
FN:439,generateTrendInsights
FN:468,generateScenarioComparison
FN:471,(anonymous_14)
FN:489,generateScenarioRecommendations
FNF:16
FNH:0
FNDA:0,(anonymous_0)
FNDA:0,(anonymous_1)
FNDA:0,(anonymous_2)
FNDA:0,(anonymous_3)
FNDA:0,(anonymous_4)
FNDA:0,(anonymous_5)
FNDA:0,(anonymous_6)
FNDA:0,(anonymous_7)
FNDA:0,(anonymous_8)
FNDA:0,calculateMaintenanceTrend
FNDA:0,(anonymous_10)
FNDA:0,(anonymous_11)
FNDA:0,generateTrendInsights
FNDA:0,generateScenarioComparison
FNDA:0,(anonymous_14)
FNDA:0,generateScenarioRecommendations
DA:1,3
DA:2,3
DA:3,3
DA:4,3
DA:6,3
DA:7,3
DA:10,3
DA:23,3
DA:24,0
DA:26,0
DA:27,0
DA:38,0
DA:41,0
DA:44,0
DA:45,0
DA:52,0
DA:53,0
DA:59,0
DA:65,0
DA:71,0
DA:72,0
DA:84,3
DA:85,0
DA:87,0
DA:88,0
DA:94,0
DA:95,0
DA:97,0
DA:98,0
DA:105,0
DA:106,0
DA:111,0
DA:112,0
DA:118,0
DA:119,0
DA:127,0
DA:128,0
DA:134,0
DA:136,0
DA:142,0
DA:144,0
DA:145,0
DA:151,0
DA:163,3
DA:164,0
DA:165,0
DA:168,0
DA:169,0
DA:176,0
DA:185,0
DA:193,0
DA:204,0
DA:205,0
DA:208,0
DA:219,0
DA:221,0
DA:261,0
DA:262,0
DA:274,3
DA:275,0
DA:276,0
DA:277,0
DA:280,0
DA:281,0
DA:288,0
DA:289,0
DA:290,0
DA:297,0
DA:300,0
DA:302,0
DA:312,0
DA:320,0
DA:328,0
DA:342,0
DA:343,0
DA:355,3
DA:356,0
DA:358,0
DA:359,0
DA:369,0
DA:372,0
DA:375,0
DA:376,0
DA:383,0
DA:384,0
DA:385,0
DA:388,0
DA:391,0
DA:392,0
DA:393,0
DA:394,0
DA:398,0
DA:409,0
DA:410,0
DA:421,0
DA:423,0
DA:424,0
DA:426,0
DA:427,0
DA:429,0
DA:431,0
DA:432,0
DA:433,0
DA:440,0
DA:442,0
DA:443,0
DA:444,0
DA:445,0
DA:448,0
DA:449,0
DA:452,0
DA:456,0
DA:457,0
DA:458,0
DA:459,0
DA:462,0
DA:469,0
DA:471,0
DA:472,0
DA:473,0
DA:474,0
DA:476,0
DA:483,0
DA:490,0
DA:492,0
DA:493,0
DA:494,0
DA:495,0
DA:505,0
DA:506,0
DA:507,0
DA:508,0
DA:518,0
DA:521,3
LF:134
LH:13
BRDA:26,0,0,0
BRDA:26,0,1,0
BRDA:35,1,0,0
BRDA:36,2,0,0
BRDA:37,3,0,0
BRDA:41,4,0,0
BRDA:41,4,1,0
BRDA:44,5,0,0
BRDA:44,5,1,0
BRDA:44,6,0,0
BRDA:44,6,1,0
BRDA:52,7,0,0
BRDA:52,7,1,0
BRDA:52,8,0,0
BRDA:52,8,1,0
BRDA:87,9,0,0
BRDA:87,9,1,0
BRDA:95,10,0,0
BRDA:97,11,0,0
BRDA:97,11,1,0
BRDA:105,12,0,0
BRDA:105,12,1,0
BRDA:111,13,0,0
BRDA:111,13,1,0
BRDA:118,14,0,0
BRDA:118,14,1,0
BRDA:127,15,0,0
BRDA:127,15,1,0
BRDA:127,16,0,0
BRDA:127,16,1,0
BRDA:144,17,0,0
BRDA:144,17,1,0
BRDA:168,18,0,0
BRDA:168,18,1,0
BRDA:168,19,0,0
BRDA:168,19,1,0
BRDA:205,20,0,0
BRDA:205,20,1,0
BRDA:219,21,0,0
BRDA:219,21,1,0
BRDA:228,22,0,0
BRDA:228,22,1,0
BRDA:233,23,0,0
BRDA:233,23,1,0
BRDA:234,24,0,0
BRDA:234,24,1,0
BRDA:243,25,0,0
BRDA:243,25,1,0
BRDA:249,26,0,0
BRDA:249,26,1,0
BRDA:277,27,0,0
BRDA:280,28,0,0
BRDA:280,28,1,0
BRDA:280,29,0,0
BRDA:280,29,1,0
BRDA:289,30,0,0
BRDA:289,30,1,0
BRDA:289,31,0,0
BRDA:289,31,1,0
BRDA:289,31,2,0
BRDA:308,32,0,0
BRDA:308,32,1,0
BRDA:309,33,0,0
BRDA:309,33,1,0
BRDA:336,34,0,0
BRDA:336,34,1,0
BRDA:358,35,0,0
BRDA:358,35,1,0
BRDA:367,36,0,0
BRDA:368,37,0,0
BRDA:372,38,0,0
BRDA:372,38,1,0
BRDA:375,39,0,0
BRDA:375,39,1,0
BRDA:375,40,0,0
BRDA:375,40,1,0
BRDA:393,41,0,0
BRDA:393,41,1,0
BRDA:421,42,0,0
BRDA:421,42,1,0
BRDA:429,43,0,0
BRDA:429,43,1,0
BRDA:431,44,0,0
BRDA:431,44,1,0
BRDA:432,45,0,0
BRDA:432,45,1,0
BRDA:442,46,0,0
BRDA:442,46,1,0
BRDA:444,47,0,0
BRDA:444,47,1,0
BRDA:448,48,0,0
BRDA:448,48,1,0
BRDA:452,49,0,0
BRDA:452,49,1,0
BRDA:456,50,0,0
BRDA:456,50,1,0
BRDA:458,51,0,0
BRDA:458,51,1,0
BRDA:478,52,0,0
BRDA:478,52,1,0
BRDA:492,53,0,0
BRDA:492,53,1,0
BRDA:494,54,0,0
BRDA:494,54,1,0
BRDA:505,55,0,0
BRDA:505,55,1,0
BRDA:507,56,0,0
BRDA:507,56,1,0
BRF:108
BRH:0
end_of_record
TN:
SF:src\modules\ai\forecasting\service.js
FN:5,(anonymous_0)
FN:15,(anonymous_1)
FN:78,(anonymous_2)
FN:109,(anonymous_3)
FN:110,(anonymous_4)
FN:115,(anonymous_5)
FN:115,(anonymous_6)
FN:119,(anonymous_7)
FN:120,(anonymous_8)
FN:137,(anonymous_9)
FN:178,(anonymous_10)
FN:201,(anonymous_11)
FN:218,(anonymous_12)
FN:231,(anonymous_13)
FN:232,(anonymous_14)
FN:233,(anonymous_15)
FN:240,(anonymous_16)
FN:257,(anonymous_17)
FN:297,(anonymous_18)
FN:298,(anonymous_19)
FN:318,(anonymous_20)
FN:341,(anonymous_21)
FN:345,(anonymous_22)
FN:346,(anonymous_23)
FN:356,(anonymous_24)
FN:356,(anonymous_25)
FN:370,(anonymous_26)
FN:387,(anonymous_27)
FN:423,(anonymous_28)
FN:424,(anonymous_29)
FN:439,(anonymous_30)
FN:440,(anonymous_31)
FN:460,(anonymous_32)
FN:464,(anonymous_33)
FN:500,(anonymous_34)
FN:531,(anonymous_35)
FN:532,(anonymous_36)
FN:536,(anonymous_37)
FN:537,(anonymous_38)
FN:541,(anonymous_39)
FN:542,(anonymous_40)
FN:560,(anonymous_41)
FN:561,(anonymous_42)
FN:565,(anonymous_43)
FN:576,(anonymous_44)
FN:653,(anonymous_45)
FN:730,(anonymous_46)
FN:791,(anonymous_47)
FN:793,(anonymous_48)
FN:794,(anonymous_49)
FN:798,(anonymous_50)
FN:807,(anonymous_51)
FN:809,(anonymous_52)
FN:811,(anonymous_53)
FN:826,(anonymous_54)
FNF:55
FNH:1
FNDA:3,(anonymous_0)
FNDA:0,(anonymous_1)
FNDA:0,(anonymous_2)
FNDA:0,(anonymous_3)
FNDA:0,(anonymous_4)
FNDA:0,(anonymous_5)
FNDA:0,(anonymous_6)
FNDA:0,(anonymous_7)
FNDA:0,(anonymous_8)
FNDA:0,(anonymous_9)
FNDA:0,(anonymous_10)
FNDA:0,(anonymous_11)
FNDA:0,(anonymous_12)
FNDA:0,(anonymous_13)
FNDA:0,(anonymous_14)
FNDA:0,(anonymous_15)
FNDA:0,(anonymous_16)
FNDA:0,(anonymous_17)
FNDA:0,(anonymous_18)
FNDA:0,(anonymous_19)
FNDA:0,(anonymous_20)
FNDA:0,(anonymous_21)
FNDA:0,(anonymous_22)
FNDA:0,(anonymous_23)
FNDA:0,(anonymous_24)
FNDA:0,(anonymous_25)
FNDA:0,(anonymous_26)
FNDA:0,(anonymous_27)
FNDA:0,(anonymous_28)
FNDA:0,(anonymous_29)
FNDA:0,(anonymous_30)
FNDA:0,(anonymous_31)
FNDA:0,(anonymous_32)
FNDA:0,(anonymous_33)
FNDA:0,(anonymous_34)
FNDA:0,(anonymous_35)
FNDA:0,(anonymous_36)
FNDA:0,(anonymous_37)
FNDA:0,(anonymous_38)
FNDA:0,(anonymous_39)
FNDA:0,(anonymous_40)
FNDA:0,(anonymous_41)
FNDA:0,(anonymous_42)
FNDA:0,(anonymous_43)
FNDA:0,(anonymous_44)
FNDA:0,(anonymous_45)
FNDA:0,(anonymous_46)
FNDA:0,(anonymous_47)
FNDA:0,(anonymous_48)
FNDA:0,(anonymous_49)
FNDA:0,(anonymous_50)
FNDA:0,(anonymous_51)
FNDA:0,(anonymous_52)
FNDA:0,(anonymous_53)
FNDA:0,(anonymous_54)
DA:1,3
DA:2,3
DA:6,3
DA:7,3
DA:16,0
DA:21,0
DA:24,0
DA:26,0
DA:27,0
DA:34,0
DA:37,0
DA:40,0
DA:41,0
DA:42,0
DA:46,0
DA:47,0
DA:48,0
DA:52,0
DA:54,0
DA:70,0
DA:71,0
DA:79,0
DA:109,0
DA:110,0
DA:111,0
DA:114,0
DA:115,0
DA:119,0
DA:120,0
DA:121,0
DA:125,0
DA:138,0
DA:139,0
DA:142,0
DA:160,0
DA:175,0
DA:178,0
DA:179,0
DA:180,0
DA:181,0
DA:189,0
DA:190,0
DA:191,0
DA:194,0
DA:195,0
DA:201,0
DA:202,0
DA:203,0
DA:204,0
DA:212,0
DA:216,0
DA:218,0
DA:228,0
DA:231,0
DA:232,0
DA:233,0
DA:241,0
DA:243,0
DA:244,0
DA:245,0
DA:247,0
DA:250,0
DA:251,0
DA:258,0
DA:259,0
DA:262,0
DA:263,0
DA:266,0
DA:267,0
DA:269,0
DA:270,0
DA:271,0
DA:274,0
DA:275,0
DA:278,0
DA:279,0
DA:282,0
DA:283,0
DA:285,0
DA:297,0
DA:298,0
DA:299,0
DA:301,0
DA:320,0
DA:335,0
DA:343,0
DA:345,0
DA:346,0
DA:347,0
DA:348,0
DA:354,0
DA:355,0
DA:356,0
DA:358,0
DA:361,0
DA:362,0
DA:364,0
DA:371,0
DA:374,0
DA:377,0
DA:378,0
DA:381,0
DA:388,0
DA:391,0
DA:400,0
DA:409,0
DA:417,0
DA:424,0
DA:425,0
DA:426,0
DA:427,0
DA:429,0
DA:439,0
DA:440,0
DA:441,0
DA:443,0
DA:461,0
DA:463,0
DA:464,0
DA:465,0
DA:466,0
DA:467,0
DA:469,0
DA:472,0
DA:475,0
DA:476,0
DA:477,0
DA:480,0
DA:489,0
DA:490,0
DA:501,0
DA:503,0
DA:506,0
DA:522,0
DA:523,0
DA:531,0
DA:532,0
DA:535,0
DA:536,0
DA:537,0
DA:539,0
DA:540,0
DA:541,0
DA:542,0
DA:543,0
DA:545,0
DA:546,0
DA:549,0
DA:561,0
DA:562,0
DA:565,0
DA:566,0
DA:568,0
DA:569,0
DA:570,0
DA:577,0
DA:578,0
DA:607,0
DA:616,0
DA:618,0
DA:627,0
DA:630,0
DA:654,0
DA:657,0
DA:661,0
DA:662,0
DA:673,0
DA:677,0
DA:678,0
DA:689,0
DA:691,0
DA:692,0
DA:703,0
DA:713,0
DA:714,0
DA:724,0
DA:731,0
DA:732,0
DA:755,0
DA:756,0
DA:760,0
DA:768,0
DA:769,0
DA:771,0
DA:783,0
DA:784,0
DA:792,0
DA:793,0
DA:794,0
DA:796,0
DA:798,0
DA:799,0
DA:801,0
DA:809,0
DA:810,0
DA:811,0
DA:814,0
DA:827,0
DA:829,0
DA:830,0
DA:831,0
DA:833,0
DA:834,0
DA:836,0
DA:839,0
DA:841,0
DA:842,0
DA:843,0
DA:844,0
DA:847,0
DA:851,3
LF:211
LH:5
BRDA:15,0,0,0
BRDA:18,1,0,0
BRDA:19,2,0,0
BRDA:20,3,0,0
BRDA:26,4,0,0
BRDA:26,4,1,0
BRDA:41,5,0,0
BRDA:41,5,1,0
BRDA:47,6,0,0
BRDA:47,6,1,0
BRDA:111,7,0,0
BRDA:111,7,1,0
BRDA:111,7,2,0
BRDA:114,8,0,0
BRDA:114,8,1,0
BRDA:121,9,0,0
BRDA:121,9,1,0
BRDA:121,9,2,0
BRDA:180,10,0,0
BRDA:180,10,1,0
BRDA:189,11,0,0
BRDA:189,11,1,0
BRDA:194,12,0,0
BRDA:194,12,1,0
BRDA:194,13,0,0
BRDA:194,13,1,0
BRDA:203,14,0,0
BRDA:203,14,1,0
BRDA:223,15,0,0
BRDA:223,15,1,0
BRDA:231,16,0,0
BRDA:231,16,1,0
BRDA:232,17,0,0
BRDA:232,17,1,0
BRDA:241,18,0,0
BRDA:241,18,1,0
BRDA:243,19,0,0
BRDA:243,19,1,0
BRDA:244,20,0,0
BRDA:244,20,1,0
BRDA:247,21,0,0
BRDA:247,21,1,0
BRDA:308,22,0,0
BRDA:308,22,1,0
BRDA:335,23,0,0
BRDA:335,23,1,0
BRDA:347,24,0,0
BRDA:347,24,1,0
BRDA:347,25,0,0
BRDA:347,25,1,0
BRDA:358,26,0,0
BRDA:358,26,1,0
BRDA:377,27,0,0
BRDA:377,27,1,0
BRDA:466,28,0,0
BRDA:466,28,1,0
BRDA:501,29,0,0
BRDA:501,29,1,0
BRDA:522,30,0,0
BRDA:522,30,1,0
BRDA:540,31,0,0
BRDA:540,31,1,0
BRDA:540,32,0,0
BRDA:540,32,1,0
BRDA:545,33,0,0
BRDA:545,33,1,0
BRDA:546,34,0,0
BRDA:546,34,1,0
BRDA:562,35,0,0
BRDA:562,35,1,0
BRDA:568,36,0,0
BRDA:568,36,1,0
BRDA:569,37,0,0
BRDA:569,37,1,0
BRDA:592,38,0,0
BRDA:592,38,1,0
BRDA:593,39,0,0
BRDA:593,39,1,0
BRDA:594,40,0,0
BRDA:594,40,1,0
BRDA:597,41,0,0
BRDA:597,41,1,0
BRDA:598,42,0,0
BRDA:598,42,1,0
BRDA:619,43,0,0
BRDA:619,43,1,0
BRDA:620,44,0,0
BRDA:620,44,1,0
BRDA:621,45,0,0
BRDA:621,45,1,0
BRDA:622,46,0,0
BRDA:622,46,1,0
BRDA:623,47,0,0
BRDA:623,47,1,0
BRDA:634,48,0,0
BRDA:634,48,1,0
BRDA:657,49,0,0
BRDA:657,49,1,0
BRDA:661,50,0,0
BRDA:661,50,1,0
BRDA:673,51,0,0
BRDA:673,51,1,0
BRDA:677,52,0,0
BRDA:677,52,1,0
BRDA:691,53,0,0
BRDA:691,53,1,0
BRDA:713,54,0,0
BRDA:713,54,1,0
BRDA:730,55,0,0
BRDA:755,56,0,0
BRDA:755,56,1,0
BRDA:762,57,0,0
BRDA:762,57,1,0
BRDA:763,58,0,0
BRDA:763,58,1,0
BRDA:776,59,0,0
BRDA:776,59,1,0
BRDA:796,60,0,0
BRDA:796,60,1,0
BRDA:810,61,0,0
BRDA:810,61,1,0
BRDA:812,62,0,0
BRDA:812,62,1,0
BRDA:830,63,0,0
BRDA:830,63,1,0
BRDA:833,64,0,0
BRDA:833,64,1,0
BRDA:841,65,0,0
BRDA:841,65,1,0
BRDA:843,66,0,0
BRDA:843,66,1,0
BRF:131
BRH:0
end_of_record
TN:
SF:src\modules\ai\leasingAgent\index.js
FNF:0
FNH:0
DA:1,3
DA:2,3
DA:4,3
LF:3
LH:3
BRF:0
BRH:0
end_of_record
TN:
SF:src\modules\ai\leasingAgent\routes.js
FN:23,(anonymous_0)
FN:97,(anonymous_1)
FN:145,(anonymous_2)
FN:185,(anonymous_3)
FN:226,(anonymous_4)
FN:293,(anonymous_5)
FN:351,(anonymous_6)
FNF:7
FNH:0
FNDA:0,(anonymous_0)
FNDA:0,(anonymous_1)
FNDA:0,(anonymous_2)
FNDA:0,(anonymous_3)
FNDA:0,(anonymous_4)
FNDA:0,(anonymous_5)
FNDA:0,(anonymous_6)
DA:1,3
DA:2,3
DA:3,3
DA:4,3
DA:6,3
DA:7,3
DA:10,3
DA:23,3
DA:24,0
DA:26,0
DA:27,0
DA:40,0
DA:43,0
DA:44,0
DA:51,0
DA:52,0
DA:53,0
DA:60,0
DA:69,0
DA:71,0
DA:84,0
DA:85,0
DA:97,3
DA:98,0
DA:100,0
DA:101,0
DA:107,0
DA:110,0
DA:111,0
DA:117,0
DA:118,0
DA:124,0
DA:126,0
DA:132,0
DA:133,0
DA:145,3
DA:146,0
DA:147,0
DA:149,0
DA:150,0
DA:156,0
DA:158,0
DA:164,0
DA:166,0
DA:167,0
DA:173,0
DA:185,3
DA:186,0
DA:187,0
DA:188,0
DA:190,0
DA:191,0
DA:197,0
DA:199,0
DA:205,0
DA:207,0
DA:208,0
DA:214,0
DA:226,3
DA:227,0
DA:236,0
DA:239,0
DA:240,0
DA:241,0
DA:242,0
DA:245,0
DA:248,0
DA:249,0
DA:251,0
DA:266,0
DA:280,0
DA:281,0
DA:293,3
DA:294,0
DA:295,0
DA:296,0
DA:298,0
DA:299,0
DA:306,0
DA:307,0
DA:311,0
DA:312,0
DA:319,0
DA:332,0
DA:338,0
DA:339,0
DA:351,3
DA:352,0
DA:353,0
DA:354,0
DA:356,0
DA:358,0
DA:359,0
DA:365,0
DA:366,0
DA:372,0
DA:377,0
DA:383,0
DA:384,0
DA:391,3
LF:100
LH:15
BRDA:26,0,0,0
BRDA:26,0,1,0
BRDA:39,1,0,0
BRDA:43,2,0,0
BRDA:43,2,1,0
BRDA:43,3,0,0
BRDA:43,3,1,0
BRDA:52,4,0,0
BRDA:52,4,1,0
BRDA:100,5,0,0
BRDA:100,5,1,0
BRDA:110,6,0,0
BRDA:110,6,1,0
BRDA:110,7,0,0
BRDA:110,7,1,0
BRDA:110,7,2,0
BRDA:110,7,3,0
BRDA:117,8,0,0
BRDA:117,8,1,0
BRDA:117,9,0,0
BRDA:117,9,1,0
BRDA:149,10,0,0
BRDA:149,10,1,0
BRDA:166,11,0,0
BRDA:166,11,1,0
BRDA:190,12,0,0
BRDA:190,12,1,0
BRDA:190,13,0,0
BRDA:190,13,1,0
BRDA:207,14,0,0
BRDA:207,14,1,0
BRDA:232,15,0,0
BRDA:233,16,0,0
BRDA:234,17,0,0
BRDA:235,18,0,0
BRDA:240,19,0,0
BRDA:240,19,1,0
BRDA:241,20,0,0
BRDA:241,20,1,0
BRDA:242,21,0,0
BRDA:242,21,1,0
BRDA:249,22,0,0
BRDA:249,22,1,0
BRDA:298,23,0,0
BRDA:298,23,1,0
BRDA:306,24,0,0
BRDA:306,24,1,0
BRDA:311,25,0,0
BRDA:311,25,1,0
BRDA:322,26,0,0
BRDA:322,26,1,0
BRDA:323,27,0,0
BRDA:323,27,1,0
BRDA:358,28,0,0
BRDA:358,28,1,0
BRDA:358,29,0,0
BRDA:358,29,1,0
BRDA:365,30,0,0
BRDA:365,30,1,0
BRF:59
BRH:0
end_of_record
TN:
SF:src\modules\ai\leasingAgent\service.js
FN:5,(anonymous_0)
FN:15,(anonymous_1)
FN:77,(anonymous_2)
FN:122,(anonymous_3)
FN:165,(anonymous_4)
FN:200,(anonymous_5)
FN:235,(anonymous_6)
FN:267,(anonymous_7)
FN:317,(anonymous_8)
FN:362,(anonymous_9)
FN:379,(anonymous_10)
FN:404,(anonymous_11)
FN:433,(anonymous_12)
FN:452,(anonymous_13)
FN:463,(anonymous_14)
FN:465,(anonymous_15)
FN:479,(anonymous_16)
FN:487,(anonymous_17)
FNF:18
FNH:1
FNDA:3,(anonymous_0)
FNDA:0,(anonymous_1)
FNDA:0,(anonymous_2)
FNDA:0,(anonymous_3)
FNDA:0,(anonymous_4)
FNDA:0,(anonymous_5)
FNDA:0,(anonymous_6)
FNDA:0,(anonymous_7)
FNDA:0,(anonymous_8)
FNDA:0,(anonymous_9)
FNDA:0,(anonymous_10)
FNDA:0,(anonymous_11)
FNDA:0,(anonymous_12)
FNDA:0,(anonymous_13)
FNDA:0,(anonymous_14)
FNDA:0,(anonymous_15)
FNDA:0,(anonymous_16)
FNDA:0,(anonymous_17)
DA:1,3
DA:2,3
DA:6,3
DA:7,3
DA:16,0
DA:18,0
DA:20,0
DA:22,0
DA:65,0
DA:67,0
DA:69,0
DA:70,0
DA:78,0
DA:79,0
DA:100,0
DA:103,0
DA:104,0
DA:105,0
DA:106,0
DA:107,0
DA:108,0
DA:109,0
DA:110,0
DA:112,0
DA:114,0
DA:115,0
DA:123,0
DA:124,0
DA:129,0
DA:130,0
DA:134,0
DA:137,0
DA:138,0
DA:140,0
DA:163,0
DA:165,0
DA:172,0
DA:179,0
DA:182,0
DA:184,0
DA:192,0
DA:193,0
DA:201,0
DA:207,0
DA:208,0
DA:209,0
DA:210,0
DA:213,0
DA:214,0
DA:217,0
DA:218,0
DA:225,0
DA:236,0
DA:240,0
DA:254,0
DA:268,0
DA:272,0
DA:275,0
DA:276,0
DA:277,0
DA:278,0
DA:279,0
DA:282,0
DA:283,0
DA:284,0
DA:285,0
DA:288,0
DA:289,0
DA:290,0
DA:291,0
DA:292,0
DA:293,0
DA:297,0
DA:298,0
DA:301,0
DA:304,0
DA:305,0
DA:306,0
DA:308,0
DA:318,0
DA:321,0
DA:322,0
DA:324,0
DA:325,0
DA:332,0
DA:333,0
DA:340,0
DA:341,0
DA:348,0
DA:349,0
DA:356,0
DA:363,0
DA:365,0
DA:367,0
DA:369,0
DA:370,0
DA:371,0
DA:379,0
DA:383,0
DA:387,0
DA:396,0
DA:397,0
DA:405,0
DA:410,0
DA:411,0
DA:414,0
DA:415,0
DA:418,0
DA:426,0
DA:434,0
DA:435,0
DA:437,0
DA:438,0
DA:439,0
DA:440,0
DA:441,0
DA:442,0
DA:443,0
DA:445,0
DA:447,0
DA:448,0
DA:449,0
DA:453,0
DA:457,0
DA:458,0
DA:459,0
DA:460,0
DA:464,0
DA:465,0
DA:467,0
DA:478,0
DA:479,0
DA:480,0
DA:484,0
DA:488,0
DA:489,0
DA:492,0
DA:493,0
DA:496,0
DA:497,0
DA:500,0
DA:501,0
DA:504,0
DA:508,3
LF:144
LH:5
BRDA:25,0,0,0
BRDA:25,0,1,0
BRDA:26,1,0,0
BRDA:26,1,1,0
BRDA:27,2,0,0
BRDA:27,2,1,0
BRDA:28,3,0,0
BRDA:28,3,1,0
BRDA:44,4,0,0
BRDA:44,4,1,0
BRDA:45,5,0,0
BRDA:45,5,1,0
BRDA:46,6,0,0
BRDA:46,6,1,0
BRDA:47,7,0,0
BRDA:47,7,1,0
BRDA:104,8,0,0
BRDA:104,8,1,0
BRDA:104,9,0,0
BRDA:104,9,1,0
BRDA:105,10,0,0
BRDA:105,10,1,0
BRDA:105,11,0,0
BRDA:105,11,1,0
BRDA:106,12,0,0
BRDA:106,12,1,0
BRDA:106,13,0,0
BRDA:106,13,1,0
BRDA:107,14,0,0
BRDA:107,14,1,0
BRDA:107,15,0,0
BRDA:107,15,1,0
BRDA:108,16,0,0
BRDA:108,16,1,0
BRDA:108,17,0,0
BRDA:108,17,1,0
BRDA:109,18,0,0
BRDA:109,18,1,0
BRDA:110,19,0,0
BRDA:110,19,1,0
BRDA:122,20,0,0
BRDA:129,21,0,0
BRDA:129,21,1,0
BRDA:137,22,0,0
BRDA:137,22,1,0
BRDA:143,23,0,0
BRDA:143,23,1,0
BRDA:143,24,0,0
BRDA:143,24,1,0
BRDA:144,25,0,0
BRDA:144,25,1,0
BRDA:144,26,0,0
BRDA:144,26,1,0
BRDA:145,27,0,0
BRDA:145,27,1,0
BRDA:146,28,0,0
BRDA:146,28,1,0
BRDA:147,29,0,0
BRDA:147,29,1,0
BRDA:148,30,0,0
BRDA:148,30,1,0
BRDA:148,31,0,0
BRDA:148,31,1,0
BRDA:166,32,0,0
BRDA:166,32,1,0
BRDA:207,33,0,0
BRDA:207,33,1,0
BRDA:207,34,0,0
BRDA:207,34,1,0
BRDA:209,35,0,0
BRDA:209,35,1,0
BRDA:210,36,0,0
BRDA:210,36,1,0
BRDA:213,37,0,0
BRDA:213,37,1,0
BRDA:217,38,0,0
BRDA:217,38,1,0
BRDA:241,39,0,0
BRDA:241,39,1,0
BRDA:275,40,0,0
BRDA:275,40,1,0
BRDA:275,41,0,0
BRDA:275,41,1,0
BRDA:276,42,0,0
BRDA:276,42,1,0
BRDA:277,43,0,0
BRDA:277,43,1,0
BRDA:278,44,0,0
BRDA:278,44,1,0
BRDA:279,45,0,0
BRDA:279,45,1,0
BRDA:279,46,0,0
BRDA:279,46,1,0
BRDA:283,47,0,0
BRDA:283,47,1,0
BRDA:284,48,0,0
BRDA:284,48,1,0
BRDA:285,49,0,0
BRDA:285,49,1,0
BRDA:288,50,0,0
BRDA:288,50,1,0
BRDA:290,51,0,0
BRDA:290,51,1,0
BRDA:291,52,0,0
BRDA:291,52,1,0
BRDA:292,53,0,0
BRDA:292,53,1,0
BRDA:293,54,0,0
BRDA:293,54,1,0
BRDA:297,55,0,0
BRDA:297,55,1,0
BRDA:298,56,0,0
BRDA:298,56,1,0
BRDA:298,57,0,0
BRDA:298,57,1,0
BRDA:305,58,0,0
BRDA:305,58,1,0
BRDA:306,59,0,0
BRDA:306,59,1,0
BRDA:324,60,0,0
BRDA:324,60,1,0
BRDA:324,61,0,0
BRDA:324,61,1,0
BRDA:324,61,2,0
BRDA:332,62,0,0
BRDA:332,62,1,0
BRDA:332,63,0,0
BRDA:332,63,1,0
BRDA:340,64,0,0
BRDA:340,64,1,0
BRDA:340,65,0,0
BRDA:340,65,1,0
BRDA:340,65,2,0
BRDA:348,66,0,0
BRDA:348,66,1,0
BRDA:374,67,0,0
BRDA:374,67,1,0
BRDA:410,68,0,0
BRDA:410,68,1,0
BRDA:415,69,0,0
BRDA:415,69,1,0
BRDA:437,70,0,0
BRDA:437,70,1,0
BRDA:437,71,0,0
BRDA:437,71,1,0
BRDA:438,72,0,0
BRDA:438,72,1,0
BRDA:439,73,0,0
BRDA:439,73,1,0
BRDA:440,74,0,0
BRDA:440,74,1,0
BRDA:441,75,0,0
BRDA:441,75,1,0
BRDA:442,76,0,0
BRDA:442,76,1,0
BRDA:443,77,0,0
BRDA:443,77,1,0
BRDA:443,78,0,0
BRDA:443,78,1,0
BRDA:447,79,0,0
BRDA:447,79,1,0
BRDA:448,80,0,0
BRDA:448,80,1,0
BRDA:453,81,0,0
BRDA:453,81,1,0
BRDA:457,82,0,0
BRDA:457,82,1,0
BRDA:457,83,0,0
BRDA:457,83,1,0
BRDA:458,84,0,0
BRDA:458,84,1,0
BRDA:458,85,0,0
BRDA:458,85,1,0
BRDA:459,86,0,0
BRDA:459,86,1,0
BRDA:459,87,0,0
BRDA:459,87,1,0
BRDA:465,88,0,0
BRDA:465,88,1,0
BRDA:479,89,0,0
BRDA:479,89,1,0
BRDA:488,90,0,0
BRDA:488,90,1,0
BRDA:488,91,0,0
BRDA:488,91,1,0
BRDA:492,92,0,0
BRDA:492,92,1,0
BRDA:492,93,0,0
BRDA:492,93,1,0
BRDA:496,94,0,0
BRDA:496,94,1,0
BRDA:500,95,0,0
BRDA:500,95,1,0
BRF:193
BRH:0
end_of_record
TN:
SF:src\modules\ai\rentOptimizer\index.js
FNF:0
FNH:0
DA:1,3
DA:2,3
DA:4,3
LF:3
LH:3
BRF:0
BRH:0
end_of_record
TN:
SF:src\modules\ai\rentOptimizer\routes.js
FN:23,(anonymous_0)
FN:84,(anonymous_1)
FN:138,(anonymous_2)
FN:207,(anonymous_3)
FN:248,(anonymous_4)
FN:249,(anonymous_5)
FN:254,(anonymous_6)
FN:297,(anonymous_7)
FN:322,(anonymous_8)
FN:347,(anonymous_9)
FN:389,(anonymous_10)
FN:422,(anonymous_11)
FN:426,(anonymous_12)
FN:427,(anonymous_13)
FNF:14
FNH:0
FNDA:0,(anonymous_0)
FNDA:0,(anonymous_1)
FNDA:0,(anonymous_2)
FNDA:0,(anonymous_3)
FNDA:0,(anonymous_4)
FNDA:0,(anonymous_5)
FNDA:0,(anonymous_6)
FNDA:0,(anonymous_7)
FNDA:0,(anonymous_8)
FNDA:0,(anonymous_9)
FNDA:0,(anonymous_10)
FNDA:0,(anonymous_11)
FNDA:0,(anonymous_12)
FNDA:0,(anonymous_13)
DA:1,3
DA:2,3
DA:3,3
DA:4,3
DA:6,3
DA:7,3
DA:10,3
DA:23,3
DA:24,0
DA:26,0
DA:27,0
DA:33,0
DA:34,0
DA:36,0
DA:37,0
DA:44,0
DA:45,0
DA:46,0
DA:52,0
DA:57,0
DA:63,0
DA:65,0
DA:66,0
DA:72,0
DA:84,3
DA:85,0
DA:87,0
DA:88,0
DA:94,0
DA:97,0
DA:100,0
DA:101,0
DA:107,0
DA:108,0
DA:109,0
DA:115,0
DA:119,0
DA:125,0
DA:126,0
DA:138,3
DA:139,0
DA:140,0
DA:142,0
DA:143,0
DA:150,0
DA:155,0
DA:156,0
DA:163,0
DA:164,0
DA:171,0
DA:176,0
DA:194,0
DA:195,0
DA:207,3
DA:208,0
DA:209,0
DA:214,0
DA:231,0
DA:232,0
DA:248,0
DA:249,0
DA:250,0
DA:253,0
DA:254,0
DA:255,0
DA:256,0
DA:257,0
DA:259,0
DA:260,0
DA:264,0
DA:286,0
DA:288,0
DA:289,0
DA:297,0
DA:298,0
DA:306,0
DA:313,0
DA:322,0
DA:334,0
DA:335,0
DA:347,3
DA:348,0
DA:349,0
DA:351,0
DA:352,0
DA:359,0
DA:373,0
DA:374,0
DA:381,0
DA:382,0
DA:389,0
DA:399,0
DA:400,0
DA:401,0
DA:402,0
DA:403,0
DA:405,0
DA:406,0
DA:409,0
DA:422,0
DA:426,0
DA:427,0
DA:435,0
DA:436,0
DA:443,3
LF:105
LH:13
BRDA:26,0,0,0
BRDA:26,0,1,0
BRDA:34,1,0,0
BRDA:34,2,0,0
BRDA:36,3,0,0
BRDA:36,3,1,0
BRDA:45,4,0,0
BRDA:45,4,1,0
BRDA:65,5,0,0
BRDA:65,5,1,0
BRDA:87,6,0,0
BRDA:87,6,1,0
BRDA:94,7,0,0
BRDA:97,8,0,0
BRDA:97,8,1,0
BRDA:100,9,0,0
BRDA:100,9,1,0
BRDA:100,10,0,0
BRDA:100,10,1,0
BRDA:108,11,0,0
BRDA:108,11,1,0
BRDA:142,12,0,0
BRDA:142,12,1,0
BRDA:155,13,0,0
BRDA:155,13,1,0
BRDA:163,14,0,0
BRDA:163,14,1,0
BRDA:163,15,0,0
BRDA:163,15,1,0
BRDA:209,16,0,0
BRDA:209,16,1,0
BRDA:210,17,0,0
BRDA:210,17,1,0
BRDA:231,18,0,0
BRDA:231,18,1,0
BRDA:248,19,0,0
BRDA:248,19,1,0
BRDA:256,20,0,0
BRDA:256,20,1,0
BRDA:260,21,0,0
BRDA:260,21,1,0
BRDA:275,22,0,0
BRDA:275,22,1,0
BRDA:275,23,0,0
BRDA:275,23,1,0
BRDA:280,24,0,0
BRDA:280,24,1,0
BRDA:288,25,0,0
BRDA:288,25,1,0
BRDA:297,26,0,0
BRDA:297,26,1,0
BRDA:351,27,0,0
BRDA:351,27,1,0
BRDA:373,28,0,0
BRDA:373,28,1,0
BRDA:381,29,0,0
BRDA:381,29,1,0
BRDA:381,30,0,0
BRDA:381,30,1,0
BRDA:393,31,0,0
BRDA:393,31,1,0
BRDA:400,32,0,0
BRDA:400,32,1,0
BRDA:405,33,0,0
BRDA:405,33,1,0
BRDA:406,34,0,0
BRDA:406,34,1,0
BRDA:421,35,0,0
BRDA:421,35,1,0
BRDA:424,36,0,0
BRDA:424,36,1,0
BRF:71
BRH:0
end_of_record
TN:
SF:src\modules\ai\rentOptimizer\service.js
FN:5,(anonymous_0)
FN:15,(anonymous_1)
FN:72,(anonymous_2)
FN:117,(anonymous_3)
FN:121,(anonymous_4)
FN:127,(anonymous_5)
FN:159,(anonymous_6)
FN:190,(anonymous_7)
FN:190,(anonymous_8)
FN:191,(anonymous_9)
FN:195,(anonymous_10)
FN:197,(anonymous_11)
FN:202,(anonymous_12)
FN:203,(anonymous_13)
FN:207,(anonymous_14)
FN:208,(anonymous_15)
FN:239,(anonymous_16)
FN:241,(anonymous_17)
FN:250,(anonymous_18)
FN:253,(anonymous_19)
FN:264,(anonymous_20)
FN:266,(anonymous_21)
FN:276,(anonymous_22)
FN:279,(anonymous_23)
FN:290,(anonymous_24)
FN:292,(anonymous_25)
FN:318,(anonymous_26)
FN:379,(anonymous_27)
FN:387,(anonymous_28)
FN:389,(anonymous_29)
FN:393,(anonymous_30)
FN:394,(anonymous_31)
FN:425,(anonymous_32)
FN:440,(anonymous_33)
FN:511,(anonymous_34)
FN:522,(anonymous_35)
FN:536,(anonymous_36)
FN:567,(anonymous_37)
FN:589,(anonymous_38)
FN:593,(anonymous_39)
FN:594,(anonymous_40)
FN:595,(anonymous_41)
FN:597,(anonymous_42)
FN:622,(anonymous_43)
FN:624,(anonymous_44)
FN:625,(anonymous_45)
FN:627,(anonymous_46)
FNF:47
FNH:1
FNDA:3,(anonymous_0)
FNDA:0,(anonymous_1)
FNDA:0,(anonymous_2)
FNDA:0,(anonymous_3)
FNDA:0,(anonymous_4)
FNDA:0,(anonymous_5)
FNDA:0,(anonymous_6)
FNDA:0,(anonymous_7)
FNDA:0,(anonymous_8)
FNDA:0,(anonymous_9)
FNDA:0,(anonymous_10)
FNDA:0,(anonymous_11)
FNDA:0,(anonymous_12)
FNDA:0,(anonymous_13)
FNDA:0,(anonymous_14)
FNDA:0,(anonymous_15)
FNDA:0,(anonymous_16)
FNDA:0,(anonymous_17)
FNDA:0,(anonymous_18)
FNDA:0,(anonymous_19)
FNDA:0,(anonymous_20)
FNDA:0,(anonymous_21)
FNDA:0,(anonymous_22)
FNDA:0,(anonymous_23)
FNDA:0,(anonymous_24)
FNDA:0,(anonymous_25)
FNDA:0,(anonymous_26)
FNDA:0,(anonymous_27)
FNDA:0,(anonymous_28)
FNDA:0,(anonymous_29)
FNDA:0,(anonymous_30)
FNDA:0,(anonymous_31)
FNDA:0,(anonymous_32)
FNDA:0,(anonymous_33)
FNDA:0,(anonymous_34)
FNDA:0,(anonymous_35)
FNDA:0,(anonymous_36)
FNDA:0,(anonymous_37)
FNDA:0,(anonymous_38)
FNDA:0,(anonymous_39)
FNDA:0,(anonymous_40)
FNDA:0,(anonymous_41)
FNDA:0,(anonymous_42)
FNDA:0,(anonymous_43)
FNDA:0,(anonymous_44)
FNDA:0,(anonymous_45)
FNDA:0,(anonymous_46)
DA:1,3
DA:2,3
DA:6,3
DA:7,3
DA:16,0
DA:18,0
DA:30,0
DA:31,0
DA:35,0
DA:38,0
DA:41,0
DA:44,0
DA:46,0
DA:64,0
DA:65,0
DA:74,0
DA:82,0
DA:83,0
DA:84,0
DA:88,0
DA:89,0
DA:95,0
DA:96,0
DA:97,0
DA:103,0
DA:116,0
DA:117,0
DA:121,0
DA:128,0
DA:131,0
DA:132,0
DA:135,0
DA:138,0
DA:139,0
DA:142,0
DA:143,0
DA:146,0
DA:147,0
DA:148,0
DA:149,0
DA:150,0
DA:153,0
DA:160,0
DA:162,0
DA:180,0
DA:181,0
DA:190,0
DA:191,0
DA:192,0
DA:195,0
DA:196,0
DA:197,0
DA:201,0
DA:202,0
DA:203,0
DA:205,0
DA:206,0
DA:207,0
DA:208,0
DA:210,0
DA:211,0
DA:212,0
DA:215,0
DA:226,0
DA:227,0
DA:240,0
DA:241,0
DA:242,0
DA:243,0
DA:245,0
DA:246,0
DA:247,0
DA:250,0
DA:251,0
DA:252,0
DA:253,0
DA:254,0
DA:255,0
DA:258,0
DA:265,0
DA:266,0
DA:267,0
DA:268,0
DA:269,0
DA:271,0
DA:272,0
DA:273,0
DA:276,0
DA:277,0
DA:278,0
DA:279,0
DA:280,0
DA:281,0
DA:284,0
DA:291,0
DA:292,0
DA:301,0
DA:319,0
DA:330,0
DA:342,0
DA:345,0
DA:358,0
DA:361,0
DA:362,0
DA:380,0
DA:383,0
DA:384,0
DA:387,0
DA:388,0
DA:389,0
DA:393,0
DA:394,0
DA:397,0
DA:398,0
DA:400,0
DA:401,0
DA:403,0
DA:426,0
DA:428,0
DA:429,0
DA:430,0
DA:431,0
DA:432,0
DA:434,0
DA:441,0
DA:444,0
DA:445,0
DA:451,0
DA:452,0
DA:461,0
DA:462,0
DA:468,0
DA:469,0
DA:478,0
DA:479,0
DA:488,0
DA:489,0
DA:498,0
DA:505,0
DA:512,0
DA:513,0
DA:514,0
DA:515,0
DA:516,0
DA:523,0
DA:530,0
DA:537,0
DA:539,0
DA:553,0
DA:554,0
DA:566,0
DA:568,0
DA:569,0
DA:570,0
DA:577,0
DA:578,0
DA:589,0
DA:590,0
DA:593,0
DA:594,0
DA:595,0
DA:597,0
DA:601,0
DA:614,0
DA:615,0
DA:623,0
DA:624,0
DA:625,0
DA:627,0
DA:639,3
LF:170
LH:5
BRDA:15,0,0,0
BRDA:30,1,0,0
BRDA:30,1,1,0
BRDA:82,2,0,0
BRDA:82,2,1,0
BRDA:82,3,0,0
BRDA:82,3,1,0
BRDA:88,4,0,0
BRDA:88,4,1,0
BRDA:95,5,0,0
BRDA:95,5,1,0
BRDA:131,6,0,0
BRDA:131,6,1,0
BRDA:132,7,0,0
BRDA:132,7,1,0
BRDA:135,8,0,0
BRDA:135,8,1,0
BRDA:138,9,0,0
BRDA:138,9,1,0
BRDA:139,10,0,0
BRDA:139,10,1,0
BRDA:142,11,0,0
BRDA:142,11,1,0
BRDA:143,12,0,0
BRDA:143,12,1,0
BRDA:146,13,0,0
BRDA:146,13,1,0
BRDA:146,14,0,0
BRDA:146,14,1,0
BRDA:149,15,0,0
BRDA:149,15,1,0
BRDA:150,16,0,0
BRDA:150,16,1,0
BRDA:180,17,0,0
BRDA:180,17,1,0
BRDA:182,18,0,0
BRDA:182,18,1,0
BRDA:183,19,0,0
BRDA:183,19,1,0
BRDA:196,20,0,0
BRDA:196,20,1,0
BRDA:206,21,0,0
BRDA:206,21,1,0
BRDA:206,22,0,0
BRDA:206,22,1,0
BRDA:211,23,0,0
BRDA:211,23,1,0
BRDA:212,24,0,0
BRDA:212,24,1,0
BRDA:228,25,0,0
BRDA:228,25,1,0
BRDA:229,26,0,0
BRDA:229,26,1,0
BRDA:242,27,0,0
BRDA:242,27,1,0
BRDA:267,28,0,0
BRDA:267,28,1,0
BRDA:268,29,0,0
BRDA:268,29,1,0
BRDA:290,30,0,0
BRDA:307,31,0,0
BRDA:307,31,1,0
BRDA:308,32,0,0
BRDA:308,32,1,0
BRDA:319,33,0,0
BRDA:319,33,1,0
BRDA:336,34,0,0
BRDA:336,34,1,0
BRDA:346,35,0,0
BRDA:346,35,1,0
BRDA:347,36,0,0
BRDA:347,36,1,0
BRDA:348,37,0,0
BRDA:348,37,1,0
BRDA:349,38,0,0
BRDA:349,38,1,0
BRDA:351,39,0,0
BRDA:351,39,1,0
BRDA:352,40,0,0
BRDA:352,40,1,0
BRDA:354,41,0,0
BRDA:354,41,1,0
BRDA:361,42,0,0
BRDA:361,42,1,0
BRDA:380,43,0,0
BRDA:380,43,1,0
BRDA:388,44,0,0
BRDA:388,44,1,0
BRDA:398,45,0,0
BRDA:398,45,1,0
BRDA:400,46,0,0
BRDA:400,46,1,0
BRDA:401,47,0,0
BRDA:401,47,1,0
BRDA:428,48,0,0
BRDA:428,48,1,0
BRDA:429,49,0,0
BRDA:429,49,1,0
BRDA:430,50,0,0
BRDA:430,50,1,0
BRDA:431,51,0,0
BRDA:431,51,1,0
BRDA:432,52,0,0
BRDA:432,52,1,0
BRDA:444,53,0,0
BRDA:444,53,1,0
BRDA:451,54,0,0
BRDA:451,54,1,0
BRDA:461,55,0,0
BRDA:461,55,1,0
BRDA:468,56,0,0
BRDA:468,56,1,0
BRDA:478,57,0,0
BRDA:478,57,1,0
BRDA:488,58,0,0
BRDA:488,58,1,0
BRDA:513,59,0,0
BRDA:513,59,1,0
BRDA:513,60,0,0
BRDA:513,60,1,0
BRDA:514,61,0,0
BRDA:514,61,1,0
BRDA:514,62,0,0
BRDA:514,62,1,0
BRDA:515,63,0,0
BRDA:515,63,1,0
BRDA:515,64,0,0
BRDA:515,64,1,0
BRDA:536,65,0,0
BRDA:553,66,0,0
BRDA:553,66,1,0
BRDA:573,67,0,0
BRDA:573,67,1,0
BRDA:581,68,0,0
BRDA:581,68,1,0
BRDA:596,69,0,0
BRDA:596,69,1,0
BRDA:634,70,0,0
BRDA:634,70,1,0
BRF:139
BRH:0
end_of_record
TN:
SF:src\modules\ai\turnoverPredictor\index.js
FNF:0
FNH:0
DA:1,3
DA:2,3
DA:4,3
LF:3
LH:3
BRF:0
BRH:0
end_of_record
TN:
SF:src\modules\ai\turnoverPredictor\routes.js
FN:23,(anonymous_0)
FN:93,(anonymous_1)
FN:137,(anonymous_2)
FN:225,(anonymous_3)
FN:264,(anonymous_4)
FN:347,(anonymous_5)
FNF:6
FNH:0
FNDA:0,(anonymous_0)
FNDA:0,(anonymous_1)
FNDA:0,(anonymous_2)
FNDA:0,(anonymous_3)
FNDA:0,(anonymous_4)
FNDA:0,(anonymous_5)
DA:1,3
DA:2,3
DA:3,3
DA:4,3
DA:6,3
DA:7,3
DA:10,3
DA:23,3
DA:24,0
DA:26,0
DA:27,0
DA:33,0
DA:35,0
DA:36,0
DA:43,0
DA:44,0
DA:49,0
DA:50,0
DA:56,0
DA:57,0
DA:64,0
DA:66,0
DA:72,0
DA:74,0
DA:75,0
DA:81,0
DA:93,3
DA:94,0
DA:96,0
DA:97,0
DA:103,0
DA:106,0
DA:109,0
DA:110,0
DA:116,0
DA:118,0
DA:124,0
DA:125,0
DA:137,3
DA:138,0
DA:139,0
DA:142,0
DA:143,0
DA:150,0
DA:159,0
DA:175,0
DA:187,0
DA:189,0
DA:190,0
DA:199,0
DA:200,0
DA:209,0
DA:217,0
DA:225,0
DA:251,0
DA:252,0
DA:264,3
DA:265,0
DA:266,0
DA:268,0
DA:269,0
DA:276,0
DA:290,0
DA:291,0
DA:298,0
DA:299,0
DA:306,0
DA:315,0
DA:317,0
DA:334,0
DA:335,0
DA:347,3
DA:348,0
DA:349,0
DA:351,0
DA:352,0
DA:359,0
DA:360,0
DA:365,0
DA:366,0
DA:372,0
DA:373,0
DA:381,0
DA:383,0
DA:394,0
DA:396,0
DA:397,0
DA:403,0
DA:410,3
LF:89
LH:13
BRDA:26,0,0,0
BRDA:26,0,1,0
BRDA:35,1,0,0
BRDA:35,1,1,0
BRDA:43,2,0,0
BRDA:43,2,1,0
BRDA:49,3,0,0
BRDA:49,3,1,0
BRDA:56,4,0,0
BRDA:56,4,1,0
BRDA:74,5,0,0
BRDA:74,5,1,0
BRDA:96,6,0,0
BRDA:96,6,1,0
BRDA:106,7,0,0
BRDA:106,7,1,0
BRDA:109,8,0,0
BRDA:109,8,1,0
BRDA:109,9,0,0
BRDA:109,9,1,0
BRDA:142,10,0,0
BRDA:142,10,1,0
BRDA:142,11,0,0
BRDA:142,11,1,0
BRDA:189,12,0,0
BRDA:189,12,1,0
BRDA:195,13,0,0
BRDA:195,13,1,0
BRDA:199,14,0,0
BRDA:199,14,1,0
BRDA:205,15,0,0
BRDA:205,15,1,0
BRDA:214,16,0,0
BRDA:214,16,1,0
BRDA:268,17,0,0
BRDA:268,17,1,0
BRDA:290,18,0,0
BRDA:290,18,1,0
BRDA:298,19,0,0
BRDA:298,19,1,0
BRDA:298,20,0,0
BRDA:298,20,1,0
BRDA:351,21,0,0
BRDA:351,21,1,0
BRDA:359,22,0,0
BRDA:359,22,1,0
BRDA:365,23,0,0
BRDA:365,23,1,0
BRDA:372,24,0,0
BRDA:372,24,1,0
BRDA:396,25,0,0
BRDA:396,25,1,0
BRF:52
BRH:0
end_of_record
TN:
SF:src\modules\ai\turnoverPredictor\service.js
FN:5,(anonymous_0)
FN:15,(anonymous_1)
FN:85,(anonymous_2)
FN:115,(anonymous_3)
FN:124,(anonymous_4)
FN:131,(anonymous_5)
FN:133,(anonymous_6)
FN:165,(anonymous_7)
FN:205,(anonymous_8)
FN:214,(anonymous_9)
FN:221,(anonymous_10)
FN:222,(anonymous_11)
FN:223,(anonymous_12)
FN:253,(anonymous_13)
FN:256,(anonymous_14)
FN:272,(anonymous_15)
FN:297,(anonymous_16)
FN:298,(anonymous_17)
FN:344,(anonymous_18)
FN:386,(anonymous_19)
FN:428,(anonymous_20)
FN:448,(anonymous_21)
FN:454,(anonymous_22)
FN:457,(anonymous_23)
FN:498,(anonymous_24)
FN:552,(anonymous_25)
FN:553,(anonymous_26)
FN:582,(anonymous_27)
FN:651,(anonymous_28)
FN:703,(anonymous_29)
FN:737,(anonymous_30)
FN:766,(anonymous_31)
FN:767,(anonymous_32)
FN:768,(anonymous_33)
FN:771,(anonymous_34)
FN:784,(anonymous_35)
FN:798,(anonymous_36)
FN:802,(anonymous_37)
FN:812,(anonymous_38)
FN:818,(anonymous_39)
FN:828,(anonymous_40)
FN:834,(anonymous_41)
FN:853,(anonymous_42)
FN:855,(anonymous_43)
FN:856,(anonymous_44)
FN:857,(anonymous_45)
FN:862,(anonymous_46)
FN:863,(anonymous_47)
FN:864,(anonymous_48)
FN:865,(anonymous_49)
FN:869,(anonymous_50)
FN:881,(anonymous_51)
FNF:52
FNH:1
FNDA:3,(anonymous_0)
FNDA:0,(anonymous_1)
FNDA:0,(anonymous_2)
FNDA:0,(anonymous_3)
FNDA:0,(anonymous_4)
FNDA:0,(anonymous_5)
FNDA:0,(anonymous_6)
FNDA:0,(anonymous_7)
FNDA:0,(anonymous_8)
FNDA:0,(anonymous_9)
FNDA:0,(anonymous_10)
FNDA:0,(anonymous_11)
FNDA:0,(anonymous_12)
FNDA:0,(anonymous_13)
FNDA:0,(anonymous_14)
FNDA:0,(anonymous_15)
FNDA:0,(anonymous_16)
FNDA:0,(anonymous_17)
FNDA:0,(anonymous_18)
FNDA:0,(anonymous_19)
FNDA:0,(anonymous_20)
FNDA:0,(anonymous_21)
FNDA:0,(anonymous_22)
FNDA:0,(anonymous_23)
FNDA:0,(anonymous_24)
FNDA:0,(anonymous_25)
FNDA:0,(anonymous_26)
FNDA:0,(anonymous_27)
FNDA:0,(anonymous_28)
FNDA:0,(anonymous_29)
FNDA:0,(anonymous_30)
FNDA:0,(anonymous_31)
FNDA:0,(anonymous_32)
FNDA:0,(anonymous_33)
FNDA:0,(anonymous_34)
FNDA:0,(anonymous_35)
FNDA:0,(anonymous_36)
FNDA:0,(anonymous_37)
FNDA:0,(anonymous_38)
FNDA:0,(anonymous_39)
FNDA:0,(anonymous_40)
FNDA:0,(anonymous_41)
FNDA:0,(anonymous_42)
FNDA:0,(anonymous_43)
FNDA:0,(anonymous_44)
FNDA:0,(anonymous_45)
FNDA:0,(anonymous_46)
FNDA:0,(anonymous_47)
FNDA:0,(anonymous_48)
FNDA:0,(anonymous_49)
FNDA:0,(anonymous_50)
FNDA:0,(anonymous_51)
DA:1,3
DA:2,3
DA:6,3
DA:7,3
DA:16,0
DA:17,0
DA:32,0
DA:33,0
DA:37,0
DA:46,0
DA:49,0
DA:52,0
DA:54,0
DA:77,0
DA:78,0
DA:86,0
DA:89,0
DA:92,0
DA:95,0
DA:98,0
DA:101,0
DA:104,0
DA:107,0
DA:109,0
DA:116,0
DA:117,0
DA:124,0
DA:125,0
DA:126,0
DA:127,0
DA:128,0
DA:131,0
DA:133,0
DA:135,0
DA:136,0
DA:138,0
DA:139,0
DA:141,0
DA:142,0
DA:143,0
DA:144,0
DA:145,0
DA:146,0
DA:147,0
DA:148,0
DA:149,0
DA:152,0
DA:166,0
DA:167,0
DA:168,0
DA:170,0
DA:171,0
DA:173,0
DA:174,0
DA:176,0
DA:177,0
DA:178,0
DA:179,0
DA:180,0
DA:181,0
DA:182,0
DA:183,0
DA:184,0
DA:188,0
DA:189,0
DA:192,0
DA:206,0
DA:207,0
DA:214,0
DA:215,0
DA:216,0
DA:217,0
DA:218,0
DA:221,0
DA:222,0
DA:223,0
DA:225,0
DA:226,0
DA:228,0
DA:229,0
DA:230,0
DA:231,0
DA:232,0
DA:233,0
DA:234,0
DA:235,0
DA:236,0
DA:239,0
DA:254,0
DA:256,0
DA:257,0
DA:258,0
DA:259,0
DA:260,0
DA:261,0
DA:263,0
DA:266,0
DA:273,0
DA:275,0
DA:289,0
DA:290,0
DA:297,0
DA:298,0
DA:299,0
DA:301,0
DA:303,0
DA:304,0
DA:306,0
DA:307,0
DA:308,0
DA:309,0
DA:310,0
DA:311,0
DA:312,0
DA:313,0
DA:314,0
DA:315,0
DA:317,0
DA:318,0
DA:321,0
DA:332,0
DA:333,0
DA:345,0
DA:346,0
DA:349,0
DA:350,0
DA:352,0
DA:353,0
DA:357,0
DA:358,0
DA:360,0
DA:361,0
DA:365,0
DA:366,0
DA:368,0
DA:371,0
DA:373,0
DA:387,0
DA:388,0
DA:391,0
DA:392,0
DA:394,0
DA:398,0
DA:399,0
DA:401,0
DA:402,0
DA:406,0
DA:407,0
DA:408,0
DA:409,0
DA:410,0
DA:411,0
DA:414,0
DA:416,0
DA:429,0
DA:430,0
DA:439,0
DA:440,0
DA:448,0
DA:449,0
DA:450,0
DA:451,0
DA:454,0
DA:457,0
DA:458,0
DA:460,0
DA:461,0
DA:463,0
DA:464,0
DA:465,0
DA:466,0
DA:467,0
DA:468,0
DA:471,0
DA:472,0
DA:473,0
DA:476,0
DA:486,0
DA:487,0
DA:499,0
DA:500,0
DA:528,0
DA:537,0
DA:540,0
DA:549,0
DA:552,0
DA:553,0
DA:555,0
DA:556,0
DA:558,0
DA:559,0
DA:560,0
DA:561,0
DA:562,0
DA:563,0
DA:565,0
DA:566,0
DA:569,0
DA:583,0
DA:586,0
DA:587,0
DA:598,0
DA:599,0
DA:610,0
DA:611,0
DA:622,0
DA:623,0
DA:634,0
DA:635,0
DA:645,0
DA:652,0
DA:655,0
DA:656,0
DA:665,0
DA:676,0
DA:677,0
DA:688,0
DA:697,0
DA:704,0
DA:706,0
DA:721,0
DA:722,0
DA:736,0
DA:738,0
DA:739,0
DA:740,0
DA:750,0
DA:751,0
DA:765,0
DA:766,0
DA:767,0
DA:768,0
DA:771,0
DA:774,0
DA:776,0
DA:784,0
DA:790,0
DA:791,0
DA:799,0
DA:802,0
DA:803,0
DA:806,0
DA:807,0
DA:812,0
DA:818,0
DA:819,0
DA:822,0
DA:823,0
DA:828,0
DA:834,0
DA:835,0
DA:837,0
DA:838,0
DA:847,0
DA:854,0
DA:855,0
DA:856,0
DA:857,0
DA:861,0
DA:862,0
DA:863,0
DA:864,0
DA:865,0
DA:868,0
DA:869,0
DA:882,0
DA:884,0
DA:885,0
DA:888,0
DA:889,0
DA:892,0
DA:893,0
DA:896,0
DA:900,3
LF:274
LH:5
BRDA:32,0,0,0
BRDA:32,0,1,0
BRDA:116,1,0,0
BRDA:116,1,1,0
BRDA:116,2,0,0
BRDA:116,2,1,0
BRDA:131,3,0,0
BRDA:131,3,1,0
BRDA:131,3,2,0
BRDA:133,4,0,0
BRDA:133,4,1,0
BRDA:135,5,0,0
BRDA:135,5,1,0
BRDA:136,6,0,0
BRDA:136,6,1,0
BRDA:141,7,0,0
BRDA:141,7,1,0
BRDA:144,8,0,0
BRDA:144,8,1,0
BRDA:144,9,0,0
BRDA:144,9,1,0
BRDA:147,10,0,0
BRDA:147,10,1,0
BRDA:176,11,0,0
BRDA:176,11,1,0
BRDA:179,12,0,0
BRDA:179,12,1,0
BRDA:182,13,0,0
BRDA:182,13,1,0
BRDA:188,14,0,0
BRDA:188,14,1,0
BRDA:206,15,0,0
BRDA:206,15,1,0
BRDA:206,16,0,0
BRDA:206,16,1,0
BRDA:222,17,0,0
BRDA:222,17,1,0
BRDA:228,18,0,0
BRDA:228,18,1,0
BRDA:228,19,0,0
BRDA:228,19,1,0
BRDA:231,20,0,0
BRDA:231,20,1,0
BRDA:231,21,0,0
BRDA:231,21,1,0
BRDA:234,22,0,0
BRDA:234,22,1,0
BRDA:254,23,0,0
BRDA:254,23,1,0
BRDA:257,24,0,0
BRDA:257,24,1,0
BRDA:289,25,0,0
BRDA:289,25,1,0
BRDA:306,26,0,0
BRDA:306,26,1,0
BRDA:309,27,0,0
BRDA:309,27,1,0
BRDA:312,28,0,0
BRDA:312,28,1,0
BRDA:315,29,0,0
BRDA:315,29,1,0
BRDA:328,30,0,0
BRDA:328,30,1,0
BRDA:349,31,0,0
BRDA:349,31,1,0
BRDA:349,32,0,0
BRDA:349,32,1,0
BRDA:357,33,0,0
BRDA:357,33,1,0
BRDA:357,34,0,0
BRDA:357,34,1,0
BRDA:357,34,2,0
BRDA:365,35,0,0
BRDA:365,35,1,0
BRDA:371,36,0,0
BRDA:371,36,1,0
BRDA:371,37,0,0
BRDA:371,37,1,0
BRDA:391,38,0,0
BRDA:391,38,1,0
BRDA:398,39,0,0
BRDA:398,39,1,0
BRDA:398,40,0,0
BRDA:398,40,1,0
BRDA:398,40,2,0
BRDA:407,41,0,0
BRDA:407,41,1,0
BRDA:409,42,0,0
BRDA:409,42,1,0
BRDA:414,43,0,0
BRDA:414,43,1,0
BRDA:414,44,0,0
BRDA:414,44,1,0
BRDA:439,45,0,0
BRDA:439,45,1,0
BRDA:463,46,0,0
BRDA:463,46,1,0
BRDA:466,47,0,0
BRDA:466,47,1,0
BRDA:471,48,0,0
BRDA:471,48,1,0
BRDA:541,49,0,0
BRDA:541,49,1,0
BRDA:542,50,0,0
BRDA:542,50,1,0
BRDA:543,51,0,0
BRDA:543,51,1,0
BRDA:544,52,0,0
BRDA:544,52,1,0
BRDA:545,53,0,0
BRDA:545,53,1,0
BRDA:552,54,0,0
BRDA:552,54,1,0
BRDA:558,55,0,0
BRDA:558,55,1,0
BRDA:561,56,0,0
BRDA:561,56,1,0
BRDA:586,57,0,0
BRDA:586,57,1,0
BRDA:586,58,0,0
BRDA:586,58,1,0
BRDA:598,59,0,0
BRDA:598,59,1,0
BRDA:610,60,0,0
BRDA:610,60,1,0
BRDA:610,61,0,0
BRDA:610,61,1,0
BRDA:622,62,0,0
BRDA:622,62,1,0
BRDA:634,63,0,0
BRDA:634,63,1,0
BRDA:655,64,0,0
BRDA:655,64,1,0
BRDA:676,65,0,0
BRDA:676,65,1,0
BRDA:676,66,0,0
BRDA:676,66,1,0
BRDA:721,67,0,0
BRDA:721,67,1,0
BRDA:803,68,0,0
BRDA:803,68,1,0
BRDA:806,69,0,0
BRDA:806,69,1,0
BRDA:819,70,0,0
BRDA:819,70,1,0
BRDA:822,71,0,0
BRDA:822,71,1,0
BRDA:837,72,0,0
BRDA:837,72,1,0
BRDA:884,73,0,0
BRDA:884,73,1,0
BRDA:888,74,0,0
BRDA:888,74,1,0
BRDA:892,75,0,0
BRDA:892,75,1,0
BRF:155
BRH:0
end_of_record
TN:
SF:src\modules\applications\routes\applicationsRoutes.js
FN:9,(anonymous_0)
FNF:1
FNH:0
FNDA:0,(anonymous_0)
DA:1,1
DA:2,1
DA:9,1
DA:10,0
DA:13,1
LF:5
LH:4
BRF:0
BRH:0
end_of_record
TN:
SF:src\modules\payments\controller\paymentsController.js
FN:5,(anonymous_0)
FN:9,(anonymous_1)
FN:33,(anonymous_2)
FN:59,(anonymous_3)
FNF:4
FNH:1
FNDA:1,(anonymous_0)
FNDA:0,(anonymous_1)
FNDA:0,(anonymous_2)
FNDA:0,(anonymous_3)
DA:1,1
DA:2,1
DA:6,1
DA:9,1
DA:10,0
DA:11,0
DA:12,0
DA:14,0
DA:20,0
DA:25,0
DA:26,0
DA:33,1
DA:34,0
DA:35,0
DA:36,0
DA:38,0
DA:46,0
DA:51,0
DA:52,0
DA:59,1
DA:60,0
DA:61,0
DA:62,0
DA:63,0
DA:65,0
DA:67,0
DA:72,0
DA:73,0
DA:81,1
LF:29
LH:7
BRDA:5,0,0,1
BRDA:6,1,0,1
BRDA:6,1,1,1
BRDA:28,2,0,0
BRDA:28,2,1,0
BRDA:54,3,0,0
BRDA:54,3,1,0
BRDA:75,4,0,0
BRDA:75,4,1,0
BRF:9
BRH:3
end_of_record
TN:
SF:src\modules\payments\repo\paymentsRepo.js
FN:4,(anonymous_0)
FN:22,(anonymous_1)
FN:40,(anonymous_2)
FN:58,(anonymous_3)
FN:80,(anonymous_4)
FNF:5
FNH:0
FNDA:0,(anonymous_0)
FNDA:0,(anonymous_1)
FNDA:0,(anonymous_2)
FNDA:0,(anonymous_3)
FNDA:0,(anonymous_4)
DA:1,1
DA:5,0
DA:23,0
DA:41,0
DA:59,0
DA:81,0
DA:93,1
LF:7
LH:2
BRDA:58,0,0,0
BRDA:63,1,0,0
BRDA:63,1,1,0
BRF:3
BRH:0
end_of_record
TN:
SF:src\modules\payments\routes\paymentsRoutes.js
FNF:0
FNH:0
DA:1,1
DA:2,1
DA:3,1
DA:5,1
DA:6,1
DA:9,1
DA:16,1
DA:23,1
DA:29,1
LF:9
LH:9
BRF:0
BRH:0
end_of_record
TN:
SF:src\modules\payments\schemas\paymentsSchemas.js
FNF:0
FNH:0
DA:1,1
DA:3,1
DA:8,1
DA:15,1
LF:4
LH:4
BRF:0
BRH:0
end_of_record
TN:
SF:src\modules\payments\service\paymentsService.js
FN:6,(anonymous_0)
FN:10,(anonymous_1)
FN:67,(anonymous_2)
FN:103,(anonymous_3)
FN:128,(anonymous_4)
FNF:5
FNH:1
FNDA:1,(anonymous_0)
FNDA:0,(anonymous_1)
FNDA:0,(anonymous_2)
FNDA:0,(anonymous_3)
FNDA:0,(anonymous_4)
DA:1,1
DA:2,1
DA:3,1
DA:7,1
DA:12,0
DA:21,0
DA:22,0
DA:25,0
DA:26,0
DA:29,0
DA:30,0
DA:34,0
DA:37,0
DA:48,0
DA:60,0
DA:69,0
DA:78,0
DA:79,0
DA:82,0
DA:83,0
DA:87,0
DA:100,0
DA:104,0
DA:105,0
DA:108,0
DA:110,0
DA:112,0
DA:118,0
DA:119,0
DA:121,0
DA:125,0
DA:129,0
DA:131,0
DA:132,0
DA:136,0
DA:137,0
DA:140,0
DA:141,0
DA:150,0
DA:151,0
DA:155,0
DA:159,1
LF:42
LH:5
BRDA:6,0,0,1
BRDA:7,1,0,1
BRDA:7,1,1,1
BRDA:21,2,0,0
BRDA:21,2,1,0
BRDA:25,3,0,0
BRDA:25,3,1,0
BRDA:29,4,0,0
BRDA:29,4,1,0
BRDA:67,5,0,0
BRDA:78,6,0,0
BRDA:78,6,1,0
BRDA:82,7,0,0
BRDA:82,7,1,0
BRDA:94,8,0,0
BRDA:94,8,1,0
BRDA:97,9,0,0
BRDA:97,9,1,0
BRDA:104,10,0,0
BRDA:104,10,1,0
BRDA:110,11,0,0
BRDA:110,11,1,0
BRDA:131,12,0,0
BRDA:131,12,1,0
BRDA:136,13,0,0
BRDA:136,13,1,0
BRDA:136,14,0,0
BRDA:136,14,1,0
BRDA:140,15,0,0
BRDA:140,15,1,0
BRDA:150,16,0,0
BRDA:150,16,1,0
BRDA:150,17,0,0
BRDA:150,17,1,0
BRF:34
BRH:3
end_of_record
TN:
SF:src\modules\reminders\service\remindersService.js
FN:9,(anonymous_0)
FN:37,(anonymous_1)
FN:80,(anonymous_2)
FN:138,(anonymous_3)
FN:188,(anonymous_4)
FN:239,(anonymous_5)
FN:248,(anonymous_6)
FN:285,(anonymous_7)
FNF:8
FNH:6
FNDA:1,(anonymous_0)
FNDA:5,(anonymous_1)
FNDA:2,(anonymous_2)
FNDA:1,(anonymous_3)
FNDA:1,(anonymous_4)
FNDA:0,(anonymous_5)
FNDA:0,(anonymous_6)
FNDA:1,(anonymous_7)
DA:1,2
DA:2,2
DA:10,1
DA:38,5
DA:40,5
DA:41,5
DA:42,5
DA:44,5
DA:46,2
DA:47,0
DA:49,1
DA:50,0
DA:52,1
DA:53,0
DA:55,0
DA:56,0
DA:58,1
DA:61,1
DA:63,0
DA:66,1
DA:69,0
DA:70,0
DA:74,1
DA:81,2
DA:83,2
DA:84,0
DA:85,0
DA:89,2
DA:98,0
DA:99,0
DA:100,0
DA:103,0
DA:104,0
DA:125,0
DA:131,0
DA:132,0
DA:139,1
DA:142,1
DA:151,0
DA:153,0
DA:154,0
DA:175,0
DA:181,0
DA:182,0
DA:189,1
DA:191,1
DA:204,0
DA:206,0
DA:207,0
DA:226,0
DA:232,0
DA:233,0
DA:241,0
DA:242,0
DA:249,0
DA:252,0
DA:253,0
DA:255,0
DA:259,0
DA:263,0
DA:264,0
DA:266,0
DA:270,0
DA:275,0
DA:278,0
DA:286,1
DA:297,2
LF:67
LH:24
BRDA:9,0,0,0
BRDA:44,1,0,2
BRDA:44,1,1,1
BRDA:44,1,2,1
BRDA:44,1,3,0
BRDA:44,1,4,1
BRDA:61,2,0,0
BRDA:61,2,1,1
BRDA:81,3,0,2
BRDA:81,3,1,0
BRDA:83,4,0,0
BRDA:83,4,1,2
BRDA:98,5,0,0
BRDA:98,5,1,0
BRDA:112,6,0,0
BRDA:112,6,1,0
BRDA:113,7,0,0
BRDA:113,7,1,0
BRDA:139,8,0,1
BRDA:139,8,1,0
BRDA:151,9,0,0
BRDA:151,9,1,0
BRDA:162,10,0,0
BRDA:162,10,1,0
BRDA:163,11,0,0
BRDA:163,11,1,0
BRDA:189,12,0,1
BRDA:189,12,1,0
BRDA:204,13,0,0
BRDA:204,13,1,0
BRDA:249,14,0,0
BRDA:249,14,1,0
BRDA:249,14,2,0
BRDA:249,14,3,0
BRDA:285,15,0,0
BRF:35
BRH:9
end_of_record
TN:
SF:src\modules\reminders\worker\index.js
FN:6,_tickOnce
FN:24,(anonymous_1)
FN:30,(anonymous_2)
FN:31,(anonymous_3)
FN:39,startReminders
FN:43,(anonymous_5)
FN:51,stopReminders
FN:64,(anonymous_7)
FN:69,(anonymous_8)
FN:73,(anonymous_9)
FN:77,(anonymous_10)
FN:82,startRemindersWorker
FN:86,stopRemindersWorker
FNF:13
FNH:4
FNDA:1,_tickOnce
FNDA:1,(anonymous_1)
FNDA:1,(anonymous_2)
FNDA:1,(anonymous_3)
FNDA:0,startReminders
FNDA:0,(anonymous_5)
FNDA:0,stopReminders
FNDA:0,(anonymous_7)
FNDA:0,(anonymous_8)
FNDA:0,(anonymous_9)
FNDA:0,(anonymous_10)
FNDA:0,startRemindersWorker
FNDA:0,stopRemindersWorker
DA:2,1
DA:4,1
DA:9,1
DA:10,1
DA:12,1
DA:13,1
DA:15,1
DA:16,0
DA:17,0
DA:20,1
DA:22,1
DA:24,1
DA:25,1
DA:27,1
DA:29,1
DA:30,1
DA:31,1
DA:35,0
DA:40,0
DA:42,0
DA:43,0
DA:44,0
DA:46,0
DA:47,0
DA:48,0
DA:52,0
DA:53,0
DA:54,0
DA:58,1
DA:59,0
DA:63,1
DA:65,0
DA:66,0
DA:70,0
DA:74,0
DA:78,0
DA:83,0
DA:87,0
DA:90,1
LF:39
LH:18
BRDA:6,0,0,0
BRDA:15,1,0,0
BRDA:15,1,1,1
BRDA:29,2,0,1
BRDA:29,2,1,0
BRDA:39,3,0,0
BRDA:39,4,0,0
BRDA:39,5,0,0
BRDA:39,5,1,0
BRDA:40,6,0,0
BRDA:40,6,1,0
BRDA:52,7,0,0
BRDA:52,7,1,0
BRDA:52,8,0,0
BRDA:52,8,1,0
BRDA:58,9,0,0
BRDA:58,9,1,1
BRDA:58,10,0,1
BRDA:58,10,1,0
BRF:19
BRH:4
end_of_record
TN:
SF:src\modules\uploads\controller\uploadsController.js
FN:10,(anonymous_0)
FN:73,(anonymous_1)
FN:163,(anonymous_2)
FNF:3
FNH:0
FNDA:0,(anonymous_0)
FNDA:0,(anonymous_1)
FNDA:0,(anonymous_2)
DA:1,1
DA:2,1
DA:3,1
DA:4,1
DA:5,1
DA:6,1
DA:11,0
DA:12,0
DA:13,0
DA:19,0
DA:20,0
DA:21,0
DA:24,0
DA:27,0
DA:28,0
DA:29,0
DA:30,0
DA:33,0
DA:44,0
DA:47,0
DA:48,0
DA:50,0
DA:65,0
DA:66,0
DA:74,0
DA:76,0
DA:85,0
DA:86,0
DA:90,0
DA:91,0
DA:93,0
DA:94,0
DA:96,0
DA:99,0
DA:104,0
DA:105,0
DA:107,0
DA:108,0
DA:110,0
DA:113,0
DA:122,0
DA:123,0
DA:127,0
DA:128,0
DA:130,0
DA:131,0
DA:133,0
DA:136,0
DA:145,0
DA:146,0
DA:150,0
DA:151,0
DA:153,0
DA:154,0
DA:156,0
DA:159,0
DA:164,0
DA:175,0
DA:179,1
LF:59
LH:7
BRDA:12,0,0,0
BRDA:12,0,1,0
BRDA:12,1,0,0
BRDA:12,1,1,0
BRDA:47,2,0,0
BRDA:47,2,1,0
BRDA:47,3,0,0
BRDA:47,3,1,0
BRDA:68,4,0,0
BRDA:68,4,1,0
BRDA:74,5,0,0
BRDA:74,5,1,0
BRDA:74,5,2,0
BRDA:74,5,3,0
BRDA:74,5,4,0
BRDA:85,6,0,0
BRDA:85,6,1,0
BRDA:90,7,0,0
BRDA:90,7,1,0
BRDA:90,8,0,0
BRDA:90,8,1,0
BRDA:93,9,0,0
BRDA:93,9,1,0
BRDA:93,10,0,0
BRDA:93,10,1,0
BRDA:104,11,0,0
BRDA:104,11,1,0
BRDA:107,12,0,0
BRDA:107,12,1,0
BRDA:122,13,0,0
BRDA:122,13,1,0
BRDA:127,14,0,0
BRDA:127,14,1,0
BRDA:127,15,0,0
BRDA:127,15,1,0
BRDA:130,16,0,0
BRDA:130,16,1,0
BRDA:130,17,0,0
BRDA:130,17,1,0
BRDA:145,18,0,0
BRDA:145,18,1,0
BRDA:150,19,0,0
BRDA:150,19,1,0
BRDA:150,20,0,0
BRDA:150,20,1,0
BRDA:153,21,0,0
BRDA:153,21,1,0
BRDA:153,22,0,0
BRDA:153,22,1,0
BRDA:175,23,0,0
BRDA:175,23,1,0
BRF:51
BRH:0
end_of_record
TN:
SF:src\modules\uploads\routes\uploadsRoutes.js
FNF:0
FNH:0
DA:1,1
DA:2,1
DA:3,1
DA:5,1
DA:6,1
DA:9,1
DA:15,1
LF:7
LH:7
BRF:0
BRH:0
end_of_record
TN:
SF:src\modules\uploads\schemas\uploadsSchemas.js
FNF:0
FNH:0
DA:1,1
DA:3,1
DA:12,1
LF:3
LH:3
BRF:0
BRH:0
end_of_record
TN:
SF:src\repositories\factory.js
FN:20,(anonymous_0)
FN:39,(anonymous_1)
FN:50,(anonymous_2)
FN:61,(anonymous_3)
FN:72,(anonymous_4)
FN:83,(anonymous_5)
FN:94,(anonymous_6)
FN:105,(anonymous_7)
FN:116,(anonymous_8)
FN:127,(anonymous_9)
FN:141,(anonymous_10)
FN:207,(anonymous_11)
FN:239,(anonymous_12)
FN:250,(anonymous_13)
FN:259,(anonymous_14)
FNF:15
FNH:9
FNDA:3,(anonymous_0)
FNDA:6,(anonymous_1)
FNDA:9,(anonymous_2)
FNDA:3,(anonymous_3)
FNDA:3,(anonymous_4)
FNDA:3,(anonymous_5)
FNDA:3,(anonymous_6)
FNDA:3,(anonymous_7)
FNDA:3,(anonymous_8)
FNDA:0,(anonymous_9)
FNDA:0,(anonymous_10)
FNDA:0,(anonymous_11)
FNDA:0,(anonymous_12)
FNDA:0,(anonymous_13)
FNDA:0,(anonymous_14)
DA:4,3
DA:7,3
DA:10,3
DA:11,3
DA:12,3
DA:13,3
DA:14,3
DA:15,3
DA:16,3
DA:17,3
DA:22,3
DA:23,3
DA:24,3
DA:25,3
DA:27,3
DA:28,3
DA:31,3
DA:32,0
DA:35,3
DA:40,6
DA:42,6
DA:43,3
DA:44,3
DA:46,6
DA:51,9
DA:53,9
DA:54,3
DA:55,3
DA:57,9
DA:62,3
DA:64,3
DA:65,3
DA:66,3
DA:68,3
DA:73,3
DA:75,3
DA:76,3
DA:77,3
DA:79,3
DA:84,3
DA:86,3
DA:87,3
DA:88,3
DA:90,3
DA:95,3
DA:97,3
DA:98,3
DA:99,3
DA:101,3
DA:106,3
DA:108,3
DA:109,3
DA:110,3
DA:112,3
DA:117,3
DA:119,3
DA:120,3
DA:121,3
DA:123,3
DA:128,0
DA:142,0
DA:144,0
DA:146,0
DA:147,0
DA:148,0
DA:151,0
DA:153,0
DA:175,0
DA:183,0
DA:184,0
DA:187,0
DA:189,0
DA:191,0
DA:208,0
DA:240,0
DA:241,0
DA:251,0
DA:260,0
DA:261,0
DA:262,0
DA:271,0
DA:280,3
DA:282,3
DA:283,3
DA:285,3
LF:85
LH:62
BRDA:31,0,0,0
BRDA:31,0,1,3
BRDA:42,1,0,3
BRDA:42,1,1,3
BRDA:53,2,0,3
BRDA:53,2,1,6
BRDA:64,3,0,3
BRDA:64,3,1,0
BRDA:75,4,0,3
BRDA:75,4,1,0
BRDA:86,5,0,3
BRDA:86,5,1,0
BRDA:97,6,0,3
BRDA:97,6,1,0
BRDA:108,7,0,3
BRDA:108,7,1,0
BRDA:119,8,0,3
BRDA:119,8,1,0
BRDA:159,9,0,0
BRDA:159,9,1,0
BRDA:160,10,0,0
BRDA:160,10,1,0
BRDA:183,11,0,0
BRDA:183,11,1,0
BRDA:252,12,0,0
BRDA:252,12,1,0
BRF:26
BRH:11
end_of_record
TN:
SF:src\repositories\interfaces\IFeedbackRepository.js
FN:2,(anonymous_0)
FN:6,(anonymous_1)
FN:10,(anonymous_2)
FN:14,(anonymous_3)
FN:18,(anonymous_4)
FN:22,(anonymous_5)
FNF:6
FNH:0
FNDA:0,(anonymous_0)
FNDA:0,(anonymous_1)
FNDA:0,(anonymous_2)
FNDA:0,(anonymous_3)
FNDA:0,(anonymous_4)
FNDA:0,(anonymous_5)
DA:3,0
DA:7,0
DA:11,0
DA:15,0
DA:19,0
DA:23,0
DA:27,3
LF:7
LH:1
BRF:0
BRH:0
end_of_record
TN:
SF:src\repositories\interfaces\ILeaseRepository.js
FN:3,(anonymous_0)
FN:4,(anonymous_1)
FN:5,(anonymous_2)
FN:6,(anonymous_3)
FN:7,(anonymous_4)
FN:8,(anonymous_5)
FN:9,(anonymous_6)
FN:10,(anonymous_7)
FN:11,(anonymous_8)
FNF:9
FNH:0
FNDA:0,(anonymous_0)
FNDA:0,(anonymous_1)
FNDA:0,(anonymous_2)
FNDA:0,(anonymous_3)
FNDA:0,(anonymous_4)
FNDA:0,(anonymous_5)
FNDA:0,(anonymous_6)
FNDA:0,(anonymous_7)
FNDA:0,(anonymous_8)
DA:3,0
DA:4,0
DA:5,0
DA:6,0
DA:7,0
DA:8,0
DA:9,0
DA:10,0
DA:11,0
DA:14,3
LF:10
LH:1
BRDA:7,0,0,0
BRDA:8,1,0,0
BRDA:9,2,0,0
BRDA:11,3,0,0
BRF:4
BRH:0
end_of_record
TN:
SF:src\repositories\interfaces\IPaymentRepository.js
FN:3,(anonymous_0)
FN:4,(anonymous_1)
FN:5,(anonymous_2)
FN:6,(anonymous_3)
FN:7,(anonymous_4)
FN:8,(anonymous_5)
FN:9,(anonymous_6)
FN:10,(anonymous_7)
FN:11,(anonymous_8)
FNF:9
FNH:0
FNDA:0,(anonymous_0)
FNDA:0,(anonymous_1)
FNDA:0,(anonymous_2)
FNDA:0,(anonymous_3)
FNDA:0,(anonymous_4)
FNDA:0,(anonymous_5)
FNDA:0,(anonymous_6)
FNDA:0,(anonymous_7)
FNDA:0,(anonymous_8)
DA:3,0
DA:4,0
DA:5,0
DA:6,0
DA:7,0
DA:8,0
DA:9,0
DA:10,0
DA:11,0
DA:14,3
LF:10
LH:1
BRDA:7,0,0,0
BRDA:8,1,0,0
BRDA:9,2,0,0
BRDA:11,3,0,0
BRF:4
BRH:0
end_of_record
TN:
SF:src\repositories\interfaces\IPropertyMatchProfileRepository.js
FN:2,(anonymous_0)
FN:6,(anonymous_1)
FN:10,(anonymous_2)
FNF:3
FNH:0
FNDA:0,(anonymous_0)
FNDA:0,(anonymous_1)
FNDA:0,(anonymous_2)
DA:3,0
DA:7,0
DA:11,0
DA:15,3
LF:4
LH:1
BRF:0
BRH:0
end_of_record
TN:
SF:src\repositories\interfaces\IPropertyRepository.js
FN:8,(anonymous_0)
FN:17,(anonymous_1)
FN:27,(anonymous_2)
FN:36,(anonymous_3)
FN:45,(anonymous_4)
FN:55,(anonymous_5)
FN:65,(anonymous_6)
FN:75,(anonymous_7)
FNF:8
FNH:0
FNDA:0,(anonymous_0)
FNDA:0,(anonymous_1)
FNDA:0,(anonymous_2)
FNDA:0,(anonymous_3)
FNDA:0,(anonymous_4)
FNDA:0,(anonymous_5)
FNDA:0,(anonymous_6)
FNDA:0,(anonymous_7)
DA:9,0
DA:18,0
DA:28,0
DA:37,0
DA:46,0
DA:56,0
DA:66,0
DA:76,0
DA:80,3
LF:9
LH:1
BRDA:45,0,0,0
BRDA:55,1,0,0
BRDA:65,2,0,0
BRDA:75,3,0,0
BRF:4
BRH:0
end_of_record
TN:
SF:src\repositories\interfaces\ITenantProfileRepository.js
FN:2,(anonymous_0)
FN:6,(anonymous_1)
FN:10,(anonymous_2)
FN:14,(anonymous_3)
FN:18,(anonymous_4)
FNF:5
FNH:0
FNDA:0,(anonymous_0)
FNDA:0,(anonymous_1)
FNDA:0,(anonymous_2)
FNDA:0,(anonymous_3)
FNDA:0,(anonymous_4)
DA:3,0
DA:7,0
DA:11,0
DA:15,0
DA:19,0
DA:23,3
LF:6
LH:1
BRF:0
BRH:0
end_of_record
TN:
SF:src\repositories\interfaces\ITicketRepository.js
FN:3,(anonymous_0)
FN:4,(anonymous_1)
FN:5,(anonymous_2)
FN:6,(anonymous_3)
FN:7,(anonymous_4)
FN:8,(anonymous_5)
FN:9,(anonymous_6)
FN:10,(anonymous_7)
FN:11,(anonymous_8)
FNF:9
FNH:0
FNDA:0,(anonymous_0)
FNDA:0,(anonymous_1)
FNDA:0,(anonymous_2)
FNDA:0,(anonymous_3)
FNDA:0,(anonymous_4)
FNDA:0,(anonymous_5)
FNDA:0,(anonymous_6)
FNDA:0,(anonymous_7)
FNDA:0,(anonymous_8)
DA:3,0
DA:4,0
DA:5,0
DA:6,0
DA:7,0
DA:8,0
DA:9,0
DA:10,0
DA:11,0
DA:14,3
LF:10
LH:1
BRDA:7,0,0,0
BRDA:8,1,0,0
BRDA:9,2,0,0
BRDA:10,3,0,0
BRDA:11,4,0,0
BRF:5
BRH:0
end_of_record
TN:
SF:src\repositories\interfaces\IUserRepository.js
FN:3,(anonymous_0)
FN:4,(anonymous_1)
FN:5,(anonymous_2)
FN:6,(anonymous_3)
FN:7,(anonymous_4)
FN:8,(anonymous_5)
FN:9,(anonymous_6)
FN:10,(anonymous_7)
FNF:8
FNH:0
FNDA:0,(anonymous_0)
FNDA:0,(anonymous_1)
FNDA:0,(anonymous_2)
FNDA:0,(anonymous_3)
FNDA:0,(anonymous_4)
FNDA:0,(anonymous_5)
FNDA:0,(anonymous_6)
FNDA:0,(anonymous_7)
DA:3,0
DA:4,0
DA:5,0
DA:6,0
DA:7,0
DA:8,0
DA:9,0
DA:10,0
DA:13,3
LF:9
LH:1
BRDA:8,0,0,0
BRDA:10,1,0,0
BRF:2
BRH:0
end_of_record
TN:
SF:src\repositories\prisma\FeedbackRepository.js
FN:4,(anonymous_0)
FN:10,(anonymous_1)
FN:27,(anonymous_2)
FN:44,(anonymous_3)
FN:70,(anonymous_4)
FN:105,(anonymous_5)
FN:125,(anonymous_6)
FNF:7
FNH:1
FNDA:3,(anonymous_0)
FNDA:0,(anonymous_1)
FNDA:0,(anonymous_2)
FNDA:0,(anonymous_3)
FNDA:0,(anonymous_4)
FNDA:0,(anonymous_5)
FNDA:0,(anonymous_6)
DA:1,3
DA:5,3
DA:6,3
DA:7,3
DA:11,0
DA:28,0
DA:45,0
DA:47,0
DA:62,0
DA:71,0
DA:73,0
DA:74,0
DA:75,0
DA:76,0
DA:77,0
DA:79,0
DA:97,0
DA:106,0
DA:107,0
DA:120,0
DA:121,0
DA:126,0
DA:127,0
DA:130,0
DA:132,0
DA:133,0
DA:138,3
LF:27
LH:5
BRDA:44,0,0,0
BRDA:45,1,0,0
BRDA:45,2,0,0
BRDA:70,3,0,0
BRDA:71,4,0,0
BRDA:71,5,0,0
BRDA:71,6,0,0
BRDA:74,7,0,0
BRDA:74,7,1,0
BRDA:75,8,0,0
BRDA:75,8,1,0
BRDA:76,9,0,0
BRDA:76,9,1,0
BRDA:77,10,0,0
BRDA:77,10,1,0
BRDA:120,11,0,0
BRDA:120,11,1,0
BRDA:132,12,0,0
BRDA:132,12,1,0
BRF:19
BRH:0
end_of_record
TN:
SF:src\repositories\prisma\LeaseRepository.js
FN:5,(anonymous_0)
FN:11,(anonymous_1)
FN:40,(anonymous_2)
FN:69,(anonymous_3)
FN:102,(anonymous_4)
FN:116,(anonymous_5)
FN:171,(anonymous_6)
FN:195,(anonymous_7)
FN:220,(anonymous_8)
FN:254,(anonymous_9)
FN:296,(anonymous_10)
FN:299,(anonymous_11)
FNF:12
FNH:1
FNDA:3,(anonymous_0)
FNDA:0,(anonymous_1)
FNDA:0,(anonymous_2)
FNDA:0,(anonymous_3)
FNDA:0,(anonymous_4)
FNDA:0,(anonymous_5)
FNDA:0,(anonymous_6)
FNDA:0,(anonymous_7)
FNDA:0,(anonymous_8)
FNDA:0,(anonymous_9)
FNDA:0,(anonymous_10)
FNDA:0,(anonymous_11)
DA:2,3
DA:6,3
DA:7,3
DA:8,3
DA:12,0
DA:13,0
DA:36,0
DA:41,0
DA:42,0
DA:65,0
DA:70,0
DA:71,0
DA:95,0
DA:96,0
DA:98,0
DA:103,0
DA:104,0
DA:107,0
DA:109,0
DA:110,0
DA:112,0
DA:117,0
DA:124,0
DA:126,0
DA:127,0
DA:147,0
DA:160,0
DA:167,0
DA:172,0
DA:173,0
DA:175,0
DA:191,0
DA:196,0
DA:197,0
DA:199,0
DA:216,0
DA:221,0
DA:222,0
DA:223,0
DA:250,0
DA:255,0
DA:256,0
DA:257,0
DA:258,0
DA:260,0
DA:292,0
DA:297,0
DA:299,0
DA:300,0
DA:301,0
DA:302,0
DA:306,0
DA:310,3
LF:53
LH:5
BRDA:95,0,0,0
BRDA:95,0,1,0
BRDA:109,1,0,0
BRDA:109,1,1,0
BRDA:116,2,0,0
BRDA:119,3,0,0
BRDA:120,4,0,0
BRDA:121,5,0,0
BRDA:122,6,0,0
BRDA:123,7,0,0
BRDA:127,8,0,0
BRDA:127,8,1,0
BRDA:171,9,0,0
BRDA:173,10,0,0
BRDA:188,11,0,0
BRDA:188,11,1,0
BRDA:195,12,0,0
BRDA:197,13,0,0
BRDA:213,14,0,0
BRDA:213,14,1,0
BRDA:254,15,0,0
BRDA:301,16,0,0
BRDA:301,16,1,0
BRDA:301,17,0,0
BRDA:301,17,1,0
BRF:25
BRH:0
end_of_record
TN:
SF:src\repositories\prisma\PaymentRepository.js
FN:5,(anonymous_0)
FN:11,(anonymous_1)
FN:48,(anonymous_2)
FN:85,(anonymous_3)
FN:126,(anonymous_4)
FN:140,(anonymous_5)
FN:203,(anonymous_6)
FN:227,(anonymous_7)
FN:260,(anonymous_8)
FN:304,(anonymous_9)
FN:354,(anonymous_10)
FN:357,(anonymous_11)
FNF:12
FNH:1
FNDA:3,(anonymous_0)
FNDA:0,(anonymous_1)
FNDA:0,(anonymous_2)
FNDA:0,(anonymous_3)
FNDA:0,(anonymous_4)
FNDA:0,(anonymous_5)
FNDA:0,(anonymous_6)
FNDA:0,(anonymous_7)
FNDA:0,(anonymous_8)
FNDA:0,(anonymous_9)
FNDA:0,(anonymous_10)
FNDA:0,(anonymous_11)
DA:2,3
DA:6,3
DA:7,3
DA:8,3
DA:12,0
DA:13,0
DA:44,0
DA:49,0
DA:50,0
DA:81,0
DA:86,0
DA:87,0
DA:119,0
DA:120,0
DA:122,0
DA:127,0
DA:128,0
DA:131,0
DA:133,0
DA:134,0
DA:136,0
DA:141,0
DA:148,0
DA:150,0
DA:151,0
DA:179,0
DA:192,0
DA:199,0
DA:204,0
DA:205,0
DA:207,0
DA:223,0
DA:228,0
DA:229,0
DA:231,0
DA:256,0
DA:261,0
DA:262,0
DA:263,0
DA:300,0
DA:305,0
DA:306,0
DA:307,0
DA:308,0
DA:310,0
DA:350,0
DA:355,0
DA:357,0
DA:358,0
DA:359,0
DA:360,0
DA:364,0
DA:368,3
LF:53
LH:5
BRDA:119,0,0,0
BRDA:119,0,1,0
BRDA:133,1,0,0
BRDA:133,1,1,0
BRDA:140,2,0,0
BRDA:143,3,0,0
BRDA:144,4,0,0
BRDA:145,5,0,0
BRDA:146,6,0,0
BRDA:147,7,0,0
BRDA:151,8,0,0
BRDA:151,8,1,0
BRDA:203,9,0,0
BRDA:205,10,0,0
BRDA:220,11,0,0
BRDA:220,11,1,0
BRDA:227,12,0,0
BRDA:229,13,0,0
BRDA:253,14,0,0
BRDA:253,14,1,0
BRDA:304,15,0,0
BRDA:359,16,0,0
BRDA:359,16,1,0
BRDA:359,17,0,0
BRDA:359,17,1,0
BRF:25
BRH:0
end_of_record
TN:
SF:src\repositories\prisma\PropertyMatchProfileRepository.js
FN:4,(anonymous_0)
FN:10,(anonymous_1)
FN:24,(anonymous_2)
FN:40,(anonymous_3)
FNF:4
FNH:1
FNDA:3,(anonymous_0)
FNDA:0,(anonymous_1)
FNDA:0,(anonymous_2)
FNDA:0,(anonymous_3)
DA:1,3
DA:5,3
DA:6,3
DA:7,3
DA:11,0
DA:25,0
DA:41,0
DA:42,0
DA:45,0
DA:47,0
DA:48,0
DA:53,3
LF:12
LH:5
BRDA:47,0,0,0
BRDA:47,0,1,0
BRF:2
BRH:0
end_of_record
TN:
SF:src\repositories\prisma\PropertyRepository.js
FN:5,(anonymous_0)
FN:11,(anonymous_1)
FN:31,(anonymous_2)
FN:51,(anonymous_3)
FN:75,(anonymous_4)
FN:89,(anonymous_5)
FN:135,(anonymous_6)
FN:149,(anonymous_7)
FN:164,(anonymous_8)
FN:186,(anonymous_9)
FN:189,(anonymous_10)
FNF:11
FNH:1
FNDA:3,(anonymous_0)
FNDA:0,(anonymous_1)
FNDA:0,(anonymous_2)
FNDA:0,(anonymous_3)
FNDA:0,(anonymous_4)
FNDA:0,(anonymous_5)
FNDA:0,(anonymous_6)
FNDA:0,(anonymous_7)
FNDA:0,(anonymous_8)
FNDA:0,(anonymous_9)
FNDA:0,(anonymous_10)
DA:2,3
DA:6,3
DA:7,3
DA:8,3
DA:12,0
DA:13,0
DA:27,0
DA:32,0
DA:33,0
DA:47,0
DA:52,0
DA:53,0
DA:68,0
DA:69,0
DA:71,0
DA:76,0
DA:77,0
DA:80,0
DA:82,0
DA:83,0
DA:85,0
DA:90,0
DA:97,0
DA:99,0
DA:100,0
DA:111,0
DA:124,0
DA:131,0
DA:136,0
DA:137,0
DA:139,0
DA:145,0
DA:150,0
DA:151,0
DA:152,0
DA:154,0
DA:155,0
DA:156,0
DA:158,0
DA:160,0
DA:165,0
DA:166,0
DA:167,0
DA:169,0
DA:170,0
DA:171,0
DA:172,0
DA:175,0
DA:176,0
DA:177,0
DA:179,0
DA:181,0
DA:187,0
DA:189,0
DA:190,0
DA:192,0
DA:193,0
DA:197,0
DA:201,3
LF:59
LH:5
BRDA:68,0,0,0
BRDA:68,0,1,0
BRDA:82,1,0,0
BRDA:82,1,1,0
BRDA:89,2,0,0
BRDA:92,3,0,0
BRDA:93,4,0,0
BRDA:94,5,0,0
BRDA:95,6,0,0
BRDA:96,7,0,0
BRDA:100,8,0,0
BRDA:100,8,1,0
BRDA:135,9,0,0
BRDA:137,10,0,0
BRDA:142,11,0,0
BRDA:142,11,1,0
BRDA:149,12,0,0
BRDA:154,13,0,0
BRDA:154,13,1,0
BRDA:155,14,0,0
BRDA:155,14,1,0
BRDA:156,15,0,0
BRDA:156,15,1,0
BRDA:164,16,0,0
BRDA:169,17,0,0
BRDA:169,17,1,0
BRDA:169,18,0,0
BRDA:169,18,1,0
BRDA:171,19,0,0
BRDA:171,19,1,0
BRDA:172,20,0,0
BRDA:172,20,1,0
BRDA:175,21,0,0
BRDA:175,21,1,0
BRDA:176,22,0,0
BRDA:176,22,1,0
BRDA:177,23,0,0
BRDA:177,23,1,0
BRDA:192,24,0,0
BRDA:192,24,1,0
BRDA:192,25,0,0
BRDA:192,25,1,0
BRF:42
BRH:0
end_of_record
TN:
SF:src\repositories\prisma\TenantProfileRepository.js
FN:4,(anonymous_0)
FN:10,(anonymous_1)
FN:21,(anonymous_2)
FN:32,(anonymous_3)
FN:49,(anonymous_4)
FN:62,(anonymous_5)
FNF:6
FNH:1
FNDA:3,(anonymous_0)
FNDA:0,(anonymous_1)
FNDA:0,(anonymous_2)
FNDA:0,(anonymous_3)
FNDA:0,(anonymous_4)
FNDA:0,(anonymous_5)
DA:1,3
DA:5,3
DA:6,3
DA:7,3
DA:11,0
DA:22,0
DA:33,0
DA:34,0
DA:44,0
DA:45,0
DA:50,0
DA:63,0
DA:64,0
DA:67,0
DA:69,0
DA:70,0
DA:75,3
LF:17
LH:5
BRDA:44,0,0,0
BRDA:44,0,1,0
BRDA:69,1,0,0
BRDA:69,1,1,0
BRF:4
BRH:0
end_of_record
TN:
SF:src\repositories\prisma\TicketRepository.js
FN:4,(anonymous_0)
FN:9,(anonymous_1)
FN:47,(anonymous_2)
FN:78,(anonymous_3)
FN:117,(anonymous_4)
FN:127,(anonymous_5)
FN:164,(anonymous_6)
FN:172,(anonymous_7)
FN:200,(anonymous_8)
FN:208,(anonymous_9)
FN:236,(anonymous_10)
FN:244,(anonymous_11)
FN:278,(anonymous_12)
FN:286,(anonymous_13)
FN:320,(anonymous_14)
FN:328,(anonymous_15)
FN:337,(anonymous_16)
FNF:17
FNH:1
FNDA:3,(anonymous_0)
FNDA:0,(anonymous_1)
FNDA:0,(anonymous_2)
FNDA:0,(anonymous_3)
FNDA:0,(anonymous_4)
FNDA:0,(anonymous_5)
FNDA:0,(anonymous_6)
FNDA:0,(anonymous_7)
FNDA:0,(anonymous_8)
FNDA:0,(anonymous_9)
FNDA:0,(anonymous_10)
FNDA:0,(anonymous_11)
FNDA:0,(anonymous_12)
FNDA:0,(anonymous_13)
FNDA:0,(anonymous_14)
FNDA:0,(anonymous_15)
FNDA:0,(anonymous_16)
DA:2,3
DA:5,3
DA:6,3
DA:7,3
DA:10,0
DA:11,0
DA:41,0
DA:43,0
DA:48,0
DA:49,0
DA:72,0
DA:74,0
DA:79,0
DA:80,0
DA:81,0
DA:82,0
DA:83,0
DA:84,0
DA:86,0
DA:110,0
DA:112,0
DA:113,0
DA:118,0
DA:119,0
DA:120,0
DA:122,0
DA:123,0
DA:128,0
DA:129,0
DA:130,0
DA:160,0
DA:161,0
DA:163,0
DA:164,0
DA:168,0
DA:173,0
DA:174,0
DA:175,0
DA:176,0
DA:178,0
DA:199,0
DA:200,0
DA:204,0
DA:209,0
DA:210,0
DA:211,0
DA:212,0
DA:214,0
DA:235,0
DA:236,0
DA:240,0
DA:245,0
DA:246,0
DA:247,0
DA:277,0
DA:278,0
DA:282,0
DA:287,0
DA:288,0
DA:289,0
DA:319,0
DA:320,0
DA:324,0
DA:329,0
DA:330,0
DA:331,0
DA:332,0
DA:333,0
DA:334,0
DA:338,0
DA:366,3
LF:71
LH:5
BRDA:17,0,0,0
BRDA:17,0,1,0
BRDA:18,1,0,0
BRDA:18,1,1,0
BRDA:72,2,0,0
BRDA:72,2,1,0
BRDA:81,3,0,0
BRDA:81,3,1,0
BRDA:82,4,0,0
BRDA:82,4,1,0
BRDA:83,5,0,0
BRDA:83,5,1,0
BRDA:84,6,0,0
BRDA:84,6,1,0
BRDA:112,7,0,0
BRDA:112,7,1,0
BRDA:122,8,0,0
BRDA:122,8,1,0
BRDA:127,9,0,0
BRDA:127,10,0,0
BRDA:127,11,0,0
BRDA:172,12,0,0
BRDA:174,13,0,0
BRDA:174,14,0,0
BRDA:176,15,0,0
BRDA:176,15,1,0
BRDA:208,16,0,0
BRDA:210,17,0,0
BRDA:210,18,0,0
BRDA:212,19,0,0
BRDA:212,19,1,0
BRDA:244,20,0,0
BRDA:246,21,0,0
BRDA:246,22,0,0
BRDA:286,23,0,0
BRDA:288,24,0,0
BRDA:288,25,0,0
BRDA:330,26,0,0
BRDA:330,26,1,0
BRDA:331,27,0,0
BRDA:331,27,1,0
BRDA:332,28,0,0
BRDA:332,28,1,0
BRDA:333,29,0,0
BRDA:333,29,1,0
BRDA:348,30,0,0
BRDA:348,30,1,0
BRDA:355,31,0,0
BRDA:355,31,1,0
BRF:49
BRH:0
end_of_record
TN:
SF:src\repositories\prisma\UserRepository.js
FN:6,(anonymous_0)
FN:12,(anonymous_1)
FN:39,(anonymous_2)
FN:77,(anonymous_3)
FN:92,(anonymous_4)
FN:120,(anonymous_5)
FN:140,(anonymous_6)
FN:160,(anonymous_7)
FN:189,(anonymous_8)
FN:203,(anonymous_9)
FN:238,(anonymous_10)
FN:258,(anonymous_11)
FN:282,(anonymous_12)
FNF:13
FNH:1
FNDA:3,(anonymous_0)
FNDA:0,(anonymous_1)
FNDA:0,(anonymous_2)
FNDA:0,(anonymous_3)
FNDA:0,(anonymous_4)
FNDA:0,(anonymous_5)
FNDA:0,(anonymous_6)
FNDA:0,(anonymous_7)
FNDA:0,(anonymous_8)
FNDA:0,(anonymous_9)
FNDA:0,(anonymous_10)
FNDA:0,(anonymous_11)
FNDA:0,(anonymous_12)
DA:2,3
DA:3,3
DA:7,3
DA:8,3
DA:9,3
DA:13,0
DA:15,0
DA:16,0
DA:19,0
DA:34,0
DA:36,0
DA:40,0
DA:41,0
DA:43,0
DA:65,0
DA:66,0
DA:68,0
DA:71,0
DA:73,0
DA:74,0
DA:77,3
DA:78,0
DA:79,0
DA:80,0
DA:85,0
DA:86,0
DA:92,3
DA:93,0
DA:94,0
DA:95,0
DA:97,0
DA:99,0
DA:100,0
DA:106,0
DA:107,0
DA:113,0
DA:114,0
DA:121,0
DA:122,0
DA:136,0
DA:141,0
DA:142,0
DA:156,0
DA:161,0
DA:163,0
DA:164,0
DA:167,0
DA:182,0
DA:183,0
DA:185,0
DA:190,0
DA:191,0
DA:194,0
DA:196,0
DA:197,0
DA:199,0
DA:204,0
DA:205,0
DA:207,0
DA:227,0
DA:234,0
DA:239,0
DA:240,0
DA:245,0
DA:247,0
DA:248,0
DA:251,0
DA:252,0
DA:254,0
DA:259,0
DA:260,0
DA:262,0
DA:278,0
DA:283,0
DA:284,0
DA:286,0
DA:291,3
LF:77
LH:8
BRDA:15,0,0,0
BRDA:15,0,1,0
BRDA:65,1,0,0
BRDA:65,1,1,0
BRDA:99,2,0,0
BRDA:99,2,1,0
BRDA:163,3,0,0
BRDA:163,3,1,0
BRDA:182,4,0,0
BRDA:182,4,1,0
BRDA:196,5,0,0
BRDA:196,5,1,0
BRDA:203,6,0,0
BRDA:205,7,0,0
BRDA:205,8,0,0
BRDA:205,9,0,0
BRDA:205,10,0,0
BRDA:245,11,0,0
BRDA:245,11,1,0
BRDA:248,12,0,0
BRDA:248,12,1,0
BRDA:258,13,0,0
BRDA:260,14,0,0
BRDA:275,15,0,0
BRDA:275,15,1,0
BRDA:282,16,0,0
BRF:26
BRH:0
end_of_record
TN:
SF:src\routes\admin.js
FN:9,(anonymous_0)
FNF:1
FNH:0
FNDA:0,(anonymous_0)
DA:2,3
DA:3,3
DA:4,3
DA:5,3
DA:6,3
DA:9,3
DA:10,0
DA:11,0
DA:12,0
DA:18,0
DA:22,3
DA:23,3
DA:29,3
DA:35,3
DA:46,3
DA:59,3
DA:73,3
DA:82,3
DA:94,3
DA:99,3
DA:104,3
LF:21
LH:17
BRDA:11,0,0,0
BRDA:11,0,1,0
BRF:2
BRH:0
end_of_record
TN:
SF:src\routes\ai.js
FN:22,(anonymous_0)
FNF:1
FNH:0
FNDA:0,(anonymous_0)
DA:2,3
DA:3,3
DA:4,3
DA:7,3
DA:8,3
DA:9,3
DA:10,3
DA:13,3
DA:14,3
DA:15,3
DA:16,3
DA:19,3
DA:22,3
DA:23,0
DA:31,3
LF:15
LH:14
BRF:0
BRH:0
end_of_record
TN:
SF:src\routes\auth.js
FN:89,(anonymous_0)
FN:107,(anonymous_1)
FNF:2
FNH:0
FNDA:0,(anonymous_0)
FNDA:0,(anonymous_1)
DA:2,3
DA:3,3
DA:4,3
DA:5,3
DA:6,3
DA:8,3
DA:13,3
DA:38,3
DA:48,3
DA:53,3
DA:89,3
DA:90,0
DA:107,3
DA:108,0
DA:110,0
DA:111,0
DA:113,0
DA:118,0
DA:119,0
DA:126,3
LF:20
LH:13
BRF:0
BRH:0
end_of_record
TN:
SF:src\routes\feedback.js
FN:7,(anonymous_0)
FNF:1
FNH:0
FNDA:0,(anonymous_0)
DA:1,3
DA:2,3
DA:3,3
DA:5,3
DA:7,3
DA:8,0
DA:9,0
DA:10,0
DA:16,0
DA:20,3
DA:29,3
DA:36,3
LF:12
LH:8
BRDA:9,0,0,0
BRDA:9,0,1,0
BRF:2
BRH:0
end_of_record
TN:
SF:src\routes\health.js
FN:15,(anonymous_0)
FN:21,(anonymous_1)
FN:46,(anonymous_2)
FN:71,(anonymous_3)
FN:90,(anonymous_4)
FN:102,(anonymous_5)
FN:113,(anonymous_6)
FN:135,(anonymous_7)
FN:156,(anonymous_8)
FN:191,(anonymous_9)
FNF:10
FNH:1
FNDA:3,(anonymous_0)
FNDA:0,(anonymous_1)
FNDA:0,(anonymous_2)
FNDA:0,(anonymous_3)
FNDA:0,(anonymous_4)
FNDA:0,(anonymous_5)
FNDA:0,(anonymous_6)
FNDA:0,(anonymous_7)
FNDA:0,(anonymous_8)
FNDA:0,(anonymous_9)
DA:2,3
DA:3,3
DA:4,3
DA:5,3
DA:8,3
DA:16,3
DA:22,0
DA:23,0
DA:26,0
DA:28,0
DA:35,0
DA:47,0
DA:48,0
DA:51,0
DA:52,0
DA:54,0
DA:63,0
DA:72,0
DA:73,0
DA:75,0
DA:91,0
DA:92,0
DA:93,0
DA:95,0
DA:96,0
DA:97,0
DA:103,0
DA:106,0
DA:112,0
DA:113,0
DA:115,0
DA:130,3
DA:135,3
DA:136,0
DA:137,0
DA:139,0
DA:145,0
DA:156,3
DA:157,0
DA:159,0
DA:160,0
DA:161,0
DA:165,0
DA:168,0
DA:175,0
DA:177,0
DA:179,0
DA:191,3
DA:192,0
DA:199,0
DA:202,3
LF:51
LH:11
BRDA:95,0,0,0
BRDA:95,0,1,0
BRDA:96,1,0,0
BRDA:96,1,1,0
BRDA:116,2,0,0
BRDA:116,2,1,0
BRDA:160,3,0,0
BRDA:160,3,1,0
BRDA:160,4,0,0
BRDA:160,4,1,0
BRDA:175,5,0,0
BRDA:175,5,1,0
BRF:12
BRH:0
end_of_record
TN:
SF:src\routes\landlords.js
FN:8,(anonymous_0)
FNF:1
FNH:0
FNDA:0,(anonymous_0)
DA:2,3
DA:3,3
DA:4,3
DA:5,3
DA:8,3
DA:9,0
DA:10,0
DA:11,0
DA:17,0
DA:23,3
DA:29,3
LF:11
LH:7
BRDA:10,0,0,0
BRDA:10,0,1,0
BRF:2
BRH:0
end_of_record
TN:
SF:src\routes\leases.js
FN:8,(anonymous_0)
FNF:1
FNH:0
FNDA:0,(anonymous_0)
DA:2,3
DA:3,3
DA:4,3
DA:5,3
DA:8,3
DA:9,0
DA:10,0
DA:11,0
DA:17,0
DA:23,3
DA:35,3
DA:43,3
DA:57,3
DA:70,3
DA:78,3
DA:87,3
DA:96,3
DA:101,3
DA:106,3
LF:19
LH:15
BRDA:10,0,0,0
BRDA:10,0,1,0
BRF:2
BRH:0
end_of_record
TN:
SF:src\routes\maintenance.js
FNF:0
FNH:0
DA:2,3
DA:3,3
DA:4,3
DA:5,3
DA:6,3
DA:11,3
DA:25,3
DA:30,3
DA:35,3
DA:48,3
DA:53,3
DA:58,3
DA:67,3
DA:72,3
LF:14
LH:14
BRF:0
BRH:0
end_of_record
TN:
SF:src\routes\paymentIntegration.js
FN:18,(anonymous_0)
FNF:1
FNH:0
FNDA:0,(anonymous_0)
DA:2,3
DA:3,3
DA:4,3
DA:7,3
DA:10,3
DA:11,3
DA:14,3
DA:15,3
DA:18,3
DA:19,0
DA:26,3
LF:11
LH:10
BRF:0
BRH:0
end_of_record
TN:
SF:src\routes\payments.js
FN:47,(anonymous_0)
FNF:1
FNH:0
FNDA:0,(anonymous_0)
DA:2,3
DA:3,3
DA:4,3
DA:5,3
DA:6,3
DA:11,3
DA:24,3
DA:29,3
DA:34,3
DA:44,3
DA:47,0
DA:53,3
DA:58,3
DA:66,3
DA:68,3
LF:15
LH:14
BRF:0
BRH:0
end_of_record
TN:
SF:src\routes\profiles.js
FN:10,(anonymous_0)
FN:18,(anonymous_1)
FN:76,(anonymous_2)
FN:110,(anonymous_3)
FN:142,(anonymous_4)
FN:147,(anonymous_5)
FNF:6
FNH:0
FNDA:0,(anonymous_0)
FNDA:0,(anonymous_1)
FNDA:0,(anonymous_2)
FNDA:0,(anonymous_3)
FNDA:0,(anonymous_4)
FNDA:0,(anonymous_5)
DA:1,3
DA:2,3
DA:3,3
DA:4,3
DA:5,3
DA:7,3
DA:10,3
DA:11,0
DA:12,0
DA:14,0
DA:18,3
DA:19,0
DA:20,0
DA:21,0
DA:27,0
DA:31,3
DA:46,3
DA:58,3
DA:60,3
DA:62,3
DA:68,3
DA:76,3
DA:77,0
DA:78,0
DA:81,0
DA:84,0
DA:85,0
DA:87,0
DA:90,0
DA:91,0
DA:93,0
DA:101,0
DA:102,0
DA:110,3
DA:111,0
DA:112,0
DA:114,0
DA:115,0
DA:122,0
DA:123,0
DA:125,0
DA:126,0
DA:128,0
DA:134,0
DA:135,0
DA:142,3
DA:144,0
DA:145,0
DA:147,3
DA:148,0
DA:149,0
DA:150,0
DA:157,0
DA:159,3
LF:54
LH:19
BRDA:11,0,0,0
BRDA:11,0,1,0
BRDA:20,1,0,0
BRDA:20,1,1,0
BRF:4
BRH:0
end_of_record
TN:
SF:src\routes\properties.js
FN:9,(anonymous_0)
FNF:1
FNH:0
FNDA:0,(anonymous_0)
DA:2,3
DA:3,3
DA:4,3
DA:5,3
DA:6,3
DA:9,3
DA:10,0
DA:11,0
DA:12,0
DA:18,0
DA:25,3
DA:40,3
DA:47,3
DA:52,3
DA:73,3
DA:95,3
DA:101,3
LF:17
LH:13
BRDA:11,0,0,0
BRDA:11,0,1,0
BRF:2
BRH:0
end_of_record
TN:
SF:src\routes\rentalApplications.js
FN:24,(anonymous_0)
FN:55,(anonymous_1)
FN:74,(anonymous_2)
FN:84,(anonymous_3)
FN:99,(anonymous_4)
FN:197,(anonymous_5)
FNF:6
FNH:0
FNDA:0,(anonymous_0)
FNDA:0,(anonymous_1)
FNDA:0,(anonymous_2)
FNDA:0,(anonymous_3)
FNDA:0,(anonymous_4)
FNDA:0,(anonymous_5)
DA:2,3
DA:3,3
DA:4,3
DA:5,3
DA:6,3
DA:9,3
DA:12,3
DA:24,3
DA:25,0
DA:26,0
DA:27,0
DA:33,0
DA:37,3
DA:56,0
DA:57,0
DA:58,0
DA:60,0
DA:75,0
DA:76,0
DA:78,0
DA:85,0
DA:86,0
DA:88,0
DA:99,3
DA:100,0
DA:112,3
DA:132,3
DA:145,3
DA:157,3
DA:176,3
DA:192,3
DA:198,0
DA:199,0
DA:200,0
DA:202,0
DA:208,0
DA:209,0
DA:223,3
DA:236,3
DA:253,3
DA:260,3
LF:41
LH:20
BRDA:26,0,0,0
BRDA:26,0,1,0
BRDA:57,1,0,0
BRDA:57,1,1,0
BRDA:75,2,0,0
BRDA:75,2,1,0
BRDA:85,3,0,0
BRDA:85,3,1,0
BRDA:212,4,0,0
BRDA:212,4,1,0
BRF:10
BRH:0
end_of_record
TN:
SF:src\routes\tenants.js
FN:8,(anonymous_0)
FNF:1
FNH:0
FNDA:0,(anonymous_0)
DA:2,3
DA:3,3
DA:4,3
DA:5,3
DA:8,3
DA:9,0
DA:10,0
DA:11,0
DA:17,0
DA:23,3
DA:29,3
LF:11
LH:7
BRDA:10,0,0,0
BRDA:10,0,1,0
BRF:2
BRH:0
end_of_record
TN:
SF:src\routes\test-profiles.js
FN:5,(anonymous_0)
FN:37,(anonymous_1)
FNF:2
FNH:0
FNDA:0,(anonymous_0)
FNDA:0,(anonymous_1)
DA:1,3
DA:2,3
DA:5,3
DA:6,0
DA:7,0
DA:9,0
DA:10,0
DA:13,0
DA:14,0
DA:17,0
DA:18,0
DA:20,0
DA:28,0
DA:29,0
DA:37,3
DA:38,0
DA:39,0
DA:41,0
DA:42,0
DA:45,0
DA:46,0
DA:58,0
DA:59,0
DA:61,0
DA:62,0
DA:64,0
DA:70,0
DA:71,0
DA:79,3
LF:29
LH:5
BRF:0
BRH:0
end_of_record
TN:
SF:src\routes\users.js
FN:9,(anonymous_0)
FNF:1
FNH:0
FNDA:0,(anonymous_0)
DA:2,3
DA:3,3
DA:4,3
DA:5,3
DA:6,3
DA:9,3
DA:10,0
DA:11,0
DA:12,0
DA:18,0
DA:23,3
DA:34,3
DA:39,3
DA:48,3
DA:53,3
DA:61,3
DA:74,3
DA:88,3
DA:93,3
LF:19
LH:15
BRDA:11,0,0,0
BRDA:11,0,1,0
BRF:2
BRH:0
end_of_record
TN:
SF:src\services\openaiService.js
FN:8,(anonymous_0)
FN:95,(anonymous_1)
FNF:2
FNH:0
FNDA:0,(anonymous_0)
FNDA:0,(anonymous_1)
DA:2,3
DA:4,3
DA:8,3
DA:9,0
DA:11,0
DA:12,0
DA:14,0
DA:15,0
DA:18,0
DA:20,0
DA:28,0
DA:54,0
DA:70,0
DA:78,0
DA:81,0
DA:82,0
DA:84,0
DA:95,3
DA:96,0
DA:97,0
DA:99,0
DA:176,3
LF:22
LH:5
BRDA:8,0,0,0
BRDA:11,1,0,0
BRDA:11,1,1,0
BRDA:12,2,0,0
BRDA:12,2,1,0
BRDA:14,3,0,0
BRDA:14,3,1,0
BRDA:35,4,0,0
BRDA:35,4,1,0
BRDA:36,5,0,0
BRDA:36,5,1,0
BRDA:37,6,0,0
BRDA:37,6,1,0
BRDA:38,7,0,0
BRDA:38,7,1,0
BRDA:97,8,0,0
BRDA:97,8,1,0
BRDA:128,9,0,0
BRDA:128,9,1,0
BRDA:129,10,0,0
BRDA:129,10,1,0
BRDA:130,11,0,0
BRDA:130,11,1,0
BRF:23
BRH:0
end_of_record
TN:
SF:src\services\plaidService.js
FN:7,(anonymous_0)
FN:31,(anonymous_1)
FN:53,(anonymous_2)
FN:59,(anonymous_3)
FNF:4
FNH:0
FNDA:0,(anonymous_0)
FNDA:0,(anonymous_1)
FNDA:0,(anonymous_2)
FNDA:0,(anonymous_3)
DA:2,3
DA:3,3
DA:8,0
DA:10,0
DA:12,0
DA:23,0
DA:25,0
DA:26,0
DA:32,0
DA:34,0
DA:36,0
DA:45,0
DA:47,0
DA:48,0
DA:54,0
DA:60,0
DA:76,3
LF:17
LH:3
BRF:0
BRH:0
end_of_record
TN:
SF:src\services\stripeService.js
FN:7,(anonymous_0)
FN:63,(anonymous_1)
FN:98,(anonymous_2)
FN:107,(anonymous_3)
FNF:4
FNH:0
FNDA:0,(anonymous_0)
FNDA:0,(anonymous_1)
FNDA:0,(anonymous_2)
FNDA:0,(anonymous_3)
DA:2,3
DA:3,3
DA:8,0
DA:10,0
DA:11,0
DA:13,0
DA:28,0
DA:31,0
DA:41,0
DA:55,0
DA:57,0
DA:58,0
DA:64,0
DA:66,0
DA:67,0
DA:70,0
DA:72,0
DA:90,0
DA:92,0
DA:93,0
DA:99,0
DA:108,0
DA:118,3
LF:23
LH:3
BRDA:10,0,0,0
BRDA:10,0,1,0
BRDA:66,1,0,0
BRDA:66,1,1,0
BRDA:79,2,0,0
BRDA:79,2,1,0
BRF:6
BRH:0
end_of_record
TN:
SF:src\utils\pdf.js
FN:3,(anonymous_0)
FN:21,(anonymous_1)
FN:22,(anonymous_2)
FN:23,(anonymous_3)
FNF:4
FNH:0
FNDA:0,(anonymous_0)
FNDA:0,(anonymous_1)
FNDA:0,(anonymous_2)
FNDA:0,(anonymous_3)
DA:1,1
DA:3,1
DA:4,0
DA:7,0
DA:8,0
DA:13,0
DA:16,0
DA:21,0
DA:22,0
DA:23,0
DA:24,0
DA:25,0
DA:27,0
DA:31,0
DA:257,0
DA:259,0
DA:270,0
DA:271,0
DA:274,0
DA:275,0
DA:277,0
DA:278,0
DA:283,1
LF:23
LH:3
BRDA:16,0,0,0
BRDA:16,0,1,0
BRDA:16,0,2,0
BRDA:17,1,0,0
BRDA:17,1,1,0
BRDA:17,2,0,0
BRDA:17,2,1,0
BRDA:21,3,0,0
BRDA:21,3,1,0
BRDA:22,4,0,0
BRDA:22,4,1,0
BRDA:25,5,0,0
BRDA:25,5,1,0
BRDA:175,6,0,0
BRDA:175,6,1,0
BRDA:207,7,0,0
BRDA:207,7,1,0
BRDA:211,8,0,0
BRDA:211,8,1,0
BRDA:219,9,0,0
BRDA:219,9,1,0
BRDA:223,10,0,0
BRDA:223,10,1,0
BRDA:227,11,0,0
BRDA:227,11,1,0
BRDA:277,12,0,0
BRDA:277,12,1,0
BRF:27
BRH:0
end_of_record
TN:
SF:tests\factories\remindersFactory.js
FN:3,createReminderSchedule
FN:25,createUser
FNF:2
FNH:2
FNDA:1,createReminderSchedule
FNDA:1,createUser
DA:1,1
DA:4,1
DA:5,1
DA:7,1
DA:26,1
DA:27,1
DA:37,1
LF:7
LH:7
BRDA:3,0,0,0
BRDA:9,1,0,1
BRDA:9,1,1,0
BRDA:10,2,0,1
BRDA:10,2,1,1
BRDA:11,3,0,1
BRDA:11,3,1,1
BRDA:12,4,0,1
BRDA:12,4,1,1
BRDA:13,5,0,1
BRDA:13,5,1,0
BRDA:14,6,0,1
BRDA:14,6,1,1
BRDA:15,7,0,1
BRDA:15,7,1,1
BRDA:16,8,0,1
BRDA:16,8,1,1
BRDA:18,9,0,1
BRDA:18,9,1,0
BRDA:19,10,0,1
BRDA:19,10,1,1
BRDA:20,11,0,1
BRDA:20,11,1,1
BRDA:25,12,0,0
BRDA:29,13,0,1
BRDA:29,13,1,1
BRDA:30,14,0,1
BRDA:30,14,1,0
BRDA:31,15,0,1
BRDA:31,15,1,1
BRDA:32,16,0,1
BRDA:32,16,1,1
BRF:32
BRH:26
end_of_record
TN:
SF:tests\utils\testPrisma.js
FN:5,getClient
FN:15,beforeAllDb
FN:16,afterAllDb
FN:20,resetDb
FN:23,(anonymous_4)
FN:23,(anonymous_5)
FN:26,(anonymous_6)
FN:27,(anonymous_7)
FN:28,(anonymous_8)
FN:29,(anonymous_9)
FN:30,(anonymous_10)
FN:31,(anonymous_11)
FNF:12
FNH:1
FNDA:8,getClient
FNDA:0,beforeAllDb
FNDA:0,afterAllDb
FNDA:0,resetDb
FNDA:0,(anonymous_4)
FNDA:0,(anonymous_5)
FNDA:0,(anonymous_6)
FNDA:0,(anonymous_7)
FNDA:0,(anonymous_8)
FNDA:0,(anonymous_9)
FNDA:0,(anonymous_10)
FNDA:0,(anonymous_11)
DA:2,5
DA:6,8
DA:8,5
DA:9,5
DA:11,8
DA:16,0
DA:21,0
DA:22,0
DA:23,0
DA:26,0
DA:27,0
DA:28,0
DA:29,0
DA:30,0
DA:31,0
DA:33,0
DA:36,5
LF:17
LH:6
BRDA:6,0,0,5
BRDA:6,0,1,3
BRDA:8,1,0,5
BRDA:8,1,1,0
BRDA:16,2,0,0
BRDA:16,2,1,0
BRF:6
BRH:3
end_of_record
